TMS320C6x COFF Assembler         Version 4.10     Fri Jun 12 17:23:27 2026
Copyright (c) 1996-2001 Texas Instruments Incorporated
temp\main.asm                                                        PAGE    1

       1                    ;******************************************************************************
       2                    ;* TMS320C6x ANSI C Codegen                                      Version 4.10 *
       3                    ;* Date/Time created: Fri Jun 12 17:23:27 2026                                *
       4                    ;******************************************************************************
       5                    
       6                    ;******************************************************************************
       7                    ;* GLOBAL FILE PARAMETERS                                                     *
       8                    ;*                                                                            *
       9                    ;*   Architecture      : TMS320C670x                                          *
      10                    ;*   Optimization      : Disabled                                             *
      11                    ;*   Optimizing for    : Compile time, Ease of Development                    *
      12                    ;*                       Based on options: no -o, no -ms                      *
      13                    ;*   Endian            : Little                                               *
      14                    ;*   Interrupt Thrshld : Disabled                                             *
      15                    ;*   Memory Model      : Large                                                *
      16                    ;*   Calls to RTS      : Far                                                  *
      17                    ;*   Pipelining        : Disabled                                             *
      18                    ;*   Memory Aliases    : Presume are aliases (pessimistic)                    *
      19                    ;*   Debug Info        : No Debug Info                                        *
      20                    ;*                                                                            *
      21                    ;******************************************************************************
      22                    
      23                            .asg    A15, FP
      24                            .asg    B14, DP
      25                            .asg    B15, SP
      26                            .global $bss
      27                    
      28                            .global _TINTCnt
      29 00000000           _TINTCnt:       .usect  .far,4,4
      30                    ;       acp6x -q -D_FAR_RTS=1 --large_model=3 --version=6701 -m --i_output_file C:\Users\W10\AppData\L
      31 00000000                   .sect   ".text"
      32                            .global _InitEXINTF
      33                    
      34                    ;******************************************************************************
      35                    ;* FUNCTION NAME: _InitEXINTF                                                 *
      36                    ;*                                                                            *
      37                    ;*   Regs Modified     : A0,A3,A4,B4,B5,B6                                    *
      38                    ;*   Regs Used         : A0,A3,A4,B3,B4,B5,B6                                 *
      39                    ;*   Local Frame Size  : 0 Args + 0 Auto + 0 Save = 0 byte                    *
      40                    ;******************************************************************************
      41 00000000           _InitEXINTF:
      42                    ;** --------------------------------------------------------------------------*
      43 00000000 000008C0             ZERO    .D1     A0                ; |18| 
      44 00000004 0000C068             MVKH    .S1     0x1800000,A0      ; |18| 
      45 00000008 02000264             LDW     .D1T1   *A0,A4            ; |18| 
      46 0000000c 0280042A             MVKL    .S2     0x1800008,B5      ; |21| 
      47 00000010 030410AA             MVKL    .S2     0x22120821,B6     ; |33| 
      48 00000014 000C0362             B       .S2     B3                ; |43| 
      49                    
      50 00000018 0200082B             MVKL    .S2     0x1800010,B4      ; |33| 
      51 0000001c 018190A8  ||         MVKL    .S1     0xd00321,A3       ; |21| 
      52                    
      53 00000020 021065C9             CLR     .S1     A4,3,5,A4         ; |18| 
      54 00000024 0280C06A  ||         MVKH    .S2     0x1800008,B5      ; |21| 
      55                    
TMS320C6x COFF Assembler         Version 4.10     Fri Jun 12 17:23:27 2026
Copyright (c) 1996-2001 Texas Instruments Incorporated
temp\main.asm                                                        PAGE    2

      56 00000028 02000275             STW     .D1T1   A4,*A0            ; |18| 
      57 0000002c 0311096B  ||         MVKH    .S2     0x22120821,B6     ; |33| 
      58 00000030 01806868  ||         MVKH    .S1     0xd00321,A3       ; |21| 
      59                    
      60 00000034 019402F5             STW     .D2T1   A3,*B5            ; |21| 
      61 00000038 0200C06A  ||         MVKH    .S2     0x1800010,B4      ; |33| 
      62                    
      63 0000003c 031002F6             STW     .D2T2   B6,*B4            ; |33| 
      64                               ; BRANCH OCCURS                   ; |43| 
      65                    
      66                    
      67 00000040                   .sect   ".text"
      68                            .global _InitTimer
      69                    
      70                    ;******************************************************************************
      71                    ;* FUNCTION NAME: _InitTimer                                                  *
      72                    ;*                                                                            *
      73                    ;*   Regs Modified     : A0,A3,B4,B5                                          *
      74                    ;*   Regs Used         : A0,A3,B3,B4,B5                                       *
      75                    ;*   Local Frame Size  : 0 Args + 0 Auto + 0 Save = 0 byte                    *
      76                    ;******************************************************************************
      77 00000040           _InitTimer:
      78                    ;** --------------------------------------------------------------------------*
      79 00000040 020008C2             ZERO    .D2     B4                ; |48| 
      80 00000044 0200CA6A             MVKH    .S2     0x1940000,B4      ; |48| 
      81 00000048 029002E6             LDW     .D2T2   *B4,B5            ; |48| 
      82 0000004c 00000228             MVKL    .S1     0x1940004,A0      ; |51| 
      83 00000050 0000CA68             MVKH    .S1     0x1940004,A0      ; |51| 
      84 00000054 018008C0             ZERO    .D1     A3                ; |54| 
      85 00000058 0180CA68             MVKH    .S1     0x1940000,A3      ; |54| 
      86 0000005c 0295098A             SET     .S2     B5,8,9,B5         ; |48| 
      87                    
      88 00000060 0227102B             MVK     .S2     20000,B4          ; |51| 
      89 00000064 029002F6  ||         STW     .D2T2   B5,*B4            ; |48| 
      90                    
      91 00000068 02000276             STW     .D1T2   B4,*A0            ; |51| 
      92 0000006c 000C0264             LDW     .D1T1   *A3,A0            ; |54| 
      93 00000070 000C0362             B       .S2     B3                ; |55| 
      94 00000074 00004000             NOP             3
      95 00000078 0000C788             SET     .S1     A0,6,7,A0         ; |54| 
      96 0000007c 000C0274             STW     .D1T1   A0,*A3            ; |54| 
      97                               ; BRANCH OCCURS                   ; |55| 
      98                    
      99                    
     100 00000080                   .sect   ".text"
     101                            .global _InitINT
     102                    
     103                    ;******************************************************************************
     104                    ;* FUNCTION NAME: _InitINT                                                    *
     105                    ;*                                                                            *
     106                    ;*   Regs Modified     : A0,B4                                                *
     107                    ;*   Regs Used         : A0,B3,B4                                             *
     108                    ;*   Local Frame Size  : 0 Args + 0 Auto + 0 Save = 0 byte                    *
     109                    ;******************************************************************************
     110 00000080           _InitINT:
TMS320C6x COFF Assembler         Version 4.10     Fri Jun 12 17:23:27 2026
Copyright (c) 1996-2001 Texas Instruments Incorporated
temp\main.asm                                                        PAGE    3

     111                    ;** --------------------------------------------------------------------------*
     112 00000080 021003E2             MVC     .S2     IER,B4            ; |60| 
     113 00000084 00202128             MVK     .S1     16450,A0          ; |60| 
     114 00000088 020096E2             OR      .S2X    A0,B4,B4          ; |60| 
     115 0000008c 021003A2             MVC     .S2     B4,IER            ; |60| 
     116 00000090 000C0362             B       .S2     B3                ; |61| 
     117 00000094 00008000             NOP             5
     118                               ; BRANCH OCCURS                   ; |61| 
     119                    
     120                    
     121 00000098                   .sect   ".text"
     122                            .global _GIE
     123                    
     124                    ;******************************************************************************
     125                    ;* FUNCTION NAME: _GIE                                                        *
     126                    ;*                                                                            *
     127                    ;*   Regs Modified     : B4                                                   *
     128                    ;*   Regs Used         : B3,B4                                                *
     129                    ;*   Local Frame Size  : 0 Args + 0 Auto + 0 Save = 0 byte                    *
     130                    ;******************************************************************************
     131 00000098           _GIE:
     132                    ;** --------------------------------------------------------------------------*
     133 00000098 020403E2             MVC     .S2     CSR,B4            ; |66| 
     134 0000009c 021026A2             OR      .S2     1,B4,B4           ; |66| 
     135 000000a0 009003A2             MVC     .S2     B4,CSR            ; |66| 
     136 000000a4 000C0362             B       .S2     B3                ; |67| 
     137 000000a8 00008000             NOP             5
     138                               ; BRANCH OCCURS                   ; |67| 
     139                    
     140                    
     141 000000ac                   .sect   ".text"
     142                            .global _delay_us
     143                    
     144                    ;******************************************************************************
     145                    ;* FUNCTION NAME: _delay_us                                                   *
     146                    ;*                                                                            *
     147                    ;*   Regs Modified     : B0,B4,B5,B6,SP                                       *
     148                    ;*   Regs Used         : A4,B0,B3,B4,B5,B6,SP                                 *
     149                    ;*   Local Frame Size  : 0 Args + 4 Auto + 0 Save = 4 byte                    *
     150                    ;******************************************************************************
     151 000000ac           _delay_us:
     152                    ;** --------------------------------------------------------------------------*
     153 000000ac 021011A2             MV      .S2X    A4,B4             ; |71| 
     154 000000b0 02908CA2             SHL     .S2     B4,4,B5           ; |74| 
     155                    
     156 000000b4 020425E3             ZERO    .S2     B4                ; |74| 
     157 000000b8 02949AC2  ||         SUBAH   .D2     B5,B4,B5          ; |74| 
     158                    
     159 000000bc 00148BFA             CMPLTU  .L2     B4,B5,B0          ; |74| 
     160 000000c0 30000710     [!B0]   B       .S1     L2                ; |74| 
     161 000000c4 07BD09C2             SUB     .D2     SP,8,SP           ; |71| 
     162 000000c8 023C22F4             STW     .D2T1   A4,*+SP(4)        ; |71| 
     163 000000cc 22BC22E6     [ B0]   LDW     .D2T2   *+SP(4),B5        ; |74| 
     164 000000d0 00002000             NOP             2
     165                               ; BRANCH OCCURS                   ; |74| 
TMS320C6x COFF Assembler         Version 4.10     Fri Jun 12 17:23:27 2026
Copyright (c) 1996-2001 Texas Instruments Incorporated
temp\main.asm                                                        PAGE    4

     166                    ;** --------------------------------------------------------------------------*
     167 000000d4 00002000             NOP             2
     168                    ;*----------------------------------------------------------------------------*
     169                    ;*   SOFTWARE PIPELINE INFORMATION
     170                    ;*      Disqualified loop: software pipelining disabled
     171                    ;*----------------------------------------------------------------------------*
     172 000000d8           L1:    
     173 000000d8 03148CA2             SHL     .S2     B5,4,B6           ; |74| 
     174                    
     175 000000e0 0298BAC3             SUBAH   .D2     B6,B5,B5          ; |74| 
     176 000000e4 021021A2  ||         ADD     .S2     1,B4,B4           ; |74| 
     177                    
     178 000000e8 00148BFA             CMPLTU  .L2     B4,B5,B0          ; |74| 
     179 000000ec 2FFFFF10     [ B0]   B       .S1     L1                ; |74| 
     180 000000f0 22BC22E6     [ B0]   LDW     .D2T2   *+SP(4),B5        ; |74| 
     181 000000f4 00006000             NOP             4
     182                               ; BRANCH OCCURS                   ; |74| 
     183                    ;** --------------------------------------------------------------------------*
     184 000000f8           L2:    
     185 000000f8 000C0362             B       .S2     B3                ; |75| 
     186 000000fc 07BD0942             ADD     .D2     8,SP,SP           ; |75| 
     187 00000100 00006000             NOP             4
     188                               ; BRANCH OCCURS                   ; |75| 
     189                    
     190                    
     191 00000104                   .sect   ".text"
     192                            .global _delay_ms
     193                    
     194                    ;******************************************************************************
     195                    ;* FUNCTION NAME: _delay_ms                                                   *
     196                    ;*                                                                            *
     197                    ;*   Regs Modified     : A4,B0,B3,B4,B5,B6,B7,B9,SP                           *
     198                    ;*   Regs Used         : A4,B0,B3,B4,B5,B6,B7,B9,SP                           *
     199                    ;*   Local Frame Size  : 0 Args + 4 Auto + 0 Save = 4 byte                    *
     200                    ;******************************************************************************
     201 00000104           _delay_ms:
     202                    ;** --------------------------------------------------------------------------*
     203 00000104 038008C2             ZERO    .D2     B7                ; |82| 
     204 00000108 0010FBFA             CMPLTU  .L2X    B7,A4,B0
     205 0000010c 30000B10     [!B0]   B       .S1     L4                ; |82| 
     206 00000110 07BD09C2             SUB     .D2     SP,8,SP           ; |79| 
     207 00000114 023C22F4             STW     .D2T1   A4,*+SP(4)        ; |79| 
     208 00000118 048C005A             MV      .L2     B3,B9             ; |79| 
     209 0000011c 2200562A'    [ B0]   MVKL    .S2     _delay_us,B4      ; |83| 
     210 00000120 2200006A'    [ B0]   MVKH    .S2     _delay_us,B4      ; |83| 
     211                               ; BRANCH OCCURS                   ; |82| 
     212                    ;*----------------------------------------------------------------------------*
     213                    ;*   SOFTWARE PIPELINE INFORMATION
     214                    ;*      Disqualified loop: software pipelining disabled
     215                    ;*----------------------------------------------------------------------------*
     216 00000124           L3:    
     217 00000124 00100362             B       .S2     B4                ; |83| 
     218 00000128 01809C2A'            MVKL    .S2     RL0,B3            ; |83| 
     219 0000012c 0180006A'            MVKH    .S2     RL0,B3            ; |83| 
     220 00000130 0201F428             MVK     .S1     0x3e8,A4          ; |83| 
TMS320C6x COFF Assembler         Version 4.10     Fri Jun 12 17:23:27 2026
Copyright (c) 1996-2001 Texas Instruments Incorporated
temp\main.asm                                                        PAGE    5

     221 00000134 00002000             NOP             2
     222 00000138           RL0:       ; CALL OCCURS                     ; |83| 
     223 00000138 023C22E6             LDW     .D2T2   *+SP(4),B4        ; |84| 
     224 0000013c 039C2942             ADD     .D2     1,B7,B7           ; |84| 
     225 00000140 00004000             NOP             3
     226 00000144 0010EBFA             CMPLTU  .L2     B7,B4,B0          ; |84| 
     227 00000148 2FFFFC90     [ B0]   B       .S1     L3                ; |84| 
     228 0000014c 2200562A'    [ B0]   MVKL    .S2     _delay_us,B4      ; |83| 
     229 00000150 2200006A'    [ B0]   MVKH    .S2     _delay_us,B4      ; |83| 
     230 00000154 00004000             NOP             3
     231                               ; BRANCH OCCURS                   ; |84| 
     232                    ;** --------------------------------------------------------------------------*
     233 00000158           L4:    
     234 00000158 00240362             B       .S2     B9                ; |85| 
     235 0000015c 07BD0942             ADD     .D2     8,SP,SP           ; |85| 
     236 00000160 00006000             NOP             4
     237                               ; BRANCH OCCURS                   ; |85| 
     238                    
     239                    
     240 00000164                   .sect   ".text"
     241                            .global _WaitTFlag
     242                    
     243                    ;******************************************************************************
     244                    ;* FUNCTION NAME: _WaitTFlag                                                  *
     245                    ;*                                                                            *
     246                    ;*   Regs Modified     : A0,A1,A3                                             *
     247                    ;*   Regs Used         : A0,A1,A3,B3                                          *
     248                    ;*   Local Frame Size  : 0 Args + 0 Auto + 0 Save = 0 byte                    *
     249                    ;******************************************************************************
     250 00000164           _WaitTFlag:
     251                    ;** --------------------------------------------------------------------------*
     252 00000164 00000028!            MVKL    .S1     _TFlag,A0         ; |90| 
     253 00000168 00000068!            MVKH    .S1     _TFlag,A0         ; |90| 
     254 0000016c 00800264             LDW     .D1T1   *A0,A1            ; |90| 
     255 00000170 00006000             NOP             4
     256 00000174 80000810     [ A1]   B       .S1     L6                ; |90| 
     257 00000178 90000028!    [!A1]   MVKL    .S1     _TFlag,A0         ; |90| 
     258 0000017c 90000068!    [!A1]   MVKH    .S1     _TFlag,A0         ; |90| 
     259 00000180 90800264     [!A1]   LDW     .D1T1   *A0,A1            ; |90| 
     260 00000184 00002000             NOP             2
     261                               ; BRANCH OCCURS                   ; |90| 
     262                    ;*----------------------------------------------------------------------------*
     263                    ;*   SOFTWARE PIPELINE INFORMATION
     264                    ;*      Disqualified loop: software pipelining disabled
     265                    ;*----------------------------------------------------------------------------*
     266 00000188           L5:    
     267 00000188 00002000             NOP             2
     268 0000018c 90000110     [!A1]   B       .S1     L5                ; |90| 
     269 00000190 90000028!    [!A1]   MVKL    .S1     _TFlag,A0         ; |90| 
     270 00000194 90000068!    [!A1]   MVKH    .S1     _TFlag,A0         ; |90| 
     271 00000198 90800264     [!A1]   LDW     .D1T1   *A0,A1            ; |90| 
     272 0000019c 00002000             NOP             2
     273                               ; BRANCH OCCURS                   ; |90| 
     274                    ;** --------------------------------------------------------------------------*
     275 000001a0           L6:    
TMS320C6x COFF Assembler         Version 4.10     Fri Jun 12 17:23:27 2026
Copyright (c) 1996-2001 Texas Instruments Incorporated
temp\main.asm                                                        PAGE    6

     276 000001a0 000C0362             B       .S2     B3                ; |92| 
     277 000001a4 00000028!            MVKL    .S1     _TFlag,A0         ; |91| 
     278 000001a8 00000068!            MVKH    .S1     _TFlag,A0         ; |91| 
     279 000001ac 018008C0             ZERO    .D1     A3                ; |91| 
     280 000001b0 01800274             STW     .D1T1   A3,*A0            ; |91| 
     281 000001b4 00000000             NOP             1
     282                               ; BRANCH OCCURS                   ; |92| 
     283                    
     284                    
     285 000001b8                   .sect   ".text"
     286                            .global _WaitTFlagCnt
     287                    
     288                    ;******************************************************************************
     289                    ;* FUNCTION NAME: _WaitTFlagCnt                                               *
     290                    ;*                                                                            *
     291                    ;*   Regs Modified     : A0,A1,A3,B0,B3,B4,B5,B9,SP                           *
     292                    ;*   Regs Used         : A0,A1,A3,A4,B0,B3,B4,B5,B9,SP                        *
     293                    ;*   Local Frame Size  : 0 Args + 8 Auto + 0 Save = 8 byte                    *
     294                    ;******************************************************************************
     295 000001b8           _WaitTFlagCnt:
     296                    ;** --------------------------------------------------------------------------*
     297                    
     298 000001b8 07BD09C3             SUB     .D2     SP,8,SP           ; |96| 
     299 000001bc 00000028! ||         MVKL    .S1     _TFlag,A0         ; |99| 
     300                    
     301 000001c0 023C22F5             STW     .D2T1   A4,*+SP(4)        ; |96| 
     302 000001c4 00000069! ||         MVKH    .S1     _TFlag,A0         ; |99| 
     303 000001c8 018428C0  ||         ZERO    .D1     A3                ; |99| 
     304                    
     305 000001cc 01800274             STW     .D1T1   A3,*A0            ; |99| 
     306 000001d0 02BC22E6             LDW     .D2T2   *+SP(4),B5        ; |101| 
     307 000001d4 020008C2             ZERO    .D2     B4                ; |101| 
     308 000001d8 023C42F6             STW     .D2T2   B4,*+SP(8)        ; |101| 
     309 000001dc 048C01A2             MV      .S2     B3,B9             ; |96| 
     310 000001e0 00000000             NOP             1
     311 000001e4 00148BFA             CMPLTU  .L2     B4,B5,B0          ; |101| 
     312 000001e8 30000A10     [!B0]   B       .S1     L8                ; |101| 
     313 000001ec 2000B228'    [ B0]   MVKL    .S1     _WaitTFlag,A0     ; |102| 
     314 000001f0 20000068'    [ B0]   MVKH    .S1     _WaitTFlag,A0     ; |102| 
     315 000001f4 00004000             NOP             3
     316                               ; BRANCH OCCURS                   ; |101| 
     317                    ;*----------------------------------------------------------------------------*
     318                    ;*   SOFTWARE PIPELINE INFORMATION
     319                    ;*      Disqualified loop: software pipelining disabled
     320                    ;*----------------------------------------------------------------------------*
     321 000001f8           L7:    
     322 000001f8 00001362             B       .S2X    A0                ; |102| 
     323 000001fc 0181042A'            MVKL    .S2     RL2,B3            ; |102| 
     324 00000200 0180006A'            MVKH    .S2     RL2,B3            ; |102| 
     325 00000204 00004000             NOP             3
     326 00000208           RL2:       ; CALL OCCURS                     ; |102| 
     327 00000208 023C42E6             LDW     .D2T2   *+SP(8),B4        ; |103| 
     328 0000020c 02BC22E6             LDW     .D2T2   *+SP(4),B5        ; |103| 
     329 00000210 00004000             NOP             3
     330 00000214 02102942             ADD     .D2     1,B4,B4           ; |103| 
TMS320C6x COFF Assembler         Version 4.10     Fri Jun 12 17:23:27 2026
Copyright (c) 1996-2001 Texas Instruments Incorporated
temp\main.asm                                                        PAGE    7

     331 00000218 00148BFA             CMPLTU  .L2     B4,B5,B0          ; |103| 
     332 0000021c 2FFFFF10     [ B0]   B       .S1     L7                ; |103| 
     333 00000220 023C42F6             STW     .D2T2   B4,*+SP(8)        ; |103| 
     334 00000224 2000B228'    [ B0]   MVKL    .S1     _WaitTFlag,A0     ; |102| 
     335 00000228 20000068'    [ B0]   MVKH    .S1     _WaitTFlag,A0     ; |102| 
     336 0000022c 00002000             NOP             2
     337                               ; BRANCH OCCURS                   ; |103| 
     338                    ;** --------------------------------------------------------------------------*
     339 00000230           L8:    
     340 00000230 00240362             B       .S2     B9                ; |104| 
     341 00000234 07BD0942             ADD     .D2     8,SP,SP           ; |104| 
     342 00000238 00006000             NOP             4
     343                               ; BRANCH OCCURS                   ; |104| 
     344                    
     345                    
     346 0000023c                   .sect   ".text"
     347                            .global _PWMOut
     348                    
     349                    ;******************************************************************************
     350                    ;* FUNCTION NAME: _PWMOut                                                     *
     351                    ;*                                                                            *
     352                    ;*   Regs Modified     : A0,A1,A2,A3,A4,A5,A6,A7,A8,A9,B0,B1,B2,B3,B4,B5,B6,  *
     353                    ;*                           B7,B8,B9,SP                                      *
     354                    ;*   Regs Used         : A0,A1,A2,A3,A4,A5,A6,A7,A8,A9,B0,B1,B2,B3,B4,B5,B6,  *
     355                    ;*                           B7,B8,B9,SP                                      *
     356                    ;*   Local Frame Size  : 0 Args + 8 Auto + 4 Save = 12 byte                   *
     357                    ;******************************************************************************
     358 0000023c           _PWMOut:
     359                    ;** --------------------------------------------------------------------------*
     360 0000023c 018008C0             ZERO    .D1     A3                ; |117| 
     361                    
     362 00000240 01A12469             MVKH    .S1     0x42480000,A3     ; |117| 
     363 00000244 000428C0  ||         ZERO    .D1     A0                ; |117| 
     364                    
     365 00000248 00212469             MVKH    .S1     0x42480000,A0     ; |117| 
     366 0000024c 01BC94F7  ||         STW     .D2T2   B3,*SP--(16)      ; |113| 
     367 00000250 021011A2  ||         MV      .S2X    A4,B4             ; |113| 
     368                    
     369 00000254 00907EA1             CMPGTSP .S1X    B4,A3,A1          ; |117| 
     370 00000258 023C22F4  ||         STW     .D2T1   A4,*+SP(4)        ; |113| 
     371                    
     372 0000025c 803C22F4     [ A1]   STW     .D2T1   A0,*+SP(4)        ; |117| 
     373 00000260 02BC22E6             LDW     .D2T2   *+SP(4),B5        ; |118| 
     374 00000264 020008C2             ZERO    .D2     B4                ; |118| 
     375 00000268 000008C0             ZERO    .D1     A0                ; |118| 
     376 0000026c 0261246A             MVKH    .S2     0xc2480000,B4     ; |118| 
     377 00000270 00612468             MVKH    .S1     0xc2480000,A0     ; |118| 
     378 00000274 0010AEA2             CMPLTSP .S2     B5,B4,B0          ; |118| 
     379 00000278 203C22F4     [ B0]   STW     .D2T1   A0,*+SP(4)        ; |118| 
     380 0000027c 023C22E6             LDW     .D2T2   *+SP(4),B4        ; |120| 
     381 00000280 000008C0             ZERO    .D1     A0                ; |120| 
     382 00000284 00212468             MVKH    .S1     0x42480000,A0     ; |120| 
     383 00000288 0280002A!            MVKL    .S2     __divf,B5         ; |120| 
     384 0000028c 0280006A!            MVKH    .S2     __divf,B5         ; |120| 
     385 00000290 0300921A             ADDSP   .L2X    A0,B4,B6          ; |120| 
TMS320C6x COFF Assembler         Version 4.10     Fri Jun 12 17:23:27 2026
Copyright (c) 1996-2001 Texas Instruments Incorporated
temp\main.asm                                                        PAGE    8

     386 00000294 0278002A             MVKL    .S2     0x457ff000,B4     ; |120| 
     387 00000298 0222BFEA             MVKH    .S2     0x457ff000,B4     ; |120| 
     388 0000029c 00140362             B       .S2     B5                ; |120| 
     389 000002a0 03188E02             MPYSP   .M2     B4,B6,B6          ; |120| 
     390 000002a4 000008C0             ZERO    .D1     A0                ; |120| 
     391 000002a8 020008C2             ZERO    .D2     B4                ; |115| 
     392                    
     393 000002ac 00216469             MVKH    .S1     0x42c80000,A0     ; |120| 
     394 000002b0 0181682A' ||         MVKL    .S2     RL4,B3            ; |120| 
     395                    
     396 000002c0 0200105B             MV      .L2X    A0,B4             ; |120| 
     397 000002c4 023C42F7  ||         STW     .D2T2   B4,*+SP(8)        ; |115| 
     398 000002c8 021811A1  ||         MV      .S1X    B6,A4             ; |120| 
     399 000002cc 0180006A' ||         MVKH    .S2     RL4,B3            ; |120| 
     400                    
     401 000002d0           RL4:       ; CALL OCCURS                     ; |120| 
     402 000002d0 020008C2             ZERO    .D2     B4                ; |120| 
     403 000002d4 021F806A             MVKH    .S2     0x3f000000,B4     ; |120| 
     404 000002d8 00109218             ADDSP   .L1X    B4,A4,A0          ; |120| 
     405 000002dc 00004000             NOP             3
     406 000002e0 00000178             SPTRUNC .L1     A0,A0             ; |120| 
     407 000002e4 00004000             NOP             3
     408 000002e8 003C42F4             STW     .D2T1   A0,*+SP(8)        ; |120| 
     409 000002ec 023C42E6             LDW     .D2T2   *+SP(8),B4        ; |121| 
     410 000002f0 00004428             MVKL    .S1     0x2000088,A0      ; |121| 
     411 000002f4 00010068             MVKH    .S1     0x2000088,A0      ; |121| 
     412 000002f8 00002000             NOP             2
     413 000002fc 02000276             STW     .D1T2   B4,*A0            ; |121| 
     414 00000300 01BC92E6             LDW     .D2T2   *++SP(16),B3      ; |122| 
     415 00000304 00006000             NOP             4
     416 00000308 000C0362             B       .S2     B3                ; |122| 
     417 0000030c 00008000             NOP             5
     418                               ; BRANCH OCCURS                   ; |122| 
     419                    
     420                    
     421 00000310                   .sect   ".text"
     422                            .global _GetAngle
     423                    
     424                    ;******************************************************************************
     425                    ;* FUNCTION NAME: _GetAngle                                                   *
     426                    ;*                                                                            *
     427                    ;*   Regs Modified     : A0,A1,A4,B0,B4,B5,SP                                 *
     428                    ;*   Regs Used         : A0,A1,A4,B0,B3,B4,B5,SP                              *
     429                    ;*   Local Frame Size  : 0 Args + 8 Auto + 0 Save = 8 byte                    *
     430                    ;******************************************************************************
     431 00000310           _GetAngle:
     432                    ;** --------------------------------------------------------------------------*
     433 00000310 0200562A             MVKL    .S2     0x20000ac,B4      ; |129| 
     434 00000314 0201006A             MVKH    .S2     0x20000ac,B4      ; |129| 
     435 00000318 021002E6             LDW     .D2T2   *B4,B4            ; |129| 
     436 0000031c 07BD09C2             SUB     .D2     SP,8,SP           ; |125| 
     437 00000320 000008C0             ZERO    .D1     A0                ; |130| 
     438 00000324 005F5A68             MVKH    .S1     0xbeb40000,A0     ; |130| 
     439 00000328 00000000             NOP             1
     440                    
TMS320C6x COFF Assembler         Version 4.10     Fri Jun 12 17:23:27 2026
Copyright (c) 1996-2001 Texas Instruments Incorporated
temp\main.asm                                                        PAGE    9

     441 0000032c 0210095B             INTSP   .L2     B4,B4             ; |130| 
     442 00000330 023C42F6  ||         STW     .D2T2   B4,*+SP(8)        ; |129| 
     443                    
     444 00000334 00004000             NOP             3
     445 00000338 02009E02             MPYSP   .M2X    A0,B4,B4          ; |130| 
     446 0000033c 000008C0             ZERO    .D1     A0                ; |132| 
     447 00000340 00219A68             MVKH    .S1     0x43340000,A0     ; |132| 
     448 00000344 00000000             NOP             1
     449 00000348 00901EA0             CMPGTSP .S1X    B4,A0,A1          ; |132| 
     450 0000034c 90000D90     [!A1]   B       .S1     L10               ; |132| 
     451 00000350 023C22F6             STW     .D2T2   B4,*+SP(4)        ; |130| 
     452 00000354 923C22E6     [!A1]   LDW     .D2T2   *+SP(4),B4        ; |134| 
     453 00000358 823C22E6     [ A1]   LDW     .D2T2   *+SP(4),B4        ; |133| 
     454 0000035c 900008C0     [!A1]   ZERO    .D1     A0                ; |134| 
     455 00000360 00000000             NOP             1
     456                               ; BRANCH OCCURS                   ; |132| 
     457                    ;** --------------------------------------------------------------------------*
     458 00000364 000008C0             ZERO    .D1     A0                ; |133| 
     459 00000368 00002000             NOP             2
     460                    ;*----------------------------------------------------------------------------*
     461                    ;*   SOFTWARE PIPELINE INFORMATION
     462                    ;*      Disqualified loop: software pipelining disabled
     463                    ;*----------------------------------------------------------------------------*
     464 0000036c           L9:    
     465 0000036c 0021DA68             MVKH    .S1     0x43b40000,A0     ; |133| 
     466 00000370 0200923A             SUBSP   .L2X    B4,A0,B4          ; |133| 
     467 00000374 00004000             NOP             3
     468                    
     469 00000380 020425E3             ZERO    .S2     B4                ; |133| 
     470 00000384 0290005B  ||         MV      .L2     B4,B5             ; |133| 
     471 00000388 023C22F6  ||         STW     .D2T2   B4,*+SP(4)        ; |133| 
     472                    
     473 0000038c 02219A6A             MVKH    .S2     0x43340000,B4     ; |133| 
     474 00000390 0010AE62             CMPGTSP .S2     B5,B4,B0          ; |133| 
     475 00000394 2FFFFD90     [ B0]   B       .S1     L9                ; |133| 
     476 00000398 223C22E6     [ B0]   LDW     .D2T2   *+SP(4),B4        ; |133| 
     477 0000039c 323C22E6     [!B0]   LDW     .D2T2   *+SP(4),B4        ; |134| 
     478 000003a0 300008C0     [!B0]   ZERO    .D1     A0                ; |134| 
     479 000003a4 200005E0     [ B0]   ZERO    .S1     A0                ; |133| 
     480 000003a8 00000000             NOP             1
     481                               ; BRANCH OCCURS                   ; |133| 
     482                    ;** --------------------------------------------------------------------------*
     483 000003ac           L10:    
     484 000003ac 00619A68             MVKH    .S1     0xc3340000,A0     ; |134| 
     485 000003b0 00009EA2             CMPLTSP .S2X    B4,A0,B0          ; |134| 
     486 000003b4 30000B10     [!B0]   B       .S1     L12               ; |134| 
     487 000003b8 223C22E6     [ B0]   LDW     .D2T2   *+SP(4),B4        ; |135| 
     488 000003bc 200008C0     [ B0]   ZERO    .D1     A0                ; |135| 
     489 000003c0 2021DA68     [ B0]   MVKH    .S1     0x43b40000,A0     ; |135| 
     490 000003c4 00002000             NOP             2
     491                               ; BRANCH OCCURS                   ; |134| 
     492                    ;*----------------------------------------------------------------------------*
     493                    ;*   SOFTWARE PIPELINE INFORMATION
     494                    ;*      Disqualified loop: software pipelining disabled
     495                    ;*----------------------------------------------------------------------------*
TMS320C6x COFF Assembler         Version 4.10     Fri Jun 12 17:23:27 2026
Copyright (c) 1996-2001 Texas Instruments Incorporated
temp\main.asm                                                        PAGE   10

     496 000003c8           L11:    
     497 000003c8 0200921A             ADDSP   .L2X    A0,B4,B4          ; |135| 
     498 000003cc 00004000             NOP             3
     499                    
     500 000003d0 020425E3             ZERO    .S2     B4                ; |135| 
     501 000003d4 0290005B  ||         MV      .L2     B4,B5             ; |135| 
     502 000003d8 023C22F6  ||         STW     .D2T2   B4,*+SP(4)        ; |135| 
     503                    
     504 000003dc 02619A6A             MVKH    .S2     0xc3340000,B4     ; |135| 
     505 000003e0 0010AEA2             CMPLTSP .S2     B5,B4,B0          ; |135| 
     506 000003e4 2FFFFD10     [ B0]   B       .S1     L11               ; |135| 
     507 000003e8 223C22E6     [ B0]   LDW     .D2T2   *+SP(4),B4        ; |135| 
     508 000003ec 200008C0     [ B0]   ZERO    .D1     A0                ; |135| 
     509 000003f0 2021DA68     [ B0]   MVKH    .S1     0x43b40000,A0     ; |135| 
     510 000003f4 00002000             NOP             2
     511                               ; BRANCH OCCURS                   ; |135| 
     512                    ;** --------------------------------------------------------------------------*
     513 000003f8           L12:    
     514 000003f8 000C0362             B       .S2     B3                ; |138| 
     515 000003fc 023C22E4             LDW     .D2T1   *+SP(4),A4        ; |137| 
     516 00000400 07BD0942             ADD     .D2     8,SP,SP           ; |138| 
     517 00000404 00004000             NOP             3
     518                               ; BRANCH OCCURS                   ; |138| 
     519                    
     520                    
     521 00000408                   .sect   ".text"
     522                            .global _main
     523                    
     524                    ;******************************************************************************
     525                    ;* FUNCTION NAME: _main                                                       *
     526                    ;*                                                                            *
     527                    ;*   Regs Modified     : A0,A1,A2,A3,A4,A5,A6,A7,A8,A9,B0,B1,B2,B3,B4,B5,B6,  *
     528                    ;*                           B7,B8,B9,SP                                      *
     529                    ;*   Regs Used         : A0,A1,A2,A3,A4,A5,A6,A7,A8,A9,B0,B1,B2,B3,B4,B5,B6,  *
     530                    ;*                           B7,B8,B9,SP                                      *
     531                    ;*   Local Frame Size  : 16 Args + 8 Auto + 4 Save = 28 byte                  *
     532                    ;******************************************************************************
     533 00000408           _main:
     534                    ;** --------------------------------------------------------------------------*
     535 00000408 00000028'            MVKL    .S1     _InitEXINTF,A0    ; |147| 
     536 0000040c 00000068'            MVKH    .S1     _InitEXINTF,A0    ; |147| 
     537 00000410 00001362             B       .S2X    A0                ; |147| 
     538 00000414 01BD14F6             STW     .D2T2   B3,*SP--(32)      ; |143| 
     539 00000418 0182122A'            MVKL    .S2     RL6,B3            ; |147| 
     540 0000041c 0180006A'            MVKH    .S2     RL6,B3            ; |147| 
     541 00000420 00002000             NOP             2
     542 00000424           RL6:       ; CALL OCCURS                     ; |147| 
     543 00000424 00002028'            MVKL    .S1     _InitTimer,A0     ; |148| 
     544 00000428 00000068'            MVKH    .S1     _InitTimer,A0     ; |148| 
     545 0000042c 00001362             B       .S2X    A0                ; |148| 
     546 00000430 01821E2A'            MVKL    .S2     RL8,B3            ; |148| 
     547 00000434 0180006A'            MVKH    .S2     RL8,B3            ; |148| 
     548 00000438 00004000             NOP             3
     549 0000043c           RL8:       ; CALL OCCURS                     ; |148| 
     550 0000043c 0200002A!            MVKL    .S2     _InitUART,B4      ; |149| 
TMS320C6x COFF Assembler         Version 4.10     Fri Jun 12 17:23:27 2026
Copyright (c) 1996-2001 Texas Instruments Incorporated
temp\main.asm                                                        PAGE   11

     551 00000440 0200006A!            MVKH    .S2     _InitUART,B4      ; |149| 
     552 00000444 00100362             B       .S2     B4                ; |149| 
     553 00000448 01822A2A'            MVKL    .S2     RL10,B3           ; |149| 
     554 0000044c 0180006A'            MVKH    .S2     RL10,B3           ; |149| 
     555 00000450 00004000             NOP             3
     556 00000454           RL10:      ; CALL OCCURS                     ; |149| 
     557 00000454 00004028'            MVKL    .S1     _InitINT,A0       ; |150| 
     558 00000458 00000068'            MVKH    .S1     _InitINT,A0       ; |150| 
     559 0000045c 00001362             B       .S2X    A0                ; |150| 
     560 00000460 0182362A'            MVKL    .S2     RL12,B3           ; |150| 
     561 00000464 0180006A'            MVKH    .S2     RL12,B3           ; |150| 
     562 00000468 00004000             NOP             3
     563 0000046c           RL12:      ; CALL OCCURS                     ; |150| 
     564 0000046c 00000028!            MVKL    .S1     _InitUSBMon,A0    ; |151| 
     565 00000470 00000068!            MVKH    .S1     _InitUSBMon,A0    ; |151| 
     566 00000474 00001362             B       .S2X    A0                ; |151| 
     567 00000478 0182422A'            MVKL    .S2     RL14,B3           ; |151| 
     568 0000047c 0180006A'            MVKH    .S2     RL14,B3           ; |151| 
     569 00000480 00004000             NOP             3
     570 00000484           RL14:      ; CALL OCCURS                     ; |151| 
     571 00000484 00000028!            MVKL    .S1     _sprintf,A0       ; |153| 
     572                    
     573 00000488 00000069!            MVKH    .S1     _sprintf,A0       ; |153| 
     574 0000048c 0280002A! ||         MVKL    .S2     _tmp_string,B5    ; |153| 
     575                    
     576 00000490 00001362             B       .S2X    A0                ; |153| 
     577 00000494 0182582A'            MVKL    .S2     RL16,B3           ; |153| 
     578 00000498 0280006A!            MVKH    .S2     _tmp_string,B5    ; |153| 
     579 0000049c 0200002A+            MVKL    .S2     SL1+0,B4          ; |153| 
     580 000004a0 0200006A+            MVKH    .S2     SL1+0,B4          ; |153| 
     581                    
     582 000004a4 0180006B'            MVKH    .S2     RL16,B3           ; |153| 
     583 000004a8 021411A1  ||         MV      .S1X    B5,A4             ; |153| 
     584 000004ac 023C22F6  ||         STW     .D2T2   B4,*+SP(4)        ; |153| 
     585                    
     586 000004b0           RL16:      ; CALL OCCURS                     ; |153| 
     587 000004b0 00000028!            MVKL    .S1     _Report,A0        ; |153| 
     588 000004b4 00000068!            MVKH    .S1     _Report,A0        ; |153| 
     589 000004b8 00001362             B       .S2X    A0                ; |153| 
     590 000004bc 0182642A'            MVKL    .S2     RL18,B3           ; |153| 
     591 000004c0 0180006A'            MVKH    .S2     RL18,B3           ; |153| 
     592 000004c4 00004000             NOP             3
     593 000004c8           RL18:      ; CALL OCCURS                     ; |153| 
     594 000004c8 0003F528             MVK     .S1     2026,A0           ; |154| 
     595                    
     596 000004cc 00000029!            MVKL    .S1     _sprintf,A0       ; |154| 
     597 000004d0 003C42F4  ||         STW     .D2T1   A0,*+SP(8)        ; |154| 
     598                    
     599 000004d4 00000069!            MVKH    .S1     _sprintf,A0       ; |154| 
     600 000004d8 020002AA+ ||         MVKL    .S2     SL2+0,B4          ; |154| 
     601                    
     602 000004dc 00001362             B       .S2X    A0                ; |154| 
     603 000004e0 0200006A+            MVKH    .S2     SL2+0,B4          ; |154| 
     604 000004e4 0280002A!            MVKL    .S2     _tmp_string,B5    ; |154| 
     605 000004e8 0280006A!            MVKH    .S2     _tmp_string,B5    ; |154| 
TMS320C6x COFF Assembler         Version 4.10     Fri Jun 12 17:23:27 2026
Copyright (c) 1996-2001 Texas Instruments Incorporated
temp\main.asm                                                        PAGE   12

     606 000004ec 01827E2A'            MVKL    .S2     RL20,B3           ; |154| 
     607                    
     608 000004f0 023C22F7             STW     .D2T2   B4,*+SP(4)        ; |154| 
     609 000004f4 0180006B' ||         MVKH    .S2     RL20,B3           ; |154| 
     610 000004f8 021411A0  ||         MV      .S1X    B5,A4             ; |154| 
     611                    
     612 000004fc           RL20:      ; CALL OCCURS                     ; |154| 
     613 000004fc 00000028!            MVKL    .S1     _Report,A0        ; |154| 
     614 00000500 00000068!            MVKH    .S1     _Report,A0        ; |154| 
     615 00000504 00001362             B       .S2X    A0                ; |154| 
     616 00000508 01828A2A'            MVKL    .S2     RL22,B3           ; |154| 
     617 0000050c 0180006A'            MVKH    .S2     RL22,B3           ; |154| 
     618 00000510 00004000             NOP             3
     619 00000514           RL22:      ; CALL OCCURS                     ; |154| 
     620 00000514 02000F2A+            MVKL    .S2     SL3+0,B4          ; |155| 
     621 00000518 0281FE2A             MVKL    .S2     0x20003fc,B5      ; |155| 
     622 0000051c 0200006A+            MVKH    .S2     SL3+0,B4          ; |155| 
     623                    
     624 00000520 0281006B             MVKH    .S2     0x20003fc,B5      ; |155| 
     625 00000524 023C22F6  ||         STW     .D2T2   B4,*+SP(4)        ; |155| 
     626                    
     627 00000528 021402E6             LDW     .D2T2   *B5,B4            ; |155| 
     628 0000052c 01800028!            MVKL    .S1     _sprintf,A3       ; |155| 
     629 00000530 0001FE28             MVKL    .S1     0x20003fc,A0      ; |155| 
     630 00000534 00010068             MVKH    .S1     0x20003fc,A0      ; |155| 
     631 00000538 01800068!            MVKH    .S1     _sprintf,A3       ; |155| 
     632 0000053c 0212180A             EXTU    .S2     B4,16,24,B4       ; |155| 
     633 00000540 023C42F6             STW     .D2T2   B4,*+SP(8)        ; |155| 
     634 00000544 00000264             LDW     .D1T1   *A0,A0            ; |155| 
     635 00000548 000C1362             B       .S2X    A3                ; |155| 
     636 0000054c 0182B42A'            MVKL    .S2     RL24,B3           ; |155| 
     637 00000550 0180006A'            MVKH    .S2     RL24,B3           ; |155| 
     638 00000554 02000028!            MVKL    .S1     _tmp_string,A4    ; |155| 
     639 00000558 00031808             EXTU    .S1     A0,24,24,A0       ; |155| 
     640                    
     641 00000560 003C62F5             STW     .D2T1   A0,*+SP(12)       ; |155| 
     642 00000564 02000068! ||         MVKH    .S1     _tmp_string,A4    ; |155| 
     643                    
     644 00000568           RL24:      ; CALL OCCURS                     ; |155| 
     645 00000568 00000028!            MVKL    .S1     _Report,A0        ; |155| 
     646 0000056c 00000068!            MVKH    .S1     _Report,A0        ; |155| 
     647 00000570 00001362             B       .S2X    A0                ; |155| 
     648 00000574 0182C02A'            MVKL    .S2     RL26,B3           ; |155| 
     649 00000578 0180006A'            MVKH    .S2     RL26,B3           ; |155| 
     650 0000057c 00004000             NOP             3
     651 00000580           RL26:      ; CALL OCCURS                     ; |155| 
     652                    ;** --------------------------------------------------------------------------*
     653 00000580 02804C2A'            MVKL    .S2     _GIE,B5           ; |167| 
     654 00000584 0380002A-            MVKL    .S2     _TINTCnt,B7       ; |158| 
     655                    
     656 00000588 0300262B             MVKL    .S2     0x200004c,B6      ; |160| 
     657 0000058c 00000028! ||         MVKL    .S1     _TFlag,A0         ; |157| 
     658                    
     659 00000590 0280006B'            MVKH    .S2     _GIE,B5           ; |167| 
     660 00000594 018000A8  ||         MVK     .S1     1,A3              ; |160| 
TMS320C6x COFF Assembler         Version 4.10     Fri Jun 12 17:23:27 2026
Copyright (c) 1996-2001 Texas Instruments Incorporated
temp\main.asm                                                        PAGE   13

     661                    
     662 000005a0 0380006B-            MVKH    .S2     _TINTCnt,B7       ; |158| 
     663 000005a4 00000069! ||         MVKH    .S1     _TFlag,A0         ; |157| 
     664 000005a8 020428C0  ||         ZERO    .D1     A4                ; |157| 
     665                    
     666 000005ac 00140363             B       .S2     B5                ; |167| 
     667 000005b0 02004829  ||         MVKL    .S1     0x2000090,A4      ; |162| 
     668 000005b4 02000275  ||         STW     .D1T1   A4,*A0            ; |157| 
     669 000005b8 040428C2  ||         ZERO    .D2     B8                ; |158| 
     670                    
     671 000005c0 02010069             MVKH    .S1     0x2000090,A4      ; |162| 
     672 000005c4 041C02F7  ||         STW     .D2T2   B8,*B7            ; |158| 
     673 000005c8 0301006A  ||         MVKH    .S2     0x200004c,B6      ; |160| 
     674                    
     675 000005cc 018428C1             ZERO    .D1     A3                ; |162| 
     676 000005d0 019802F5  ||         STW     .D2T1   A3,*B6            ; |160| 
     677 000005d4 00004029  ||         MVKL    .S1     0x2000080,A0      ; |165| 
     678 000005d8 0200462A  ||         MVKL    .S2     0x200008c,B4      ; |163| 
     679                    
     680 000005e0 01900275             STW     .D1T1   A3,*A4            ; |162| 
     681 000005e4 030428C3  ||         ZERO    .D2     B6                ; |163| 
     682 000005e8 00010069  ||         MVKH    .S1     0x2000080,A0      ; |165| 
     683 000005ec 0201006A  ||         MVKH    .S2     0x200008c,B4      ; |163| 
     684                    
     685 000005f0 031002F7             STW     .D2T2   B6,*B4            ; |163| 
     686 000005f4 018000A9  ||         MVK     .S1     1,A3              ; |165| 
     687 000005f8 0183042A' ||         MVKL    .S2     RL28,B3           ; |167| 
     688                    
     689 00000600 01800275             STW     .D1T1   A3,*A0            ; |165| 
     690 00000604 0180006A' ||         MVKH    .S2     RL28,B3           ; |167| 
     691                    
     692 00000608           RL28:      ; CALL OCCURS                     ; |167| 
     693 00000608 0000DC28'            MVKL    .S1     _WaitTFlagCnt,A0  ; |169| 
     694 0000060c 00000068'            MVKH    .S1     _WaitTFlagCnt,A0  ; |169| 
     695 00000610 00001362             B       .S2X    A0                ; |169| 
     696 00000614 0183122A'            MVKL    .S2     RL30,B3           ; |169| 
     697 00000618 0180006A'            MVKH    .S2     RL30,B3           ; |169| 
     698 0000061c 02003228             MVK     .S1     0x64,A4           ; |169| 
     699 00000620 00002000             NOP             2
     700 00000624           RL30:      ; CALL OCCURS                     ; |169| 
     701 00000624 0000B228'            MVKL    .S1     _WaitTFlag,A0     ; |192| 
     702 00000628 00000068'            MVKH    .S1     _WaitTFlag,A0     ; |192| 
     703                    ;*----------------------------------------------------------------------------*
     704                    ;*   SOFTWARE PIPELINE INFORMATION
     705                    ;*      Disqualified loop: software pipelining disabled
     706                    ;*----------------------------------------------------------------------------*
     707 0000062c           L13:    
     708 0000062c 00001362             B       .S2X    A0                ; |192| 
     709 00000630 01831E2A'            MVKL    .S2     RL48,B3           ; |192| 
     710 00000634 0180006A'            MVKH    .S2     RL48,B3           ; |192| 
     711 00000638 00004000             NOP             3
     712 0000063c           RL48:      ; CALL OCCURS                     ; |192| 
     713 0000063c 00000190             B       .S1     L13               ; |193| 
     714 00000640 0000B228'            MVKL    .S1     _WaitTFlag,A0     ; |192| 
     715 00000644 00000068'            MVKH    .S1     _WaitTFlag,A0     ; |192| 
TMS320C6x COFF Assembler         Version 4.10     Fri Jun 12 17:23:27 2026
Copyright (c) 1996-2001 Texas Instruments Incorporated
temp\main.asm                                                        PAGE   14

     716 00000648 00004000             NOP             3
     717                               ; BRANCH OCCURS                   ; |193| 
     718                    
     719                    
     720                    ;******************************************************************************
     721                    ;* STRINGS                                                                    *
     722                    ;******************************************************************************
     723 00000000                   .sect   ".const"
     724 00000000 0000000D  SL1:    .string 13,10,13,10,0
         00000001 0000000A 
         00000002 0000000D 
         00000003 0000000A 
         00000004 00000000 
     725 00000005 0000004D  SL2:    .string "Mechatronics Course %d",13,10,0
         00000006 00000065 
         00000007 00000063 
         00000008 00000068 
         00000009 00000061 
         0000000a 00000074 
         0000000b 00000072 
         0000000c 0000006F 
         0000000d 0000006E 
         0000000e 00000069 
         0000000f 00000063 
         00000010 00000073 
         00000011 00000020 
         00000012 00000043 
         00000013 0000006F 
         00000014 00000075 
         00000015 00000072 
         00000016 00000073 
         00000017 00000065 
         00000018 00000020 
         00000019 00000025 
         0000001a 00000064 
         0000001b 0000000D 
         0000001c 0000000A 
         0000001d 00000000 
     726 0000001e 00000046  SL3:    .string "FPGA Ver%2x.%02x",13,10,0
         0000001f 00000050 
         00000020 00000047 
         00000021 00000041 
         00000022 00000020 
         00000023 00000056 
         00000024 00000065 
         00000025 00000072 
         00000026 00000025 
         00000027 00000032 
         00000028 00000078 
         00000029 0000002E 
         0000002a 00000025 
         0000002b 00000030 
         0000002c 00000032 
         0000002d 00000078 
         0000002e 0000000D 
TMS320C6x COFF Assembler         Version 4.10     Fri Jun 12 17:23:27 2026
Copyright (c) 1996-2001 Texas Instruments Incorporated
temp\main.asm                                                        PAGE   15

         0000002f 0000000A 
         00000030 00000000 
     727                    ;******************************************************************************
     728                    ;* UNDEFINED EXTERNAL REFERENCES                                              *
     729                    ;******************************************************************************
     730                            .global _sprintf
     731                            .global _InitUART
     732                            .global _Report
     733                            .global _InitUSBMon
     734                            .global _tmp_string
     735                            .global _TFlag
     736                            .global __divf

No Assembly Errors, No Assembly Warnings
