TMS320C6x COFF Assembler         Version 4.10     Wed Apr 08 10:06:11 2026
Copyright (c) 1996-2001 Texas Instruments Incorporated
temp\main.asm                                                        PAGE    1

       1                    ;******************************************************************************
       2                    ;* TMS320C6x ANSI C Codegen                                      Version 4.10 *
       3                    ;* Date/Time created: Wed Apr 08 10:06:11 2026                                *
       4                    ;******************************************************************************
       5                    
       6                    ;******************************************************************************
       7                    ;* GLOBAL FILE PARAMETERS                                                     *
       8                    ;*                                                                            *
       9                    ;*   Architecture      : TMS320C670x                                          *
      10                    ;*   Optimization      : Disabled                                             *
      11                    ;*   Optimizing for    : Compile time, Ease of Development                    *
      12                    ;*                       Based on options: no -o, no -ms                      *
      13                    ;*   Endian            : Little                                               *
      14                    ;*   Interrupt Thrshld : Disabled                                             *
      15                    ;*   Memory Model      : Large                                                *
      16                    ;*   Calls to RTS      : Far                                                  *
      17                    ;*   Pipelining        : Disabled                                             *
      18                    ;*   Memory Aliases    : Presume are aliases (pessimistic)                    *
      19                    ;*   Debug Info        : No Debug Info                                        *
      20                    ;*                                                                            *
      21                    ;******************************************************************************
      22                    
      23                            .asg    A15, FP
      24                            .asg    B14, DP
      25                            .asg    B15, SP
      26                            .global $bss
      27                    
      28                            .global _TINTCnt
      29 00000000           _TINTCnt:       .usect  .far,4,4
      30                            .global _timerCheckCnt
      31 00000004           _timerCheckCnt: .usect  .far,4,4
      32                    ;       acp6x -q -D_FAR_RTS=1 --large_model=3 --version=6701 -m --i_output_file C:\Users\W10\AppData\L
      33 00000000                   .sect   ".text"
      34                            .global _InitEXINTF
      35                    
      36                    ;******************************************************************************
      37                    ;* FUNCTION NAME: _InitEXINTF                                                 *
      38                    ;*                                                                            *
      39                    ;*   Regs Modified     : A0,A3,A4,B4,B5,B6                                    *
      40                    ;*   Regs Used         : A0,A3,A4,B3,B4,B5,B6                                 *
      41                    ;*   Local Frame Size  : 0 Args + 0 Auto + 0 Save = 0 byte                    *
      42                    ;******************************************************************************
      43 00000000           _InitEXINTF:
      44                    ;** --------------------------------------------------------------------------*
      45 00000000 000008C0             ZERO    .D1     A0                ; |18| 
      46 00000004 0000C068             MVKH    .S1     0x1800000,A0      ; |18| 
      47 00000008 02000264             LDW     .D1T1   *A0,A4            ; |18| 
      48 0000000c 0280042A             MVKL    .S2     0x1800008,B5      ; |21| 
      49 00000010 030410AA             MVKL    .S2     0x22120821,B6     ; |33| 
      50 00000014 000C0362             B       .S2     B3                ; |43| 
      51                    
      52 00000018 0200082B             MVKL    .S2     0x1800010,B4      ; |33| 
      53 0000001c 018190A8  ||         MVKL    .S1     0xd00321,A3       ; |21| 
      54                    
      55 00000020 021065C9             CLR     .S1     A4,3,5,A4         ; |18| 
TMS320C6x COFF Assembler         Version 4.10     Wed Apr 08 10:06:11 2026
Copyright (c) 1996-2001 Texas Instruments Incorporated
temp\main.asm                                                        PAGE    2

      56 00000024 0280C06A  ||         MVKH    .S2     0x1800008,B5      ; |21| 
      57                    
      58 00000028 02000275             STW     .D1T1   A4,*A0            ; |18| 
      59 0000002c 0311096B  ||         MVKH    .S2     0x22120821,B6     ; |33| 
      60 00000030 01806868  ||         MVKH    .S1     0xd00321,A3       ; |21| 
      61                    
      62 00000034 019402F5             STW     .D2T1   A3,*B5            ; |21| 
      63 00000038 0200C06A  ||         MVKH    .S2     0x1800010,B4      ; |33| 
      64                    
      65 0000003c 031002F6             STW     .D2T2   B6,*B4            ; |33| 
      66                               ; BRANCH OCCURS                   ; |43| 
      67                    
      68                    
      69 00000040                   .sect   ".text"
      70                            .global _InitTimer
      71                    
      72                    ;******************************************************************************
      73                    ;* FUNCTION NAME: _InitTimer                                                  *
      74                    ;*                                                                            *
      75                    ;*   Regs Modified     : A0,A3,B4,B5                                          *
      76                    ;*   Regs Used         : A0,A3,B3,B4,B5                                       *
      77                    ;*   Local Frame Size  : 0 Args + 0 Auto + 0 Save = 0 byte                    *
      78                    ;******************************************************************************
      79 00000040           _InitTimer:
      80                    ;** --------------------------------------------------------------------------*
      81 00000040 020008C2             ZERO    .D2     B4                ; |48| 
      82 00000044 0200CA6A             MVKH    .S2     0x1940000,B4      ; |48| 
      83 00000048 029002E6             LDW     .D2T2   *B4,B5            ; |48| 
      84 0000004c 00000228             MVKL    .S1     0x1940004,A0      ; |51| 
      85 00000050 0000CA68             MVKH    .S1     0x1940004,A0      ; |51| 
      86 00000054 018008C0             ZERO    .D1     A3                ; |54| 
      87 00000058 0180CA68             MVKH    .S1     0x1940000,A3      ; |54| 
      88 0000005c 0295098A             SET     .S2     B5,8,9,B5         ; |48| 
      89                    
      90 00000060 0227102B             MVK     .S2     20000,B4          ; |51| 
      91 00000064 029002F6  ||         STW     .D2T2   B5,*B4            ; |48| 
      92                    
      93 00000068 02000276             STW     .D1T2   B4,*A0            ; |51| 
      94 0000006c 000C0264             LDW     .D1T1   *A3,A0            ; |54| 
      95 00000070 000C0362             B       .S2     B3                ; |55| 
      96 00000074 00004000             NOP             3
      97 00000078 0000C788             SET     .S1     A0,6,7,A0         ; |54| 
      98 0000007c 000C0274             STW     .D1T1   A0,*A3            ; |54| 
      99                               ; BRANCH OCCURS                   ; |55| 
     100                    
     101                    
     102 00000080                   .sect   ".text"
     103                            .global _InitINT
     104                    
     105                    ;******************************************************************************
     106                    ;* FUNCTION NAME: _InitINT                                                    *
     107                    ;*                                                                            *
     108                    ;*   Regs Modified     : A0,B4                                                *
     109                    ;*   Regs Used         : A0,B3,B4                                             *
     110                    ;*   Local Frame Size  : 0 Args + 0 Auto + 0 Save = 0 byte                    *
TMS320C6x COFF Assembler         Version 4.10     Wed Apr 08 10:06:11 2026
Copyright (c) 1996-2001 Texas Instruments Incorporated
temp\main.asm                                                        PAGE    3

     111                    ;******************************************************************************
     112 00000080           _InitINT:
     113                    ;** --------------------------------------------------------------------------*
     114 00000080 021003E2             MVC     .S2     IER,B4            ; |60| 
     115 00000084 00202128             MVK     .S1     16450,A0          ; |60| 
     116 00000088 020096E2             OR      .S2X    A0,B4,B4          ; |60| 
     117 0000008c 021003A2             MVC     .S2     B4,IER            ; |60| 
     118 00000090 000C0362             B       .S2     B3                ; |61| 
     119 00000094 00008000             NOP             5
     120                               ; BRANCH OCCURS                   ; |61| 
     121                    
     122                    
     123 00000098                   .sect   ".text"
     124                            .global _GIE
     125                    
     126                    ;******************************************************************************
     127                    ;* FUNCTION NAME: _GIE                                                        *
     128                    ;*                                                                            *
     129                    ;*   Regs Modified     : B4                                                   *
     130                    ;*   Regs Used         : B3,B4                                                *
     131                    ;*   Local Frame Size  : 0 Args + 0 Auto + 0 Save = 0 byte                    *
     132                    ;******************************************************************************
     133 00000098           _GIE:
     134                    ;** --------------------------------------------------------------------------*
     135 00000098 020403E2             MVC     .S2     CSR,B4            ; |66| 
     136 0000009c 021026A2             OR      .S2     1,B4,B4           ; |66| 
     137 000000a0 009003A2             MVC     .S2     B4,CSR            ; |66| 
     138 000000a4 000C0362             B       .S2     B3                ; |67| 
     139 000000a8 00008000             NOP             5
     140                               ; BRANCH OCCURS                   ; |67| 
     141                    
     142                    
     143 000000ac                   .sect   ".text"
     144                            .global _delay_us
     145                    
     146                    ;******************************************************************************
     147                    ;* FUNCTION NAME: _delay_us                                                   *
     148                    ;*                                                                            *
     149                    ;*   Regs Modified     : B0,B4,B5,B6,SP                                       *
     150                    ;*   Regs Used         : A4,B0,B3,B4,B5,B6,SP                                 *
     151                    ;*   Local Frame Size  : 0 Args + 4 Auto + 0 Save = 4 byte                    *
     152                    ;******************************************************************************
     153 000000ac           _delay_us:
     154                    ;** --------------------------------------------------------------------------*
     155 000000ac 021011A2             MV      .S2X    A4,B4             ; |71| 
     156 000000b0 02908CA2             SHL     .S2     B4,4,B5           ; |74| 
     157                    
     158 000000b4 020425E3             ZERO    .S2     B4                ; |74| 
     159 000000b8 02949AC2  ||         SUBAH   .D2     B5,B4,B5          ; |74| 
     160                    
     161 000000bc 00148BFA             CMPLTU  .L2     B4,B5,B0          ; |74| 
     162 000000c0 30000710     [!B0]   B       .S1     L2                ; |74| 
     163 000000c4 07BD09C2             SUB     .D2     SP,8,SP           ; |71| 
     164 000000c8 023C22F4             STW     .D2T1   A4,*+SP(4)        ; |71| 
     165 000000cc 22BC22E6     [ B0]   LDW     .D2T2   *+SP(4),B5        ; |74| 
TMS320C6x COFF Assembler         Version 4.10     Wed Apr 08 10:06:11 2026
Copyright (c) 1996-2001 Texas Instruments Incorporated
temp\main.asm                                                        PAGE    4

     166 000000d0 00002000             NOP             2
     167                               ; BRANCH OCCURS                   ; |74| 
     168                    ;** --------------------------------------------------------------------------*
     169 000000d4 00002000             NOP             2
     170                    ;*----------------------------------------------------------------------------*
     171                    ;*   SOFTWARE PIPELINE INFORMATION
     172                    ;*      Disqualified loop: software pipelining disabled
     173                    ;*----------------------------------------------------------------------------*
     174 000000d8           L1:    
     175 000000d8 03148CA2             SHL     .S2     B5,4,B6           ; |74| 
     176                    
     177 000000e0 0298BAC3             SUBAH   .D2     B6,B5,B5          ; |74| 
     178 000000e4 021021A2  ||         ADD     .S2     1,B4,B4           ; |74| 
     179                    
     180 000000e8 00148BFA             CMPLTU  .L2     B4,B5,B0          ; |74| 
     181 000000ec 2FFFFF10     [ B0]   B       .S1     L1                ; |74| 
     182 000000f0 22BC22E6     [ B0]   LDW     .D2T2   *+SP(4),B5        ; |74| 
     183 000000f4 00006000             NOP             4
     184                               ; BRANCH OCCURS                   ; |74| 
     185                    ;** --------------------------------------------------------------------------*
     186 000000f8           L2:    
     187 000000f8 000C0362             B       .S2     B3                ; |75| 
     188 000000fc 07BD0942             ADD     .D2     8,SP,SP           ; |75| 
     189 00000100 00006000             NOP             4
     190                               ; BRANCH OCCURS                   ; |75| 
     191                    
     192                    
     193 00000104                   .sect   ".text"
     194                            .global _delay_ms
     195                    
     196                    ;******************************************************************************
     197                    ;* FUNCTION NAME: _delay_ms                                                   *
     198                    ;*                                                                            *
     199                    ;*   Regs Modified     : A4,B0,B3,B4,B5,B6,B7,B9,SP                           *
     200                    ;*   Regs Used         : A4,B0,B3,B4,B5,B6,B7,B9,SP                           *
     201                    ;*   Local Frame Size  : 0 Args + 4 Auto + 0 Save = 4 byte                    *
     202                    ;******************************************************************************
     203 00000104           _delay_ms:
     204                    ;** --------------------------------------------------------------------------*
     205 00000104 038008C2             ZERO    .D2     B7                ; |82| 
     206 00000108 0010FBFA             CMPLTU  .L2X    B7,A4,B0
     207 0000010c 30000B10     [!B0]   B       .S1     L4                ; |82| 
     208 00000110 07BD09C2             SUB     .D2     SP,8,SP           ; |79| 
     209 00000114 023C22F4             STW     .D2T1   A4,*+SP(4)        ; |79| 
     210 00000118 048C005A             MV      .L2     B3,B9             ; |79| 
     211 0000011c 2200562A'    [ B0]   MVKL    .S2     _delay_us,B4      ; |83| 
     212 00000120 2200006A'    [ B0]   MVKH    .S2     _delay_us,B4      ; |83| 
     213                               ; BRANCH OCCURS                   ; |82| 
     214                    ;*----------------------------------------------------------------------------*
     215                    ;*   SOFTWARE PIPELINE INFORMATION
     216                    ;*      Disqualified loop: software pipelining disabled
     217                    ;*----------------------------------------------------------------------------*
     218 00000124           L3:    
     219 00000124 00100362             B       .S2     B4                ; |83| 
     220 00000128 01809C2A'            MVKL    .S2     RL0,B3            ; |83| 
TMS320C6x COFF Assembler         Version 4.10     Wed Apr 08 10:06:11 2026
Copyright (c) 1996-2001 Texas Instruments Incorporated
temp\main.asm                                                        PAGE    5

     221 0000012c 0180006A'            MVKH    .S2     RL0,B3            ; |83| 
     222 00000130 0201F428             MVK     .S1     0x3e8,A4          ; |83| 
     223 00000134 00002000             NOP             2
     224 00000138           RL0:       ; CALL OCCURS                     ; |83| 
     225 00000138 023C22E6             LDW     .D2T2   *+SP(4),B4        ; |84| 
     226 0000013c 039C2942             ADD     .D2     1,B7,B7           ; |84| 
     227 00000140 00004000             NOP             3
     228 00000144 0010EBFA             CMPLTU  .L2     B7,B4,B0          ; |84| 
     229 00000148 2FFFFC90     [ B0]   B       .S1     L3                ; |84| 
     230 0000014c 2200562A'    [ B0]   MVKL    .S2     _delay_us,B4      ; |83| 
     231 00000150 2200006A'    [ B0]   MVKH    .S2     _delay_us,B4      ; |83| 
     232 00000154 00004000             NOP             3
     233                               ; BRANCH OCCURS                   ; |84| 
     234                    ;** --------------------------------------------------------------------------*
     235 00000158           L4:    
     236 00000158 00240362             B       .S2     B9                ; |85| 
     237 0000015c 07BD0942             ADD     .D2     8,SP,SP           ; |85| 
     238 00000160 00006000             NOP             4
     239                               ; BRANCH OCCURS                   ; |85| 
     240                    
     241                    
     242 00000164                   .sect   ".text"
     243                            .global _WaitTFlag
     244                    
     245                    ;******************************************************************************
     246                    ;* FUNCTION NAME: _WaitTFlag                                                  *
     247                    ;*                                                                            *
     248                    ;*   Regs Modified     : A0,A1,A3                                             *
     249                    ;*   Regs Used         : A0,A1,A3,B3                                          *
     250                    ;*   Local Frame Size  : 0 Args + 0 Auto + 0 Save = 0 byte                    *
     251                    ;******************************************************************************
     252 00000164           _WaitTFlag:
     253                    ;** --------------------------------------------------------------------------*
     254 00000164 00000028!            MVKL    .S1     _TFlag,A0         ; |90| 
     255 00000168 00000068!            MVKH    .S1     _TFlag,A0         ; |90| 
     256 0000016c 00800264             LDW     .D1T1   *A0,A1            ; |90| 
     257 00000170 00006000             NOP             4
     258 00000174 80000810     [ A1]   B       .S1     L6                ; |90| 
     259 00000178 90000028!    [!A1]   MVKL    .S1     _TFlag,A0         ; |90| 
     260 0000017c 90000068!    [!A1]   MVKH    .S1     _TFlag,A0         ; |90| 
     261 00000180 90800264     [!A1]   LDW     .D1T1   *A0,A1            ; |90| 
     262 00000184 00002000             NOP             2
     263                               ; BRANCH OCCURS                   ; |90| 
     264                    ;*----------------------------------------------------------------------------*
     265                    ;*   SOFTWARE PIPELINE INFORMATION
     266                    ;*      Disqualified loop: software pipelining disabled
     267                    ;*----------------------------------------------------------------------------*
     268 00000188           L5:    
     269 00000188 00002000             NOP             2
     270 0000018c 90000110     [!A1]   B       .S1     L5                ; |90| 
     271 00000190 90000028!    [!A1]   MVKL    .S1     _TFlag,A0         ; |90| 
     272 00000194 90000068!    [!A1]   MVKH    .S1     _TFlag,A0         ; |90| 
     273 00000198 90800264     [!A1]   LDW     .D1T1   *A0,A1            ; |90| 
     274 0000019c 00002000             NOP             2
     275                               ; BRANCH OCCURS                   ; |90| 
TMS320C6x COFF Assembler         Version 4.10     Wed Apr 08 10:06:11 2026
Copyright (c) 1996-2001 Texas Instruments Incorporated
temp\main.asm                                                        PAGE    6

     276                    ;** --------------------------------------------------------------------------*
     277 000001a0           L6:    
     278 000001a0 000C0362             B       .S2     B3                ; |92| 
     279 000001a4 00000028!            MVKL    .S1     _TFlag,A0         ; |91| 
     280 000001a8 00000068!            MVKH    .S1     _TFlag,A0         ; |91| 
     281 000001ac 018008C0             ZERO    .D1     A3                ; |91| 
     282 000001b0 01800274             STW     .D1T1   A3,*A0            ; |91| 
     283 000001b4 00000000             NOP             1
     284                               ; BRANCH OCCURS                   ; |92| 
     285                    
     286                    
     287 000001b8                   .sect   ".text"
     288                            .global _WaitTFlagCnt
     289                    
     290                    ;******************************************************************************
     291                    ;* FUNCTION NAME: _WaitTFlagCnt                                               *
     292                    ;*                                                                            *
     293                    ;*   Regs Modified     : A0,A1,A3,B0,B3,B4,B5,B9,SP                           *
     294                    ;*   Regs Used         : A0,A1,A3,A4,B0,B3,B4,B5,B9,SP                        *
     295                    ;*   Local Frame Size  : 0 Args + 8 Auto + 0 Save = 8 byte                    *
     296                    ;******************************************************************************
     297 000001b8           _WaitTFlagCnt:
     298                    ;** --------------------------------------------------------------------------*
     299                    
     300 000001b8 07BD09C3             SUB     .D2     SP,8,SP           ; |96| 
     301 000001bc 00000028! ||         MVKL    .S1     _TFlag,A0         ; |99| 
     302                    
     303 000001c0 023C22F5             STW     .D2T1   A4,*+SP(4)        ; |96| 
     304 000001c4 00000069! ||         MVKH    .S1     _TFlag,A0         ; |99| 
     305 000001c8 018428C0  ||         ZERO    .D1     A3                ; |99| 
     306                    
     307 000001cc 01800274             STW     .D1T1   A3,*A0            ; |99| 
     308 000001d0 02BC22E6             LDW     .D2T2   *+SP(4),B5        ; |101| 
     309 000001d4 020008C2             ZERO    .D2     B4                ; |101| 
     310 000001d8 023C42F6             STW     .D2T2   B4,*+SP(8)        ; |101| 
     311 000001dc 048C01A2             MV      .S2     B3,B9             ; |96| 
     312 000001e0 00000000             NOP             1
     313 000001e4 00148BFA             CMPLTU  .L2     B4,B5,B0          ; |101| 
     314 000001e8 30000A10     [!B0]   B       .S1     L8                ; |101| 
     315 000001ec 2000B228'    [ B0]   MVKL    .S1     _WaitTFlag,A0     ; |102| 
     316 000001f0 20000068'    [ B0]   MVKH    .S1     _WaitTFlag,A0     ; |102| 
     317 000001f4 00004000             NOP             3
     318                               ; BRANCH OCCURS                   ; |101| 
     319                    ;*----------------------------------------------------------------------------*
     320                    ;*   SOFTWARE PIPELINE INFORMATION
     321                    ;*      Disqualified loop: software pipelining disabled
     322                    ;*----------------------------------------------------------------------------*
     323 000001f8           L7:    
     324 000001f8 00001362             B       .S2X    A0                ; |102| 
     325 000001fc 0181042A'            MVKL    .S2     RL2,B3            ; |102| 
     326 00000200 0180006A'            MVKH    .S2     RL2,B3            ; |102| 
     327 00000204 00004000             NOP             3
     328 00000208           RL2:       ; CALL OCCURS                     ; |102| 
     329 00000208 023C42E6             LDW     .D2T2   *+SP(8),B4        ; |103| 
     330 0000020c 02BC22E6             LDW     .D2T2   *+SP(4),B5        ; |103| 
TMS320C6x COFF Assembler         Version 4.10     Wed Apr 08 10:06:11 2026
Copyright (c) 1996-2001 Texas Instruments Incorporated
temp\main.asm                                                        PAGE    7

     331 00000210 00004000             NOP             3
     332 00000214 02102942             ADD     .D2     1,B4,B4           ; |103| 
     333 00000218 00148BFA             CMPLTU  .L2     B4,B5,B0          ; |103| 
     334 0000021c 2FFFFF10     [ B0]   B       .S1     L7                ; |103| 
     335 00000220 023C42F6             STW     .D2T2   B4,*+SP(8)        ; |103| 
     336 00000224 2000B228'    [ B0]   MVKL    .S1     _WaitTFlag,A0     ; |102| 
     337 00000228 20000068'    [ B0]   MVKH    .S1     _WaitTFlag,A0     ; |102| 
     338 0000022c 00002000             NOP             2
     339                               ; BRANCH OCCURS                   ; |103| 
     340                    ;** --------------------------------------------------------------------------*
     341 00000230           L8:    
     342 00000230 00240362             B       .S2     B9                ; |104| 
     343 00000234 07BD0942             ADD     .D2     8,SP,SP           ; |104| 
     344 00000238 00006000             NOP             4
     345                               ; BRANCH OCCURS                   ; |104| 
     346                    
     347                    
     348 0000023c                   .sect   ".text"
     349                            .global _PWMOut
     350                    
     351                    ;******************************************************************************
     352                    ;* FUNCTION NAME: _PWMOut                                                     *
     353                    ;*                                                                            *
     354                    ;*   Regs Modified     : A0,A1,A2,A3,A4,A5,A6,A7,A8,A9,B0,B1,B2,B3,B4,B5,B6,  *
     355                    ;*                           B7,B8,B9,SP                                      *
     356                    ;*   Regs Used         : A0,A1,A2,A3,A4,A5,A6,A7,A8,A9,B0,B1,B2,B3,B4,B5,B6,  *
     357                    ;*                           B7,B8,B9,SP                                      *
     358                    ;*   Local Frame Size  : 0 Args + 8 Auto + 4 Save = 12 byte                   *
     359                    ;******************************************************************************
     360 0000023c           _PWMOut:
     361                    ;** --------------------------------------------------------------------------*
     362 0000023c 018008C0             ZERO    .D1     A3                ; |116| 
     363                    
     364 00000240 01A12069             MVKH    .S1     0x42400000,A3     ; |116| 
     365 00000244 000428C0  ||         ZERO    .D1     A0                ; |116| 
     366                    
     367 00000248 00212069             MVKH    .S1     0x42400000,A0     ; |116| 
     368 0000024c 01BC94F7  ||         STW     .D2T2   B3,*SP--(16)      ; |113| 
     369 00000250 021011A2  ||         MV      .S2X    A4,B4             ; |113| 
     370                    
     371 00000254 00907EA1             CMPGTSP .S1X    B4,A3,A1          ; |116| 
     372 00000258 023C22F4  ||         STW     .D2T1   A4,*+SP(4)        ; |113| 
     373                    
     374 0000025c 803C22F4     [ A1]   STW     .D2T1   A0,*+SP(4)        ; |116| 
     375 00000260 02BC22E6             LDW     .D2T2   *+SP(4),B5        ; |117| 
     376 00000264 020008C2             ZERO    .D2     B4                ; |117| 
     377 00000268 000008C0             ZERO    .D1     A0                ; |117| 
     378 0000026c 0261206A             MVKH    .S2     0xc2400000,B4     ; |117| 
     379 00000270 00612068             MVKH    .S1     0xc2400000,A0     ; |117| 
     380 00000274 0010AEA2             CMPLTSP .S2     B5,B4,B0          ; |117| 
     381 00000278 203C22F4     [ B0]   STW     .D2T1   A0,*+SP(4)        ; |117| 
     382 0000027c 023C22E6             LDW     .D2T2   *+SP(4),B4        ; |119| 
     383 00000280 000008C0             ZERO    .D1     A0                ; |119| 
     384 00000284 00212468             MVKH    .S1     0x42480000,A0     ; |119| 
     385 00000288 0280002A!            MVKL    .S2     __divf,B5         ; |119| 
TMS320C6x COFF Assembler         Version 4.10     Wed Apr 08 10:06:11 2026
Copyright (c) 1996-2001 Texas Instruments Incorporated
temp\main.asm                                                        PAGE    8

     386 0000028c 0280006A!            MVKH    .S2     __divf,B5         ; |119| 
     387 00000290 0300921A             ADDSP   .L2X    A0,B4,B6          ; |119| 
     388 00000294 0278002A             MVKL    .S2     0x457ff000,B4     ; |119| 
     389 00000298 0222BFEA             MVKH    .S2     0x457ff000,B4     ; |119| 
     390 0000029c 00140362             B       .S2     B5                ; |119| 
     391 000002a0 03188E02             MPYSP   .M2     B4,B6,B6          ; |119| 
     392 000002a4 000008C0             ZERO    .D1     A0                ; |119| 
     393 000002a8 020008C2             ZERO    .D2     B4                ; |115| 
     394                    
     395 000002ac 00216469             MVKH    .S1     0x42c80000,A0     ; |119| 
     396 000002b0 0181682A' ||         MVKL    .S2     RL4,B3            ; |119| 
     397                    
     398 000002c0 0200105B             MV      .L2X    A0,B4             ; |119| 
     399 000002c4 023C42F7  ||         STW     .D2T2   B4,*+SP(8)        ; |115| 
     400 000002c8 021811A1  ||         MV      .S1X    B6,A4             ; |119| 
     401 000002cc 0180006A' ||         MVKH    .S2     RL4,B3            ; |119| 
     402                    
     403 000002d0           RL4:       ; CALL OCCURS                     ; |119| 
     404 000002d0 020008C2             ZERO    .D2     B4                ; |119| 
     405 000002d4 021F806A             MVKH    .S2     0x3f000000,B4     ; |119| 
     406 000002d8 00109218             ADDSP   .L1X    B4,A4,A0          ; |119| 
     407 000002dc 00004000             NOP             3
     408 000002e0 00000178             SPTRUNC .L1     A0,A0             ; |119| 
     409 000002e4 00004000             NOP             3
     410 000002e8 003C42F4             STW     .D2T1   A0,*+SP(8)        ; |119| 
     411 000002ec 023C42E6             LDW     .D2T2   *+SP(8),B4        ; |120| 
     412 000002f0 00004228             MVKL    .S1     0x2000084,A0      ; |120| 
     413 000002f4 00010068             MVKH    .S1     0x2000084,A0      ; |120| 
     414 000002f8 00002000             NOP             2
     415 000002fc 02000276             STW     .D1T2   B4,*A0            ; |120| 
     416 00000300 01BC92E6             LDW     .D2T2   *++SP(16),B3      ; |121| 
     417 00000304 00006000             NOP             4
     418 00000308 000C0362             B       .S2     B3                ; |121| 
     419 0000030c 00008000             NOP             5
     420                               ; BRANCH OCCURS                   ; |121| 
     421                    
     422                    
     423 00000310                   .sect   ".text"
     424                            .global _GetAngle
     425                    
     426                    ;******************************************************************************
     427                    ;* FUNCTION NAME: _GetAngle                                                   *
     428                    ;*                                                                            *
     429                    ;*   Regs Modified     : A0,A4,B4,SP                                          *
     430                    ;*   Regs Used         : A0,A4,B3,B4,SP                                       *
     431                    ;*   Local Frame Size  : 0 Args + 8 Auto + 0 Save = 8 byte                    *
     432                    ;******************************************************************************
     433 00000310           _GetAngle:
     434                    ;** --------------------------------------------------------------------------*
     435 00000310 0200542A             MVKL    .S2     0x20000a8,B4      ; |126| 
     436 00000314 0201006A             MVKH    .S2     0x20000a8,B4      ; |126| 
     437 00000318 021002E6             LDW     .D2T2   *B4,B4            ; |126| 
     438 0000031c 07BD09C2             SUB     .D2     SP,8,SP           ; |124| 
     439 00000320 000008C0             ZERO    .D1     A0                ; |128| 
     440 00000324 001EE068             MVKH    .S1     0x3dc00000,A0     ; |128| 
TMS320C6x COFF Assembler         Version 4.10     Wed Apr 08 10:06:11 2026
Copyright (c) 1996-2001 Texas Instruments Incorporated
temp\main.asm                                                        PAGE    9

     441 00000328 00000000             NOP             1
     442                    
     443 0000032c 0210095B             INTSP   .L2     B4,B4             ; |128| 
     444 00000330 023C42F6  ||         STW     .D2T2   B4,*+SP(8)        ; |126| 
     445                    
     446 00000334 00002000             NOP             2
     447 00000338 000C0362             B       .S2     B3                ; |130| 
     448 0000033c 02009E02             MPYSP   .M2X    A0,B4,B4          ; |128| 
     449 00000340 00004000             NOP             3
     450                    
     451 00000344 07BD01A3             ADD     .S2     8,SP,SP           ; |130| 
     452 00000348 021011A1  ||         MV      .S1X    B4,A4             ; |128| 
     453 0000034c 023C22F6  ||         STW     .D2T2   B4,*+SP(4)        ; |128| 
     454                    
     455                               ; BRANCH OCCURS                   ; |130| 
     456                    
     457                    
     458 00000350                   .sect   ".text"
     459                            .global _main
     460                    
     461                    ;******************************************************************************
     462                    ;* FUNCTION NAME: _main                                                       *
     463                    ;*                                                                            *
     464                    ;*   Regs Modified     : A0,A1,A2,A3,A4,A5,A6,A7,A8,A9,B0,B1,B2,B3,B4,B5,B6,  *
     465                    ;*                           B7,B8,B9,SP                                      *
     466                    ;*   Regs Used         : A0,A1,A2,A3,A4,A5,A6,A7,A8,A9,B0,B1,B2,B3,B4,B5,B6,  *
     467                    ;*                           B7,B8,B9,SP                                      *
     468                    ;*   Local Frame Size  : 24 Args + 8 Auto + 4 Save = 36 byte                  *
     469                    ;******************************************************************************
     470 00000350           _main:
     471                    ;** --------------------------------------------------------------------------*
     472 00000350 00000028'            MVKL    .S1     _InitEXINTF,A0    ; |138| 
     473 00000354 00000068'            MVKH    .S1     _InitEXINTF,A0    ; |138| 
     474 00000358 00001362             B       .S2X    A0                ; |138| 
     475 0000035c 01BD54F6             STW     .D2T2   B3,*SP--(40)      ; |134| 
     476 00000360 0181B62A'            MVKL    .S2     RL8,B3            ; |138| 
     477 00000364 0180006A'            MVKH    .S2     RL8,B3            ; |138| 
     478 00000368 00002000             NOP             2
     479 0000036c           RL8:       ; CALL OCCURS                     ; |138| 
     480 0000036c 00002028'            MVKL    .S1     _InitTimer,A0     ; |139| 
     481 00000370 00000068'            MVKH    .S1     _InitTimer,A0     ; |139| 
     482 00000374 00001362             B       .S2X    A0                ; |139| 
     483 00000378 0181C22A'            MVKL    .S2     RL10,B3           ; |139| 
     484 0000037c 0180006A'            MVKH    .S2     RL10,B3           ; |139| 
     485 00000380 00004000             NOP             3
     486 00000384           RL10:      ; CALL OCCURS                     ; |139| 
     487 00000384 0200002A!            MVKL    .S2     _InitUART,B4      ; |140| 
     488 00000388 0200006A!            MVKH    .S2     _InitUART,B4      ; |140| 
     489 0000038c 00100362             B       .S2     B4                ; |140| 
     490 00000390 0181CE2A'            MVKL    .S2     RL12,B3           ; |140| 
     491 00000394 0180006A'            MVKH    .S2     RL12,B3           ; |140| 
     492 00000398 00004000             NOP             3
     493 0000039c           RL12:      ; CALL OCCURS                     ; |140| 
     494 0000039c 00004028'            MVKL    .S1     _InitINT,A0       ; |141| 
     495 000003a0 00000068'            MVKH    .S1     _InitINT,A0       ; |141| 
TMS320C6x COFF Assembler         Version 4.10     Wed Apr 08 10:06:11 2026
Copyright (c) 1996-2001 Texas Instruments Incorporated
temp\main.asm                                                        PAGE   10

     496 000003a4 00001362             B       .S2X    A0                ; |141| 
     497 000003a8 0181DA2A'            MVKL    .S2     RL14,B3           ; |141| 
     498 000003ac 0180006A'            MVKH    .S2     RL14,B3           ; |141| 
     499 000003b0 00004000             NOP             3
     500 000003b4           RL14:      ; CALL OCCURS                     ; |141| 
     501 000003b4 00000028!            MVKL    .S1     _InitUSBMon,A0    ; |142| 
     502 000003b8 00000068!            MVKH    .S1     _InitUSBMon,A0    ; |142| 
     503 000003bc 00001362             B       .S2X    A0                ; |142| 
     504 000003c0 0181E62A'            MVKL    .S2     RL16,B3           ; |142| 
     505 000003c4 0180006A'            MVKH    .S2     RL16,B3           ; |142| 
     506 000003c8 00004000             NOP             3
     507 000003cc           RL16:      ; CALL OCCURS                     ; |142| 
     508 000003cc 00000028!            MVKL    .S1     _sprintf,A0       ; |144| 
     509                    
     510 000003d0 00000069!            MVKH    .S1     _sprintf,A0       ; |144| 
     511 000003d4 0280002A! ||         MVKL    .S2     _tmp_string,B5    ; |144| 
     512                    
     513 000003d8 00001362             B       .S2X    A0                ; |144| 
     514 000003dc 0181FC2A'            MVKL    .S2     RL18,B3           ; |144| 
     515 000003e0 0280006A!            MVKH    .S2     _tmp_string,B5    ; |144| 
     516 000003e4 0200002A+            MVKL    .S2     SL1+0,B4          ; |144| 
     517 000003e8 0200006A+            MVKH    .S2     SL1+0,B4          ; |144| 
     518                    
     519 000003ec 0180006B'            MVKH    .S2     RL18,B3           ; |144| 
     520 000003f0 021411A1  ||         MV      .S1X    B5,A4             ; |144| 
     521 000003f4 023C22F6  ||         STW     .D2T2   B4,*+SP(4)        ; |144| 
     522                    
     523 000003f8           RL18:      ; CALL OCCURS                     ; |144| 
     524 000003f8 00000028!            MVKL    .S1     _Report,A0        ; |144| 
     525 000003fc 00000068!            MVKH    .S1     _Report,A0        ; |144| 
     526 00000400 00001362             B       .S2X    A0                ; |144| 
     527 00000404 0182082A'            MVKL    .S2     RL20,B3           ; |144| 
     528 00000408 0180006A'            MVKH    .S2     RL20,B3           ; |144| 
     529 0000040c 00004000             NOP             3
     530 00000410           RL20:      ; CALL OCCURS                     ; |144| 
     531 00000410 0003F528             MVK     .S1     2026,A0           ; |145| 
     532                    
     533 00000414 00000029!            MVKL    .S1     _sprintf,A0       ; |145| 
     534 00000418 003C42F4  ||         STW     .D2T1   A0,*+SP(8)        ; |145| 
     535                    
     536 00000420 00000069!            MVKH    .S1     _sprintf,A0       ; |145| 
     537 00000424 020002AA+ ||         MVKL    .S2     SL2+0,B4          ; |145| 
     538                    
     539 00000428 00001362             B       .S2X    A0                ; |145| 
     540 0000042c 0200006A+            MVKH    .S2     SL2+0,B4          ; |145| 
     541 00000430 0280002A!            MVKL    .S2     _tmp_string,B5    ; |145| 
     542 00000434 0280006A!            MVKH    .S2     _tmp_string,B5    ; |145| 
     543 00000438 0182262A'            MVKL    .S2     RL22,B3           ; |145| 
     544                    
     545 00000440 023C22F7             STW     .D2T2   B4,*+SP(4)        ; |145| 
     546 00000444 0180006B' ||         MVKH    .S2     RL22,B3           ; |145| 
     547 00000448 021411A0  ||         MV      .S1X    B5,A4             ; |145| 
     548                    
     549 0000044c           RL22:      ; CALL OCCURS                     ; |145| 
     550 0000044c 00000028!            MVKL    .S1     _Report,A0        ; |145| 
TMS320C6x COFF Assembler         Version 4.10     Wed Apr 08 10:06:11 2026
Copyright (c) 1996-2001 Texas Instruments Incorporated
temp\main.asm                                                        PAGE   11

     551 00000450 00000068!            MVKH    .S1     _Report,A0        ; |145| 
     552 00000454 00001362             B       .S2X    A0                ; |145| 
     553 00000458 0182322A'            MVKL    .S2     RL24,B3           ; |145| 
     554 0000045c 0180006A'            MVKH    .S2     RL24,B3           ; |145| 
     555 00000460 00004000             NOP             3
     556 00000464           RL24:      ; CALL OCCURS                     ; |145| 
     557 00000464 0200152A+            MVKL    .S2     SL3+0,B4          ; |146| 
     558 00000468 0281FE2A             MVKL    .S2     0x20003fc,B5      ; |146| 
     559 0000046c 0200006A+            MVKH    .S2     SL3+0,B4          ; |146| 
     560                    
     561 00000470 0281006B             MVKH    .S2     0x20003fc,B5      ; |146| 
     562 00000474 023C22F6  ||         STW     .D2T2   B4,*+SP(4)        ; |146| 
     563                    
     564 00000478 021402E6             LDW     .D2T2   *B5,B4            ; |146| 
     565 0000047c 01800028!            MVKL    .S1     _sprintf,A3       ; |146| 
     566 00000480 0001FE28             MVKL    .S1     0x20003fc,A0      ; |146| 
     567 00000484 00010068             MVKH    .S1     0x20003fc,A0      ; |146| 
     568 00000488 01800068!            MVKH    .S1     _sprintf,A3       ; |146| 
     569 0000048c 0212180A             EXTU    .S2     B4,16,24,B4       ; |146| 
     570 00000490 023C42F6             STW     .D2T2   B4,*+SP(8)        ; |146| 
     571 00000494 00000264             LDW     .D1T1   *A0,A0            ; |146| 
     572 00000498 000C1362             B       .S2X    A3                ; |146| 
     573 0000049c 01825A2A'            MVKL    .S2     RL26,B3           ; |146| 
     574 000004a0 0180006A'            MVKH    .S2     RL26,B3           ; |146| 
     575 000004a4 02000028!            MVKL    .S1     _tmp_string,A4    ; |146| 
     576 000004a8 00031808             EXTU    .S1     A0,24,24,A0       ; |146| 
     577                    
     578 000004ac 003C62F5             STW     .D2T1   A0,*+SP(12)       ; |146| 
     579 000004b0 02000068! ||         MVKH    .S1     _tmp_string,A4    ; |146| 
     580                    
     581 000004b4           RL26:      ; CALL OCCURS                     ; |146| 
     582 000004b4 00000028!            MVKL    .S1     _Report,A0        ; |146| 
     583 000004b8 00000068!            MVKH    .S1     _Report,A0        ; |146| 
     584 000004bc 00001362             B       .S2X    A0                ; |146| 
     585 000004c0 0182662A'            MVKL    .S2     RL28,B3           ; |146| 
     586 000004c4 0180006A'            MVKH    .S2     RL28,B3           ; |146| 
     587 000004c8 00004000             NOP             3
     588 000004cc           RL28:      ; CALL OCCURS                     ; |146| 
     589                    ;** --------------------------------------------------------------------------*
     590 000004cc 0200002A!            MVKL    .S2     _TFlag,B4         ; |148| 
     591 000004d0 0280002A-            MVKL    .S2     _TINTCnt,B5       ; |149| 
     592 000004d4 0380262A             MVKL    .S2     0x200004c,B7      ; |151| 
     593 000004d8 0000482A             MVKL    .S2     0x2000090,B0      ; |153| 
     594 000004dc 0480462A             MVKL    .S2     0x200008c,B9      ; |154| 
     595 000004e0 0200006A!            MVKH    .S2     _TFlag,B4         ; |148| 
     596                    
     597 000004e4 0400422B             MVKL    .S2     0x2000084,B8      ; |155| 
     598 000004e8 030428C2  ||         ZERO    .D2     B6                ; |148| 
     599                    
     600 000004ec 031002F7             STW     .D2T2   B6,*B4            ; |148| 
     601 000004f0 0280006B- ||         MVKH    .S2     _TINTCnt,B5       ; |149| 
     602 000004f4 000428C0  ||         ZERO    .D1     A0                ; |149| 
     603                    
     604 00000500 000000A9             MVK     .S1     1,A0              ; |151| 
     605 00000504 001402F5  ||         STW     .D2T1   A0,*B5            ; |149| 
TMS320C6x COFF Assembler         Version 4.10     Wed Apr 08 10:06:11 2026
Copyright (c) 1996-2001 Texas Instruments Incorporated
temp\main.asm                                                        PAGE   12

     606 00000508 0381006A  ||         MVKH    .S2     0x200004c,B7      ; |151| 
     607                    
     608 0000050c 001C02F5             STW     .D2T1   A0,*B7            ; |151| 
     609 00000510 020420FB  ||         ZERO    .L2     B4                ; |153| 
     610 00000514 0001006A  ||         MVKH    .S2     0x2000090,B0      ; |153| 
     611                    
     612 00000518 020002F7             STW     .D2T2   B4,*B0            ; |153| 
     613 0000051c 0481006A  ||         MVKH    .S2     0x200008c,B9      ; |154| 
     614                    
     615 00000520 022402F7             STW     .D2T2   B4,*B9            ; |154| 
     616 00000524 00040029  ||         MVK     .S1     2048,A0           ; |155| 
     617 00000528 0401006A  ||         MVKH    .S2     0x2000084,B8      ; |155| 
     618                    
     619 0000052c 00000029!            MVKL    .S1     _InitTrajectory,A0 ; |160| 
     620 00000530 002002F4  ||         STW     .D2T1   A0,*B8            ; |155| 
     621                    
     622 00000534 00000068!            MVKH    .S1     _InitTrajectory,A0 ; |160| 
     623 00000538 00001362             B       .S2X    A0                ; |160| 
     624 0000053c 0080402A             MVKL    .S2     0x2000080,B1      ; |157| 
     625 00000540 0182AA2A'            MVKL    .S2     RL30,B3           ; |160| 
     626 00000544 0081006A             MVKH    .S2     0x2000080,B1      ; |157| 
     627 00000548 018000A8             MVK     .S1     1,A3              ; |157| 
     628                    
     629 0000054c 018402F5             STW     .D2T1   A3,*B1            ; |157| 
     630 00000550 0180006A' ||         MVKH    .S2     RL30,B3           ; |160| 
     631                    
     632 00000554           RL30:      ; CALL OCCURS                     ; |160| 
     633 00000554 02004C2A'            MVKL    .S2     _GIE,B4           ; |162| 
     634 00000558 0200006A'            MVKH    .S2     _GIE,B4           ; |162| 
     635 0000055c 00100362             B       .S2     B4                ; |162| 
     636 00000560 0182B62A'            MVKL    .S2     RL32,B3           ; |162| 
     637 00000564 0180006A'            MVKH    .S2     RL32,B3           ; |162| 
     638 00000568 00004000             NOP             3
     639 0000056c           RL32:      ; CALL OCCURS                     ; |162| 
     640 0000056c 0000DC28'            MVKL    .S1     _WaitTFlagCnt,A0  ; |164| 
     641 00000570 00000068'            MVKH    .S1     _WaitTFlagCnt,A0  ; |164| 
     642 00000574 00001362             B       .S2X    A0                ; |164| 
     643 00000578 0182C42A'            MVKL    .S2     RL34,B3           ; |164| 
     644 0000057c 02003228             MVK     .S1     0x64,A4           ; |164| 
     645 00000580 0180006A'            MVKH    .S2     RL34,B3           ; |164| 
     646 00000584 00002000             NOP             2
     647 00000588           RL34:      ; CALL OCCURS                     ; |164| 
     648 00000588 028000AA             MVK     .S2     1,B5              ; |176| 
     649 0000058c 0200402A             MVKL    .S2     0x2000080,B4      ; |176| 
     650                    
     651 00000590 0201006B             MVKH    .S2     0x2000080,B4      ; |176| 
     652 00000594 01800228- ||         MVKL    .S1     _timerCheckCnt,A3 ; |190| 
     653                    
     654 000005a0 01800069-            MVKH    .S1     _timerCheckCnt,A3 ; |190| 
     655 000005a4 000428C1  ||         ZERO    .D1     A0                ; |190| 
     656 000005a8 029002F6  ||         STW     .D2T2   B5,*B4            ; |176| 
     657                    
     658 000005ac 000C0274             STW     .D1T1   A0,*A3            ; |190| 
     659 000005b0 00000028-            MVKL    .S1     _TINTCnt,A0       ; |193| 
     660 000005b4 00000068-            MVKH    .S1     _TINTCnt,A0       ; |193| 
TMS320C6x COFF Assembler         Version 4.10     Wed Apr 08 10:06:11 2026
Copyright (c) 1996-2001 Texas Instruments Incorporated
temp\main.asm                                                        PAGE   13

     661 000005b8 00000264             LDW     .D1T1   *A0,A0            ; |193| 
     662                    ;** --------------------------------------------------------------------------*
     663                    ;**   BEGIN LOOP L9
     664                    ;** --------------------------------------------------------------------------*
     665 000005bc           L9:    
     666 000005bc 00002000             NOP             2
     667                    ;*----------------------------------------------------------------------------*
     668                    ;*   SOFTWARE PIPELINE INFORMATION
     669                    ;*      Disqualified loop: software pipelining disabled
     670                    ;*----------------------------------------------------------------------------*
     671 000005c0           L10:    
     672 000005c0 0200FA2A             MVK     .S2     500,B4            ; |193| 
     673 000005c4 00000000             NOP             1
     674 000005c8 000099FA             CMPLTU  .L2X    A0,B4,B0          ; |193| 
     675 000005cc 2FFFFF90     [ B0]   B       .S1     L9                ; |193| 
     676 000005d0 00002000             NOP             2
     677 000005d4 20000028-    [ B0]   MVKL    .S1     _TINTCnt,A0       ; |193| 
     678 000005d8 20000068-    [ B0]   MVKH    .S1     _TINTCnt,A0       ; |193| 
     679 000005dc 20000264     [ B0]   LDW     .D1T1   *A0,A0            ; |193| 
     680                               ; BRANCH OCCURS                   ; |193| 
     681                    ;** --------------------------------------------------------------------------*
     682 000005e0 00018828'            MVKL    .S1     _GetAngle,A0      ; |195| 
     683 000005e4 00000068'            MVKH    .S1     _GetAngle,A0      ; |195| 
     684 000005e8 00001362             B       .S2X    A0                ; |195| 
     685 000005ec 0200002A-            MVKL    .S2     _TINTCnt,B4       ; |194| 
     686 000005f0 0183042A'            MVKL    .S2     RL48,B3           ; |195| 
     687 000005f4 0200006A-            MVKH    .S2     _TINTCnt,B4       ; |194| 
     688 000005f8 028008C2             ZERO    .D2     B5                ; |194| 
     689                    
     690 00000600 029002F7             STW     .D2T2   B5,*B4            ; |194| 
     691 00000604 0180006A' ||         MVKH    .S2     RL48,B3           ; |195| 
     692                    
     693 00000608           RL48:      ; CALL OCCURS                     ; |195| 
     694                    
     695 00000608 02001EAB+            MVKL    .S2     SL5+0,B4          ; |195| 
     696 0000060c 00000228- ||         MVKL    .S1     _timerCheckCnt,A0 ; |195| 
     697                    
     698 00000610 0200006B+            MVKH    .S2     SL5+0,B4          ; |195| 
     699 00000614 00000068- ||         MVKH    .S1     _timerCheckCnt,A0 ; |195| 
     700                    
     701 00000618 023C22F7             STW     .D2T2   B4,*+SP(4)        ; |195| 
     702 0000061c 02800940  ||         MV      .D1     A0,A5             ; |195| 
     703                    
     704 00000620 03140264             LDW     .D1T1   *A5,A6            ; |195| 
     705 00000624 0183342A'            MVKL    .S2     RL50,B3           ; |195| 
     706 00000628 0200002A!            MVKL    .S2     _tmp_string,B4    ; |195| 
     707 0000062c 001000A0             SPDP    .S1     A4,A1:A0          ; |195| 
     708 00000630 0200006A!            MVKH    .S2     _tmp_string,B4    ; |195| 
     709                    
     710 00000634 00182941             ADD     .D1     1,A6,A0           ; |195| 
     711 00000638 038001A0  ||         MV      .S1     A0,A7             ; |195| 
     712                    
     713 00000640 00000029!            MVKL    .S1     _sprintf,A0       ; |195| 
     714 00000644 00140274  ||         STW     .D1T1   A0,*A5            ; |195| 
     715                    
TMS320C6x COFF Assembler         Version 4.10     Wed Apr 08 10:06:11 2026
Copyright (c) 1996-2001 Texas Instruments Incorporated
temp\main.asm                                                        PAGE   14

     716 00000648 00000068!            MVKH    .S1     _sprintf,A0       ; |195| 
     717 0000064c 00001362             B       .S2X    A0                ; |195| 
     718 00000650 01840940             MV      .D1     A1,A3             ; |195| 
     719 00000654 03BC82F4             STW     .D2T1   A7,*+SP(16)       ; |195| 
     720 00000658 01BCA2F4             STW     .D2T1   A3,*+SP(20)       ; |195| 
     721 0000065c 033C42F4             STW     .D2T1   A6,*+SP(8)        ; |195| 
     722                    
     723 00000660 021011A1             MV      .S1X    B4,A4             ; |195| 
     724 00000664 0180006A' ||         MVKH    .S2     RL50,B3           ; |195| 
     725                    
     726 00000668           RL50:      ; CALL OCCURS                     ; |195| 
     727 00000668 0200002A!            MVKL    .S2     _Report,B4        ; |195| 
     728 0000066c 0200006A!            MVKH    .S2     _Report,B4        ; |195| 
     729 00000670 00100362             B       .S2     B4                ; |195| 
     730 00000674 0183402A'            MVKL    .S2     RL52,B3           ; |195| 
     731 00000678 0180006A'            MVKH    .S2     RL52,B3           ; |195| 
     732 0000067c 00004000             NOP             3
     733 00000680           RL52:      ; CALL OCCURS                     ; |195| 
     734 00000680 0FFFE810             B       .S1     L10               ; |197| 
     735 00000684 00000028-            MVKL    .S1     _TINTCnt,A0       ; |193| 
     736 00000688 00000068-            MVKH    .S1     _TINTCnt,A0       ; |193| 
     737 0000068c 00000264             LDW     .D1T1   *A0,A0            ; |193| 
     738 00000690 00002000             NOP             2
     739                               ; BRANCH OCCURS                   ; |197| 
     740                    
     741                    
     742                    ;******************************************************************************
     743                    ;* STRINGS                                                                    *
     744                    ;******************************************************************************
     745 00000000                   .sect   ".const"
     746 00000000 0000000D  SL1:    .string 13,10,13,10,0
         00000001 0000000A 
         00000002 0000000D 
         00000003 0000000A 
         00000004 00000000 
     747 00000005 0000004D  SL2:    .string "Mechatronics Course Hello World %d",13,10,0
         00000006 00000065 
         00000007 00000063 
         00000008 00000068 
         00000009 00000061 
         0000000a 00000074 
         0000000b 00000072 
         0000000c 0000006F 
         0000000d 0000006E 
         0000000e 00000069 
         0000000f 00000063 
         00000010 00000073 
         00000011 00000020 
         00000012 00000043 
         00000013 0000006F 
         00000014 00000075 
         00000015 00000072 
         00000016 00000073 
         00000017 00000065 
         00000018 00000020 
TMS320C6x COFF Assembler         Version 4.10     Wed Apr 08 10:06:11 2026
Copyright (c) 1996-2001 Texas Instruments Incorporated
temp\main.asm                                                        PAGE   15

         00000019 00000048 
         0000001a 00000065 
         0000001b 0000006C 
         0000001c 0000006C 
         0000001d 0000006F 
         0000001e 00000020 
         0000001f 00000057 
         00000020 0000006F 
         00000021 00000072 
         00000022 0000006C 
         00000023 00000064 
         00000024 00000020 
         00000025 00000025 
         00000026 00000064 
         00000027 0000000D 
         00000028 0000000A 
         00000029 00000000 
     748 0000002a 00000046  SL3:    .string "FPGA Ver%2x.%02x",13,10,0
         0000002b 00000050 
         0000002c 00000047 
         0000002d 00000041 
         0000002e 00000020 
         0000002f 00000056 
         00000030 00000065 
         00000031 00000072 
         00000032 00000025 
         00000033 00000032 
         00000034 00000078 
         00000035 0000002E 
         00000036 00000025 
         00000037 00000030 
         00000038 00000032 
         00000039 00000078 
         0000003a 0000000D 
         0000003b 0000000A 
         0000003c 00000000 
     749 0000003d 00000054  SL5:    .string "Timer Check: %d %6.2f ",13,10,0
         0000003e 00000069 
         0000003f 0000006D 
         00000040 00000065 
         00000041 00000072 
         00000042 00000020 
         00000043 00000043 
         00000044 00000068 
         00000045 00000065 
         00000046 00000063 
         00000047 0000006B 
         00000048 0000003A 
         00000049 00000020 
         0000004a 00000025 
         0000004b 00000064 
         0000004c 00000020 
         0000004d 00000025 
         0000004e 00000036 
         0000004f 0000002E 
TMS320C6x COFF Assembler         Version 4.10     Wed Apr 08 10:06:11 2026
Copyright (c) 1996-2001 Texas Instruments Incorporated
temp\main.asm                                                        PAGE   16

         00000050 00000032 
         00000051 00000066 
         00000052 00000020 
         00000053 0000000D 
         00000054 0000000A 
         00000055 00000000 
     750                    ;******************************************************************************
     751                    ;* UNDEFINED EXTERNAL REFERENCES                                              *
     752                    ;******************************************************************************
     753                            .global _sprintf
     754                            .global _InitUART
     755                            .global _Report
     756                            .global _InitUSBMon
     757                            .global _InitTrajectory
     758                            .global _tmp_string
     759                            .global _TFlag
     760                            .global __divf

No Assembly Errors, No Assembly Warnings
