TMS320C6x COFF Assembler         Version 4.10     Mon May 25 14:24:59 2026
Copyright (c) 1996-2001 Texas Instruments Incorporated
temp\main.asm                                                        PAGE    1

       1                    ;******************************************************************************
       2                    ;* TMS320C6x ANSI C Codegen                                      Version 4.10 *
       3                    ;* Date/Time created: Mon May 25 14:24:59 2026                                *
       4                    ;******************************************************************************
       5                    
       6                    ;******************************************************************************
       7                    ;* GLOBAL FILE PARAMETERS                                                     *
       8                    ;*                                                                            *
       9                    ;*   Architecture      : TMS320C670x                                          *
      10                    ;*   Optimization      : Disabled                                             *
      11                    ;*   Optimizing for    : Compile time, Ease of Development                    *
      12                    ;*                       Based on options: no -o, no -ms                      *
      13                    ;*   Endian            : Little                                               *
      14                    ;*   Interrupt Thrshld : Disabled                                             *
      15                    ;*   Memory Model      : Large                                                *
      16                    ;*   Calls to RTS      : Far                                                  *
      17                    ;*   Pipelining        : Disabled                                             *
      18                    ;*   Memory Aliases    : Presume are aliases (pessimistic)                    *
      19                    ;*   Debug Info        : No Debug Info                                        *
      20                    ;*                                                                            *
      21                    ;******************************************************************************
      22                    
      23                            .asg    A15, FP
      24                            .asg    B14, DP
      25                            .asg    B15, SP
      26                            .global $bss
      27                    
      28                    
      29 00000000                   .sect   ".cinit"
      30                            .align  8
      31 00000000 00000004          .field          4,32
      32 00000004 00000000-         .field          _hall_count+0,32
      33 00000008 00000000          .field          0,32                    ; _hall_count @ 0
      34 00000000                   .sect   ".text"
      35                            .global _hall_count
      36 00000000           _hall_count:    .usect  .far,4,4
      37                    
      38 0000000c                   .sect   ".cinit"
      39                            .align  8
      40 00000010 00000004          .field          4,32
      41 00000014 00000004-         .field          _ref_angle+0,32
      42 00000018 43B40000          .word   043b40000h              ; _ref_angle @ 0
      43 00000000                   .sect   ".text"
      44                            .global _ref_angle
      45 00000004           _ref_angle:     .usect  .far,4,4
      46                    
      47 0000001c                   .sect   ".cinit"
      48                            .align  8
      49 00000020 00000004          .field          4,32
      50 00000024 00000008-         .field          _ref_count+0,32
      51 00000028 43A20000          .word   043a20000h              ; _ref_count @ 0
      52 00000000                   .sect   ".text"
      53                            .global _ref_count
      54 00000008           _ref_count:     .usect  .far,4,4
      55                    
TMS320C6x COFF Assembler         Version 4.10     Mon May 25 14:24:59 2026
Copyright (c) 1996-2001 Texas Instruments Incorporated
temp\main.asm                                                        PAGE    2

      56 0000002c                   .sect   ".cinit"
      57                            .align  8
      58 00000030 00000004          .field          4,32
      59 00000034 0000000C-         .field          _duty+0,32
      60 00000038 00000000          .word   000000000h              ; _duty @ 0
      61 00000000                   .sect   ".text"
      62                            .global _duty
      63 0000000c           _duty:  .usect  .far,4,4
      64                    
      65 0000003c                   .sect   ".cinit"
      66                            .align  8
      67 00000040 00000004          .field          4,32
      68 00000044 00000010-         .field          _prev_hall$1+0,32
      69 00000048 00000000          .field          0,32                    ; _prev_hall$1 @ 0
      70 00000000                   .sect   ".text"
      71 00000010           _prev_hall$1:   .usect  .far,4,4
      72                    ;       acp6x -q -D_FAR_RTS=1 --large_model=3 --version=6701 -m --i_output_file C:\Users\W10\AppData\L
      73 00000000                   .sect   ".text"
      74                            .global _InitEXINTF
      75                    
      76                    ;******************************************************************************
      77                    ;* FUNCTION NAME: _InitEXINTF                                                 *
      78                    ;*                                                                            *
      79                    ;*   Regs Modified     : A0,A3,A4,B4,B5,B6                                    *
      80                    ;*   Regs Used         : A0,A3,A4,B3,B4,B5,B6                                 *
      81                    ;*   Local Frame Size  : 0 Args + 0 Auto + 0 Save = 0 byte                    *
      82                    ;******************************************************************************
      83 00000000           _InitEXINTF:
      84                    ;** --------------------------------------------------------------------------*
      85 00000000 000008C0             ZERO    .D1     A0                ; |18| 
      86 00000004 0000C068             MVKH    .S1     0x1800000,A0      ; |18| 
      87 00000008 02000264             LDW     .D1T1   *A0,A4            ; |18| 
      88 0000000c 0280042A             MVKL    .S2     0x1800008,B5      ; |21| 
      89 00000010 030410AA             MVKL    .S2     0x22120821,B6     ; |33| 
      90 00000014 000C0362             B       .S2     B3                ; |43| 
      91                    
      92 00000018 0200082B             MVKL    .S2     0x1800010,B4      ; |33| 
      93 0000001c 018190A8  ||         MVKL    .S1     0xd00321,A3       ; |21| 
      94                    
      95 00000020 021065C9             CLR     .S1     A4,3,5,A4         ; |18| 
      96 00000024 0280C06A  ||         MVKH    .S2     0x1800008,B5      ; |21| 
      97                    
      98 00000028 02000275             STW     .D1T1   A4,*A0            ; |18| 
      99 0000002c 0311096B  ||         MVKH    .S2     0x22120821,B6     ; |33| 
     100 00000030 01806868  ||         MVKH    .S1     0xd00321,A3       ; |21| 
     101                    
     102 00000034 019402F5             STW     .D2T1   A3,*B5            ; |21| 
     103 00000038 0200C06A  ||         MVKH    .S2     0x1800010,B4      ; |33| 
     104                    
     105 0000003c 031002F6             STW     .D2T2   B6,*B4            ; |33| 
     106                               ; BRANCH OCCURS                   ; |43| 
     107                    
     108                    
     109 00000040                   .sect   ".text"
     110                            .global _InitTimer
TMS320C6x COFF Assembler         Version 4.10     Mon May 25 14:24:59 2026
Copyright (c) 1996-2001 Texas Instruments Incorporated
temp\main.asm                                                        PAGE    3

     111                    
     112                    ;******************************************************************************
     113                    ;* FUNCTION NAME: _InitTimer                                                  *
     114                    ;*                                                                            *
     115                    ;*   Regs Modified     : A0,A3,B4,B5                                          *
     116                    ;*   Regs Used         : A0,A3,B3,B4,B5                                       *
     117                    ;*   Local Frame Size  : 0 Args + 0 Auto + 0 Save = 0 byte                    *
     118                    ;******************************************************************************
     119 00000040           _InitTimer:
     120                    ;** --------------------------------------------------------------------------*
     121 00000040 020008C2             ZERO    .D2     B4                ; |48| 
     122 00000044 0200CA6A             MVKH    .S2     0x1940000,B4      ; |48| 
     123 00000048 029002E6             LDW     .D2T2   *B4,B5            ; |48| 
     124 0000004c 00000228             MVKL    .S1     0x1940004,A0      ; |51| 
     125 00000050 0000CA68             MVKH    .S1     0x1940004,A0      ; |51| 
     126 00000054 018008C0             ZERO    .D1     A3                ; |54| 
     127 00000058 0180CA68             MVKH    .S1     0x1940000,A3      ; |54| 
     128 0000005c 0295098A             SET     .S2     B5,8,9,B5         ; |48| 
     129                    
     130 00000060 0227102B             MVK     .S2     20000,B4          ; |51| 
     131 00000064 029002F6  ||         STW     .D2T2   B5,*B4            ; |48| 
     132                    
     133 00000068 02000276             STW     .D1T2   B4,*A0            ; |51| 
     134 0000006c 000C0264             LDW     .D1T1   *A3,A0            ; |54| 
     135 00000070 000C0362             B       .S2     B3                ; |55| 
     136 00000074 00004000             NOP             3
     137 00000078 0000C788             SET     .S1     A0,6,7,A0         ; |54| 
     138 0000007c 000C0274             STW     .D1T1   A0,*A3            ; |54| 
     139                               ; BRANCH OCCURS                   ; |55| 
     140                    
     141                    
     142 00000080                   .sect   ".text"
     143                            .global _InitINT
     144                    
     145                    ;******************************************************************************
     146                    ;* FUNCTION NAME: _InitINT                                                    *
     147                    ;*                                                                            *
     148                    ;*   Regs Modified     : A0,B4                                                *
     149                    ;*   Regs Used         : A0,B3,B4                                             *
     150                    ;*   Local Frame Size  : 0 Args + 0 Auto + 0 Save = 0 byte                    *
     151                    ;******************************************************************************
     152 00000080           _InitINT:
     153                    ;** --------------------------------------------------------------------------*
     154 00000080 021003E2             MVC     .S2     IER,B4            ; |60| 
     155 00000084 00202128             MVK     .S1     16450,A0          ; |60| 
     156 00000088 020096E2             OR      .S2X    A0,B4,B4          ; |60| 
     157 0000008c 021003A2             MVC     .S2     B4,IER            ; |60| 
     158 00000090 000C0362             B       .S2     B3                ; |61| 
     159 00000094 00008000             NOP             5
     160                               ; BRANCH OCCURS                   ; |61| 
     161                    
     162                    
     163 00000098                   .sect   ".text"
     164                            .global _GIE
     165                    
TMS320C6x COFF Assembler         Version 4.10     Mon May 25 14:24:59 2026
Copyright (c) 1996-2001 Texas Instruments Incorporated
temp\main.asm                                                        PAGE    4

     166                    ;******************************************************************************
     167                    ;* FUNCTION NAME: _GIE                                                        *
     168                    ;*                                                                            *
     169                    ;*   Regs Modified     : B4                                                   *
     170                    ;*   Regs Used         : B3,B4                                                *
     171                    ;*   Local Frame Size  : 0 Args + 0 Auto + 0 Save = 0 byte                    *
     172                    ;******************************************************************************
     173 00000098           _GIE:
     174                    ;** --------------------------------------------------------------------------*
     175 00000098 020403E2             MVC     .S2     CSR,B4            ; |66| 
     176 0000009c 021026A2             OR      .S2     1,B4,B4           ; |66| 
     177 000000a0 009003A2             MVC     .S2     B4,CSR            ; |66| 
     178 000000a4 000C0362             B       .S2     B3                ; |67| 
     179 000000a8 00008000             NOP             5
     180                               ; BRANCH OCCURS                   ; |67| 
     181                    
     182                    
     183 000000ac                   .sect   ".text"
     184                            .global _delay_us
     185                    
     186                    ;******************************************************************************
     187                    ;* FUNCTION NAME: _delay_us                                                   *
     188                    ;*                                                                            *
     189                    ;*   Regs Modified     : B0,B4,B5,B6,SP                                       *
     190                    ;*   Regs Used         : A4,B0,B3,B4,B5,B6,SP                                 *
     191                    ;*   Local Frame Size  : 0 Args + 4 Auto + 0 Save = 4 byte                    *
     192                    ;******************************************************************************
     193 000000ac           _delay_us:
     194                    ;** --------------------------------------------------------------------------*
     195 000000ac 021011A2             MV      .S2X    A4,B4             ; |71| 
     196 000000b0 02908CA2             SHL     .S2     B4,4,B5           ; |74| 
     197                    
     198 000000b4 020425E3             ZERO    .S2     B4                ; |74| 
     199 000000b8 02949AC2  ||         SUBAH   .D2     B5,B4,B5          ; |74| 
     200                    
     201 000000bc 00148BFA             CMPLTU  .L2     B4,B5,B0          ; |74| 
     202 000000c0 30000710     [!B0]   B       .S1     L2                ; |74| 
     203 000000c4 07BD09C2             SUB     .D2     SP,8,SP           ; |71| 
     204 000000c8 023C22F4             STW     .D2T1   A4,*+SP(4)        ; |71| 
     205 000000cc 22BC22E6     [ B0]   LDW     .D2T2   *+SP(4),B5        ; |74| 
     206 000000d0 00002000             NOP             2
     207                               ; BRANCH OCCURS                   ; |74| 
     208                    ;** --------------------------------------------------------------------------*
     209 000000d4 00002000             NOP             2
     210                    ;*----------------------------------------------------------------------------*
     211                    ;*   SOFTWARE PIPELINE INFORMATION
     212                    ;*      Disqualified loop: software pipelining disabled
     213                    ;*----------------------------------------------------------------------------*
     214 000000d8           L1:    
     215 000000d8 03148CA2             SHL     .S2     B5,4,B6           ; |74| 
     216                    
     217 000000e0 0298BAC3             SUBAH   .D2     B6,B5,B5          ; |74| 
     218 000000e4 021021A2  ||         ADD     .S2     1,B4,B4           ; |74| 
     219                    
     220 000000e8 00148BFA             CMPLTU  .L2     B4,B5,B0          ; |74| 
TMS320C6x COFF Assembler         Version 4.10     Mon May 25 14:24:59 2026
Copyright (c) 1996-2001 Texas Instruments Incorporated
temp\main.asm                                                        PAGE    5

     221 000000ec 2FFFFF10     [ B0]   B       .S1     L1                ; |74| 
     222 000000f0 22BC22E6     [ B0]   LDW     .D2T2   *+SP(4),B5        ; |74| 
     223 000000f4 00006000             NOP             4
     224                               ; BRANCH OCCURS                   ; |74| 
     225                    ;** --------------------------------------------------------------------------*
     226 000000f8           L2:    
     227 000000f8 000C0362             B       .S2     B3                ; |75| 
     228 000000fc 07BD0942             ADD     .D2     8,SP,SP           ; |75| 
     229 00000100 00006000             NOP             4
     230                               ; BRANCH OCCURS                   ; |75| 
     231                    
     232                    
     233 00000104                   .sect   ".text"
     234                            .global _delay_ms
     235                    
     236                    ;******************************************************************************
     237                    ;* FUNCTION NAME: _delay_ms                                                   *
     238                    ;*                                                                            *
     239                    ;*   Regs Modified     : A4,B0,B3,B4,B5,B6,B7,B9,SP                           *
     240                    ;*   Regs Used         : A4,B0,B3,B4,B5,B6,B7,B9,SP                           *
     241                    ;*   Local Frame Size  : 0 Args + 4 Auto + 0 Save = 4 byte                    *
     242                    ;******************************************************************************
     243 00000104           _delay_ms:
     244                    ;** --------------------------------------------------------------------------*
     245 00000104 038008C2             ZERO    .D2     B7                ; |82| 
     246 00000108 0010FBFA             CMPLTU  .L2X    B7,A4,B0
     247 0000010c 30000B10     [!B0]   B       .S1     L4                ; |82| 
     248 00000110 07BD09C2             SUB     .D2     SP,8,SP           ; |79| 
     249 00000114 023C22F4             STW     .D2T1   A4,*+SP(4)        ; |79| 
     250 00000118 048C005A             MV      .L2     B3,B9             ; |79| 
     251 0000011c 2200562A'    [ B0]   MVKL    .S2     _delay_us,B4      ; |83| 
     252 00000120 2200006A'    [ B0]   MVKH    .S2     _delay_us,B4      ; |83| 
     253                               ; BRANCH OCCURS                   ; |82| 
     254                    ;*----------------------------------------------------------------------------*
     255                    ;*   SOFTWARE PIPELINE INFORMATION
     256                    ;*      Disqualified loop: software pipelining disabled
     257                    ;*----------------------------------------------------------------------------*
     258 00000124           L3:    
     259 00000124 00100362             B       .S2     B4                ; |83| 
     260 00000128 01809C2A'            MVKL    .S2     RL0,B3            ; |83| 
     261 0000012c 0180006A'            MVKH    .S2     RL0,B3            ; |83| 
     262 00000130 0201F428             MVK     .S1     0x3e8,A4          ; |83| 
     263 00000134 00002000             NOP             2
     264 00000138           RL0:       ; CALL OCCURS                     ; |83| 
     265 00000138 023C22E6             LDW     .D2T2   *+SP(4),B4        ; |84| 
     266 0000013c 039C2942             ADD     .D2     1,B7,B7           ; |84| 
     267 00000140 00004000             NOP             3
     268 00000144 0010EBFA             CMPLTU  .L2     B7,B4,B0          ; |84| 
     269 00000148 2FFFFC90     [ B0]   B       .S1     L3                ; |84| 
     270 0000014c 2200562A'    [ B0]   MVKL    .S2     _delay_us,B4      ; |83| 
     271 00000150 2200006A'    [ B0]   MVKH    .S2     _delay_us,B4      ; |83| 
     272 00000154 00004000             NOP             3
     273                               ; BRANCH OCCURS                   ; |84| 
     274                    ;** --------------------------------------------------------------------------*
     275 00000158           L4:    
TMS320C6x COFF Assembler         Version 4.10     Mon May 25 14:24:59 2026
Copyright (c) 1996-2001 Texas Instruments Incorporated
temp\main.asm                                                        PAGE    6

     276 00000158 00240362             B       .S2     B9                ; |85| 
     277 0000015c 07BD0942             ADD     .D2     8,SP,SP           ; |85| 
     278 00000160 00006000             NOP             4
     279                               ; BRANCH OCCURS                   ; |85| 
     280                    
     281                    
     282 00000164                   .sect   ".text"
     283                            .global _WaitTFlag
     284                    
     285                    ;******************************************************************************
     286                    ;* FUNCTION NAME: _WaitTFlag                                                  *
     287                    ;*                                                                            *
     288                    ;*   Regs Modified     : A0,A1,A3                                             *
     289                    ;*   Regs Used         : A0,A1,A3,B3                                          *
     290                    ;*   Local Frame Size  : 0 Args + 0 Auto + 0 Save = 0 byte                    *
     291                    ;******************************************************************************
     292 00000164           _WaitTFlag:
     293                    ;** --------------------------------------------------------------------------*
     294 00000164 00000028!            MVKL    .S1     _TFlag,A0         ; |90| 
     295 00000168 00000068!            MVKH    .S1     _TFlag,A0         ; |90| 
     296 0000016c 00800264             LDW     .D1T1   *A0,A1            ; |90| 
     297 00000170 00006000             NOP             4
     298 00000174 80000810     [ A1]   B       .S1     L6                ; |90| 
     299 00000178 90000028!    [!A1]   MVKL    .S1     _TFlag,A0         ; |90| 
     300 0000017c 90000068!    [!A1]   MVKH    .S1     _TFlag,A0         ; |90| 
     301 00000180 90800264     [!A1]   LDW     .D1T1   *A0,A1            ; |90| 
     302 00000184 00002000             NOP             2
     303                               ; BRANCH OCCURS                   ; |90| 
     304                    ;*----------------------------------------------------------------------------*
     305                    ;*   SOFTWARE PIPELINE INFORMATION
     306                    ;*      Disqualified loop: software pipelining disabled
     307                    ;*----------------------------------------------------------------------------*
     308 00000188           L5:    
     309 00000188 00002000             NOP             2
     310 0000018c 90000110     [!A1]   B       .S1     L5                ; |90| 
     311 00000190 90000028!    [!A1]   MVKL    .S1     _TFlag,A0         ; |90| 
     312 00000194 90000068!    [!A1]   MVKH    .S1     _TFlag,A0         ; |90| 
     313 00000198 90800264     [!A1]   LDW     .D1T1   *A0,A1            ; |90| 
     314 0000019c 00002000             NOP             2
     315                               ; BRANCH OCCURS                   ; |90| 
     316                    ;** --------------------------------------------------------------------------*
     317 000001a0           L6:    
     318 000001a0 000C0362             B       .S2     B3                ; |92| 
     319 000001a4 00000028!            MVKL    .S1     _TFlag,A0         ; |91| 
     320 000001a8 00000068!            MVKH    .S1     _TFlag,A0         ; |91| 
     321 000001ac 018008C0             ZERO    .D1     A3                ; |91| 
     322 000001b0 01800274             STW     .D1T1   A3,*A0            ; |91| 
     323 000001b4 00000000             NOP             1
     324                               ; BRANCH OCCURS                   ; |92| 
     325                    
     326                    
     327 000001b8                   .sect   ".text"
     328                            .global _WaitTFlagCnt
     329                    
     330                    ;******************************************************************************
TMS320C6x COFF Assembler         Version 4.10     Mon May 25 14:24:59 2026
Copyright (c) 1996-2001 Texas Instruments Incorporated
temp\main.asm                                                        PAGE    7

     331                    ;* FUNCTION NAME: _WaitTFlagCnt                                               *
     332                    ;*                                                                            *
     333                    ;*   Regs Modified     : A0,A1,A3,B0,B3,B4,B5,B9,SP                           *
     334                    ;*   Regs Used         : A0,A1,A3,A4,B0,B3,B4,B5,B9,SP                        *
     335                    ;*   Local Frame Size  : 0 Args + 8 Auto + 0 Save = 8 byte                    *
     336                    ;******************************************************************************
     337 000001b8           _WaitTFlagCnt:
     338                    ;** --------------------------------------------------------------------------*
     339                    
     340 000001b8 07BD09C3             SUB     .D2     SP,8,SP           ; |96| 
     341 000001bc 00000028! ||         MVKL    .S1     _TFlag,A0         ; |99| 
     342                    
     343 000001c0 023C22F5             STW     .D2T1   A4,*+SP(4)        ; |96| 
     344 000001c4 00000069! ||         MVKH    .S1     _TFlag,A0         ; |99| 
     345 000001c8 018428C0  ||         ZERO    .D1     A3                ; |99| 
     346                    
     347 000001cc 01800274             STW     .D1T1   A3,*A0            ; |99| 
     348 000001d0 02BC22E6             LDW     .D2T2   *+SP(4),B5        ; |101| 
     349 000001d4 020008C2             ZERO    .D2     B4                ; |101| 
     350 000001d8 023C42F6             STW     .D2T2   B4,*+SP(8)        ; |101| 
     351 000001dc 048C01A2             MV      .S2     B3,B9             ; |96| 
     352 000001e0 00000000             NOP             1
     353 000001e4 00148BFA             CMPLTU  .L2     B4,B5,B0          ; |101| 
     354 000001e8 30000A10     [!B0]   B       .S1     L8                ; |101| 
     355 000001ec 2000B228'    [ B0]   MVKL    .S1     _WaitTFlag,A0     ; |102| 
     356 000001f0 20000068'    [ B0]   MVKH    .S1     _WaitTFlag,A0     ; |102| 
     357 000001f4 00004000             NOP             3
     358                               ; BRANCH OCCURS                   ; |101| 
     359                    ;*----------------------------------------------------------------------------*
     360                    ;*   SOFTWARE PIPELINE INFORMATION
     361                    ;*      Disqualified loop: software pipelining disabled
     362                    ;*----------------------------------------------------------------------------*
     363 000001f8           L7:    
     364 000001f8 00001362             B       .S2X    A0                ; |102| 
     365 000001fc 0181042A'            MVKL    .S2     RL2,B3            ; |102| 
     366 00000200 0180006A'            MVKH    .S2     RL2,B3            ; |102| 
     367 00000204 00004000             NOP             3
     368 00000208           RL2:       ; CALL OCCURS                     ; |102| 
     369 00000208 023C42E6             LDW     .D2T2   *+SP(8),B4        ; |103| 
     370 0000020c 02BC22E6             LDW     .D2T2   *+SP(4),B5        ; |103| 
     371 00000210 00004000             NOP             3
     372 00000214 02102942             ADD     .D2     1,B4,B4           ; |103| 
     373 00000218 00148BFA             CMPLTU  .L2     B4,B5,B0          ; |103| 
     374 0000021c 2FFFFF10     [ B0]   B       .S1     L7                ; |103| 
     375 00000220 023C42F6             STW     .D2T2   B4,*+SP(8)        ; |103| 
     376 00000224 2000B228'    [ B0]   MVKL    .S1     _WaitTFlag,A0     ; |102| 
     377 00000228 20000068'    [ B0]   MVKH    .S1     _WaitTFlag,A0     ; |102| 
     378 0000022c 00002000             NOP             2
     379                               ; BRANCH OCCURS                   ; |103| 
     380                    ;** --------------------------------------------------------------------------*
     381 00000230           L8:    
     382 00000230 00240362             B       .S2     B9                ; |104| 
     383 00000234 07BD0942             ADD     .D2     8,SP,SP           ; |104| 
     384 00000238 00006000             NOP             4
     385                               ; BRANCH OCCURS                   ; |104| 
TMS320C6x COFF Assembler         Version 4.10     Mon May 25 14:24:59 2026
Copyright (c) 1996-2001 Texas Instruments Incorporated
temp\main.asm                                                        PAGE    8

     386                    
     387                    
     388 0000023c                   .sect   ".text"
     389                            .global _BLDCDrive
     390                    
     391                    ;******************************************************************************
     392                    ;* FUNCTION NAME: _BLDCDrive                                                  *
     393                    ;*                                                                            *
     394                    ;*   Regs Modified     : A0,A1,A2,A3,A4,A5,A6,A7,A8,A9,B0,B1,B2,B3,B4,B5,B6,  *
     395                    ;*                           B7,B8,B9,SP                                      *
     396                    ;*   Regs Used         : A0,A1,A2,A3,A4,A5,A6,A7,A8,A9,B0,B1,B2,B3,B4,B5,B6,  *
     397                    ;*                           B7,B8,B9,SP                                      *
     398                    ;*   Local Frame Size  : 0 Args + 20 Auto + 4 Save = 24 byte                  *
     399                    ;******************************************************************************
     400 00000240           _BLDCDrive:
     401                    ;** --------------------------------------------------------------------------*
     402                    
     403 00000240 01BCD4F7             STW     .D2T2   B3,*SP--(24)      ; |118| 
     404 00000244 00009029  ||         MVKL    .S1     0x2000120,A0      ; |126| 
     405 00000248 020425E2  ||         ZERO    .S2     B4                ; |128| 
     406                    
     407 0000024c 023C22F5             STW     .D2T1   A4,*+SP(4)        ; |118| 
     408 00000250 0221246B  ||         MVKH    .S2     0x42480000,B4     ; |128| 
     409 00000254 00010069  ||         MVKH    .S1     0x2000120,A0      ; |126| 
     410 00000258 018428C1  ||         ZERO    .D1     A3                ; |128| 
     411 0000025c 0290105A  ||         MV      .L2X    A4,B5             ; |126| 
     412                    
     413 00000260 00000265             LDW     .D1T1   *A0,A0            ; |126| 
     414 00000264 0010AE63  ||         CMPGTSP .S2     B5,B4,B0          ; |128| 
     415 00000268 01A12468  ||         MVKH    .S1     0x42480000,A3     ; |128| 
     416                    
     417 0000026c 21BC22F4     [ B0]   STW     .D2T1   A3,*+SP(4)        ; |128| 
     418 00000270 02BC22E6             LDW     .D2T2   *+SP(4),B5        ; |129| 
     419 00000274 020008C2             ZERO    .D2     B4                ; |129| 
     420 00000278 018008C0             ZERO    .D1     A3                ; |129| 
     421 0000027c 0261246A             MVKH    .S2     0xc2480000,B4     ; |129| 
     422 00000280 01E12468             MVKH    .S1     0xc2480000,A3     ; |129| 
     423 00000284 0010AEA2             CMPLTSP .S2     B5,B4,B0          ; |129| 
     424 00000288 21BC22F4     [ B0]   STW     .D2T1   A3,*+SP(4)        ; |129| 
     425 0000028c 033C22E6             LDW     .D2T2   *+SP(4),B6        ; |131| 
     426 00000290 0280002A!            MVKL    .S2     __divf,B5         ; |131| 
     427 00000294 0280006A!            MVKH    .S2     __divf,B5         ; |131| 
     428                    
     429 00000298 00140363             B       .S2     B5                ; |131| 
     430 0000029c 01F80028  ||         MVKL    .S1     0x457ff000,A3     ; |131| 
     431                    
     432 000002a0 01A2BFE8             MVKH    .S1     0x457ff000,A3     ; |131| 
     433 000002a4 02187E00             MPYSP   .M1X    A3,B6,A4          ; |131| 
     434 000002a8 0181602A'            MVKL    .S2     RL4,B3            ; |131| 
     435                    
     436 000002ac 020428C3             ZERO    .D2     B4                ; |131| 
     437 000002b0 0000E7A1  ||         AND     .S1     7,A0,A0           ; |126| 
     438 000002b4 0180006A' ||         MVKH    .S2     RL4,B3            ; |131| 
     439                    
     440 000002b8 0221646B             MVKH    .S2     0x42c80000,B4     ; |131| 
TMS320C6x COFF Assembler         Version 4.10     Mon May 25 14:24:59 2026
Copyright (c) 1996-2001 Texas Instruments Incorporated
temp\main.asm                                                        PAGE    9

     441 000002bc 003C42F4  ||         STW     .D2T1   A0,*+SP(8)        ; |126| 
     442                    
     443 000002c0           RL4:       ; CALL OCCURS                     ; |131| 
     444 000002c0 00100178             SPTRUNC .L1     A4,A0             ; |131| 
     445 000002c4 03BC42E6             LDW     .D2T2   *+SP(8),B7        ; |136| 
     446 000002c8 0304002A             MVK     .S2     2048,B6           ; |134| 
     447 000002cc 01840028             MVK     .S1     2048,A3           ; |137| 
     448 000002d0 0200105A             MV      .L2X    A0,B4             ; |131| 
     449                    
     450 000002d4 0280105B             MV      .L2X    A0,B5             ; |131| 
     451 000002d8 003C62F5  ||         STW     .D2T1   A0,*+SP(12)       ; |131| 
     452 000002dc 02040052  ||         ADDK    .S2     2048,B4           ; |133| 
     453                    
     454 000002e0 0214C5E3             SUB     .S2     B6,B5,B4          ; |134| 
     455 000002e4 023C82F7  ||         STW     .D2T2   B4,*+SP(16)       ; |133| 
     456 000002e8 00008828  ||         MVKL    .S1     0x2000110,A0      ; |137| 
     457                    
     458 000002ec 023CA2F7             STW     .D2T2   B4,*+SP(20)       ; |134| 
     459 000002f0 001C4A5B  ||         CMPEQ   .L2     B7,2,B0           ; |136| 
     460 000002f4 00010068  ||         MVKH    .S1     0x2000110,A0      ; |137| 
     461                    
     462 000002f8 21800274     [ B0]   STW     .D1T1   A3,*A0            ; |137| 
     463 000002fc 22BCA2E6     [ B0]   LDW     .D2T2   *+SP(20),B5       ; |138| 
     464 00000300 0200862A             MVKL    .S2     0x200010c,B4      ; |138| 
     465 00000304 0201006A             MVKH    .S2     0x200010c,B4      ; |138| 
     466 00000308 00008428             MVKL    .S1     0x2000108,A0      ; |139| 
     467 0000030c 00010068             MVKH    .S1     0x2000108,A0      ; |139| 
     468 00000310 229002F6     [ B0]   STW     .D2T2   B5,*B4            ; |138| 
     469                    
     470 00000314 223C82E7     [ B0]   LDW     .D2T2   *+SP(16),B4       ; |139| 
     471 00000318 20002990  || [ B0]   B       .S1     L9                ; |140| 
     472                    
     473 0000031c 009C6A5A             CMPEQ   .L2     B7,3,B1
     474 00000320 303C82E4     [!B0]   LDW     .D2T1   *+SP(16),A0       ; |141| 
     475 00000324 00002000             NOP             2
     476 00000328 22000276     [ B0]   STW     .D1T2   B4,*A0            ; |139| 
     477                               ; BRANCH OCCURS                   ; |140| 
     478                    ;** --------------------------------------------------------------------------*
     479 0000032c 0200882A             MVKL    .S2     0x2000110,B4      ; |141| 
     480 00000330 0201006A             MVKH    .S2     0x2000110,B4      ; |141| 
     481 00000334 02BC42E6             LDW     .D2T2   *+SP(8),B5        ; |144| 
     482 00000338 01808428             MVKL    .S1     0x2000108,A3      ; |143| 
     483 0000033c 401002F4     [ B1]   STW     .D2T1   A0,*B4            ; |141| 
     484 00000340 423CA2E6     [ B1]   LDW     .D2T2   *+SP(20),B4       ; |142| 
     485 00000344 40002190     [ B1]   B       .S1     L9                ; |144| 
     486 00000348 00008628             MVKL    .S1     0x200010c,A0      ; |142| 
     487 0000034c 00010068             MVKH    .S1     0x200010c,A0      ; |142| 
     488 00000350 01810068             MVKH    .S1     0x2000108,A3      ; |143| 
     489                    
     490 00000354 42000277     [ B1]   STW     .D1T2   B4,*A0            ; |142| 
     491 00000358 0204002A  ||         MVK     .S2     2048,B4           ; |143| 
     492                    
     493 00000360 420C0277     [ B1]   STW     .D1T2   B4,*A3            ; |143| 
     494 00000364 00142A5B  ||         CMPEQ   .L2     B5,1,B0           ; |144| 
     495 00000368 51BC82E4  || [!B1]   LDW     .D2T1   *+SP(16),A3       ; |145| 
TMS320C6x COFF Assembler         Version 4.10     Mon May 25 14:24:59 2026
Copyright (c) 1996-2001 Texas Instruments Incorporated
temp\main.asm                                                        PAGE   10

     496                    
     497                               ; BRANCH OCCURS                   ; |144| 
     498                    ;** --------------------------------------------------------------------------*
     499 0000036c 0200882A             MVKL    .S2     0x2000110,B4      ; |145| 
     500 00000370 0201006A             MVKH    .S2     0x2000110,B4      ; |145| 
     501 00000374 02BC42E6             LDW     .D2T2   *+SP(8),B5        ; |148| 
     502 00000378 00008628             MVKL    .S1     0x200010c,A0      ; |146| 
     503                    
     504 00000380 0204002B             MVK     .S2     2048,B4           ; |146| 
     505 00000384 219002F5  || [ B0]   STW     .D2T1   A3,*B4            ; |145| 
     506 00000388 00010068  ||         MVKH    .S1     0x200010c,A0      ; |146| 
     507                    
     508 0000038c 22000276     [ B0]   STW     .D1T2   B4,*A0            ; |146| 
     509                    
     510 00000390 20001991     [ B0]   B       .S1     L9                ; |148| 
     511 00000394 223CA2E6  || [ B0]   LDW     .D2T2   *+SP(20),B4       ; |147| 
     512                    
     513 00000398 00008428             MVKL    .S1     0x2000108,A0      ; |147| 
     514 0000039c 00010068             MVKH    .S1     0x2000108,A0      ; |147| 
     515 000003a0 0094AA5A             CMPEQ   .L2     B5,5,B1           ; |148| 
     516 000003a4 30008828     [!B0]   MVKL    .S1     0x2000110,A0      ; |149| 
     517 000003a8 22000276     [ B0]   STW     .D1T2   B4,*A0            ; |147| 
     518                               ; BRANCH OCCURS                   ; |148| 
     519                    ;** --------------------------------------------------------------------------*
     520                    
     521 000003ac 00010069             MVKH    .S1     0x2000110,A0      ; |149| 
     522 000003b0 02BC42E7  ||         LDW     .D2T2   *+SP(8),B5        ; |152| 
     523 000003b4 0204002A  ||         MVK     .S2     2048,B4           ; |149| 
     524                    
     525 000003b8 42000276     [ B1]   STW     .D1T2   B4,*A0            ; |149| 
     526 000003bc 403C82E4     [ B1]   LDW     .D2T1   *+SP(16),A0       ; |150| 
     527 000003c0 0200862A             MVKL    .S2     0x200010c,B4      ; |150| 
     528 000003c4 0201006A             MVKH    .S2     0x200010c,B4      ; |150| 
     529 000003c8 00148A5A             CMPEQ   .L2     B5,4,B0           ; |152| 
     530 000003cc 51BCA2E4     [!B1]   LDW     .D2T1   *+SP(20),A3       ; |153| 
     531 000003d0 401002F4     [ B1]   STW     .D2T1   A0,*B4            ; |150| 
     532                    
     533 000003d4 423CA2E7     [ B1]   LDW     .D2T2   *+SP(20),B4       ; |151| 
     534 000003d8 40001190  || [ B1]   B       .S1     L9                ; |152| 
     535                    
     536 000003dc 00008428             MVKL    .S1     0x2000108,A0      ; |151| 
     537 000003e0 00010068             MVKH    .S1     0x2000108,A0      ; |151| 
     538 000003e4 00002000             NOP             2
     539 000003e8 42000276     [ B1]   STW     .D1T2   B4,*A0            ; |151| 
     540                               ; BRANCH OCCURS                   ; |152| 
     541                    ;** --------------------------------------------------------------------------*
     542 000003ec 0200882A             MVKL    .S2     0x2000110,B4      ; |153| 
     543 000003f0 0280882A             MVKL    .S2     0x2000110,B5      ; |157| 
     544 000003f4 0201006A             MVKH    .S2     0x2000110,B4      ; |153| 
     545 000003f8 0281006A             MVKH    .S2     0x2000110,B5      ; |157| 
     546                    
     547 00000400 000C0941             MV      .D1     A3,A0             ; |153| 
     548 00000404 219002F4  || [ B0]   STW     .D2T1   A3,*B4            ; |153| 
     549                    
     550 00000408 00008629             MVKL    .S1     0x200010c,A0      ; |158| 
TMS320C6x COFF Assembler         Version 4.10     Mon May 25 14:24:59 2026
Copyright (c) 1996-2001 Texas Instruments Incorporated
temp\main.asm                                                        PAGE   11

     551 0000040c 301402F4  || [!B0]   STW     .D2T1   A0,*B5            ; |157| 
     552                    
     553 00000410 223C82E5     [ B0]   LDW     .D2T1   *+SP(16),A4       ; |154| 
     554 00000414 00010069  ||         MVKH    .S1     0x200010c,A0      ; |158| 
     555 00000418 0204002A  ||         MVK     .S2     2048,B4           ; |158| 
     556                    
     557 00000420 32000277     [!B0]   STW     .D1T2   B4,*A0            ; |158| 
     558 00000424 02808428  ||         MVKL    .S1     0x2000108,A5      ; |159| 
     559                    
     560 00000428 32BC82E7     [!B0]   LDW     .D2T2   *+SP(16),B5       ; |159| 
     561 0000042c 01808428  ||         MVKL    .S1     0x2000108,A3      ; |155| 
     562                    
     563 00000430 00008628             MVKL    .S1     0x200010c,A0      ; |154| 
     564 00000434 00010068             MVKH    .S1     0x200010c,A0      ; |154| 
     565                    
     566 00000438 22000275     [ B0]   STW     .D1T1   A4,*A0            ; |154| 
     567 0000043c 01810068  ||         MVKH    .S1     0x2000108,A3      ; |155| 
     568                    
     569 00000440 220C0277     [ B0]   STW     .D1T2   B4,*A3            ; |155| 
     570 00000444 02810068  ||         MVKH    .S1     0x2000108,A5      ; |159| 
     571                    
     572 00000448 32940276     [!B0]   STW     .D1T2   B5,*A5            ; |159| 
     573                    ;** --------------------------------------------------------------------------*
     574 0000044c           L9:    
     575 0000044c 0200082A-            MVKL    .S2     _prev_hall$1,B4   ; |162| 
     576 00000450 0200006A-            MVKH    .S2     _prev_hall$1,B4   ; |162| 
     577 00000454 001002E6             LDW     .D2T2   *B4,B0            ; |162| 
     578 00000458 02BC42E6             LDW     .D2T2   *+SP(8),B5        ; |163| 
     579 0000045c 00000828-            MVKL    .S1     _prev_hall$1,A0   ; |163| 
     580 00000460 01800828-            MVKL    .S1     _prev_hall$1,A3   ; |167| 
     581 00000464 00000068-            MVKH    .S1     _prev_hall$1,A0   ; |163| 
     582 00000468 30006710     [!B0]   B       .S1     L11               ; |164| 
     583                    
     584 0000046c 32800277     [!B0]   STW     .D1T2   B5,*A0            ; |163| 
     585 00000470 003C42E4  ||         LDW     .D2T1   *+SP(8),A0        ; |167| 
     586                    
     587 00000474 01800068-            MVKH    .S1     _prev_hall$1,A3   ; |167| 
     588 00000478 00004000             NOP             3
     589                               ; BRANCH OCCURS                   ; |164| 
     590                    ;** --------------------------------------------------------------------------*
     591 0000047c 018C0264             LDW     .D1T1   *A3,A3            ; |167| 
     592 00000480 023C42E6             LDW     .D2T2   *+SP(8),B4        ; |168| 
     593 00000484 00004000             NOP             3
     594 00000488 008C0A78             CMPEQ   .L1     A0,A3,A1          ; |167| 
     595 0000048c 80006390     [ A1]   B       .S1     L12               ; |167| 
     596 00000490 81BCD2E6     [ A1]   LDW     .D2T2   *++SP(24),B3      ; |184| 
     597 00000494 00104A5A             CMPEQ   .L2     B4,2,B0           ; |168| 
     598 00000498 00004000             NOP             3
     599                               ; BRANCH OCCURS                   ; |167| 
     600                    ;** --------------------------------------------------------------------------*
     601 0000049c 0200082A-            MVKL    .S2     _prev_hall$1,B4   ; |168| 
     602 000004a0 0200006A-            MVKH    .S2     _prev_hall$1,B4   ; |168| 
     603 000004a4 221002E6     [ B0]   LDW     .D2T2   *B4,B4            ; |168| 
     604 000004a8 00000028-            MVKL    .S1     _hall_count,A0    ; |168| 
     605 000004ac 00000068-            MVKH    .S1     _hall_count,A0    ; |168| 
TMS320C6x COFF Assembler         Version 4.10     Mon May 25 14:24:59 2026
Copyright (c) 1996-2001 Texas Instruments Incorporated
temp\main.asm                                                        PAGE   12

     606 000004b0 00002000             NOP             2
     607 000004b4 2010CA5A     [ B0]   CMPEQ   .L2     B4,6,B0           ; |168| 
     608 000004b8 00801058             MV      .L1X    B0,A1             ; |168| 
     609 000004bc 81800264     [ A1]   LDW     .D1T1   *A0,A3            ; |168| 
     610                    
     611 000004c0 023C42E7             LDW     .D2T2   *+SP(8),B4        ; |169| 
     612 000004c4 80005890  || [ A1]   B       .S1     L10               ; |168| 
     613                    
     614 000004c8 00004000             NOP             3
     615 000004cc 818C2940     [ A1]   ADD     .D1     1,A3,A3           ; |168| 
     616                    
     617 000004d0 81800275     [ A1]   STW     .D1T1   A3,*A0            ; |168| 
     618 000004d4 00106A5A  ||         CMPEQ   .L2     B4,3,B0           ; |169| 
     619                    
     620                               ; BRANCH OCCURS                   ; |168| 
     621                    ;** --------------------------------------------------------------------------*
     622 000004d8 0200082A-            MVKL    .S2     _prev_hall$1,B4   ; |169| 
     623 000004dc 0200006A-            MVKH    .S2     _prev_hall$1,B4   ; |169| 
     624 000004e0 221002E6     [ B0]   LDW     .D2T2   *B4,B4            ; |169| 
     625 000004e4 00000028-            MVKL    .S1     _hall_count,A0    ; |169| 
     626 000004e8 00000068-            MVKH    .S1     _hall_count,A0    ; |169| 
     627 000004ec 00002000             NOP             2
     628 000004f0 20104A5A     [ B0]   CMPEQ   .L2     B4,2,B0           ; |169| 
     629 000004f4 00801058             MV      .L1X    B0,A1             ; |169| 
     630 000004f8 81800264     [ A1]   LDW     .D1T1   *A0,A3            ; |169| 
     631                    
     632 00000500 023C42E7             LDW     .D2T2   *+SP(8),B4        ; |170| 
     633 00000504 80005090  || [ A1]   B       .S1     L10               ; |169| 
     634                    
     635 00000508 00004000             NOP             3
     636 0000050c 818C2940     [ A1]   ADD     .D1     1,A3,A3           ; |169| 
     637                    
     638 00000510 81800275     [ A1]   STW     .D1T1   A3,*A0            ; |169| 
     639 00000514 00102A5A  ||         CMPEQ   .L2     B4,1,B0           ; |170| 
     640                    
     641                               ; BRANCH OCCURS                   ; |169| 
     642                    ;** --------------------------------------------------------------------------*
     643 00000518 0200082A-            MVKL    .S2     _prev_hall$1,B4   ; |170| 
     644 0000051c 0200006A-            MVKH    .S2     _prev_hall$1,B4   ; |170| 
     645 00000520 221002E6     [ B0]   LDW     .D2T2   *B4,B4            ; |170| 
     646 00000524 00000028-            MVKL    .S1     _hall_count,A0    ; |170| 
     647 00000528 00000068-            MVKH    .S1     _hall_count,A0    ; |170| 
     648 0000052c 00002000             NOP             2
     649 00000530 20106A5A     [ B0]   CMPEQ   .L2     B4,3,B0           ; |170| 
     650 00000534 00801058             MV      .L1X    B0,A1             ; |170| 
     651 00000538 81800264     [ A1]   LDW     .D1T1   *A0,A3            ; |170| 
     652                    
     653 00000540 023C42E7             LDW     .D2T2   *+SP(8),B4        ; |171| 
     654 00000544 80004890  || [ A1]   B       .S1     L10               ; |170| 
     655                    
     656 00000548 00004000             NOP             3
     657 0000054c 818C2940     [ A1]   ADD     .D1     1,A3,A3           ; |170| 
     658                    
     659 00000550 81800275     [ A1]   STW     .D1T1   A3,*A0            ; |170| 
     660 00000554 0010AA5A  ||         CMPEQ   .L2     B4,5,B0           ; |171| 
TMS320C6x COFF Assembler         Version 4.10     Mon May 25 14:24:59 2026
Copyright (c) 1996-2001 Texas Instruments Incorporated
temp\main.asm                                                        PAGE   13

     661                    
     662                               ; BRANCH OCCURS                   ; |170| 
     663                    ;** --------------------------------------------------------------------------*
     664 00000558 0200082A-            MVKL    .S2     _prev_hall$1,B4   ; |171| 
     665 0000055c 0200006A-            MVKH    .S2     _prev_hall$1,B4   ; |171| 
     666 00000560 221002E6     [ B0]   LDW     .D2T2   *B4,B4            ; |171| 
     667 00000564 00000028-            MVKL    .S1     _hall_count,A0    ; |171| 
     668 00000568 00000068-            MVKH    .S1     _hall_count,A0    ; |171| 
     669 0000056c 00002000             NOP             2
     670 00000570 20102A5A     [ B0]   CMPEQ   .L2     B4,1,B0           ; |171| 
     671 00000574 00801058             MV      .L1X    B0,A1             ; |171| 
     672 00000578 81800264     [ A1]   LDW     .D1T1   *A0,A3            ; |171| 
     673                    
     674 00000580 023C42E7             LDW     .D2T2   *+SP(8),B4        ; |172| 
     675 00000584 80004090  || [ A1]   B       .S1     L10               ; |171| 
     676                    
     677 00000588 00004000             NOP             3
     678 0000058c 818C2940     [ A1]   ADD     .D1     1,A3,A3           ; |171| 
     679                    
     680 00000590 81800275     [ A1]   STW     .D1T1   A3,*A0            ; |171| 
     681 00000594 00108A5A  ||         CMPEQ   .L2     B4,4,B0           ; |172| 
     682                    
     683                               ; BRANCH OCCURS                   ; |171| 
     684                    ;** --------------------------------------------------------------------------*
     685 00000598 0200082A-            MVKL    .S2     _prev_hall$1,B4   ; |172| 
     686 0000059c 0200006A-            MVKH    .S2     _prev_hall$1,B4   ; |172| 
     687 000005a0 221002E6     [ B0]   LDW     .D2T2   *B4,B4            ; |172| 
     688 000005a4 00000028-            MVKL    .S1     _hall_count,A0    ; |172| 
     689 000005a8 00000068-            MVKH    .S1     _hall_count,A0    ; |172| 
     690 000005ac 00002000             NOP             2
     691 000005b0 2010AA5A     [ B0]   CMPEQ   .L2     B4,5,B0           ; |172| 
     692 000005b4 00801058             MV      .L1X    B0,A1             ; |172| 
     693 000005b8 81800264     [ A1]   LDW     .D1T1   *A0,A3            ; |172| 
     694                    
     695 000005c0 023C42E7             LDW     .D2T2   *+SP(8),B4        ; |173| 
     696 000005c4 80003890  || [ A1]   B       .S1     L10               ; |172| 
     697                    
     698 000005c8 00004000             NOP             3
     699 000005cc 818C2940     [ A1]   ADD     .D1     1,A3,A3           ; |172| 
     700                    
     701 000005d0 81800275     [ A1]   STW     .D1T1   A3,*A0            ; |172| 
     702 000005d4 0010CA5A  ||         CMPEQ   .L2     B4,6,B0           ; |173| 
     703                    
     704                               ; BRANCH OCCURS                   ; |172| 
     705                    ;** --------------------------------------------------------------------------*
     706 000005d8 0200082A-            MVKL    .S2     _prev_hall$1,B4   ; |173| 
     707 000005dc 0200006A-            MVKH    .S2     _prev_hall$1,B4   ; |173| 
     708 000005e0 221002E6     [ B0]   LDW     .D2T2   *B4,B4            ; |173| 
     709 000005e4 00000028-            MVKL    .S1     _hall_count,A0    ; |173| 
     710 000005e8 00000068-            MVKH    .S1     _hall_count,A0    ; |173| 
     711 000005ec 00002000             NOP             2
     712 000005f0 20108A5A     [ B0]   CMPEQ   .L2     B4,4,B0           ; |173| 
     713 000005f4 00801058             MV      .L1X    B0,A1             ; |173| 
     714 000005f8 81800264     [ A1]   LDW     .D1T1   *A0,A3            ; |173| 
     715                    
TMS320C6x COFF Assembler         Version 4.10     Mon May 25 14:24:59 2026
Copyright (c) 1996-2001 Texas Instruments Incorporated
temp\main.asm                                                        PAGE   14

     716 00000600 023C42E7             LDW     .D2T2   *+SP(8),B4        ; |175| 
     717 00000604 80003090  || [ A1]   B       .S1     L10               ; |173| 
     718                    
     719 00000608 00004000             NOP             3
     720 0000060c 818C2940     [ A1]   ADD     .D1     1,A3,A3           ; |173| 
     721                    
     722 00000610 81800275     [ A1]   STW     .D1T1   A3,*A0            ; |173| 
     723 00000614 0010CA5A  ||         CMPEQ   .L2     B4,6,B0           ; |175| 
     724                    
     725                               ; BRANCH OCCURS                   ; |173| 
     726                    ;** --------------------------------------------------------------------------*
     727 00000618 0200082A-            MVKL    .S2     _prev_hall$1,B4   ; |175| 
     728 0000061c 0200006A-            MVKH    .S2     _prev_hall$1,B4   ; |175| 
     729 00000620 221002E6     [ B0]   LDW     .D2T2   *B4,B4            ; |175| 
     730 00000624 00000028-            MVKL    .S1     _hall_count,A0    ; |175| 
     731 00000628 00000068-            MVKH    .S1     _hall_count,A0    ; |175| 
     732 0000062c 00002000             NOP             2
     733 00000630 20104A5A     [ B0]   CMPEQ   .L2     B4,2,B0           ; |175| 
     734 00000634 00801058             MV      .L1X    B0,A1             ; |175| 
     735 00000638 81800264     [ A1]   LDW     .D1T1   *A0,A3            ; |175| 
     736                    
     737 00000640 023C42E7             LDW     .D2T2   *+SP(8),B4        ; |176| 
     738 00000644 80002890  || [ A1]   B       .S1     L10               ; |175| 
     739                    
     740 00000648 00004000             NOP             3
     741 0000064c 818C29C0     [ A1]   SUB     .D1     A3,1,A3           ; |175| 
     742                    
     743 00000650 81800275     [ A1]   STW     .D1T1   A3,*A0            ; |175| 
     744 00000654 00104A5A  ||         CMPEQ   .L2     B4,2,B0           ; |176| 
     745                    
     746                               ; BRANCH OCCURS                   ; |175| 
     747                    ;** --------------------------------------------------------------------------*
     748 00000658 0200082A-            MVKL    .S2     _prev_hall$1,B4   ; |176| 
     749 0000065c 0200006A-            MVKH    .S2     _prev_hall$1,B4   ; |176| 
     750 00000660 221002E6     [ B0]   LDW     .D2T2   *B4,B4            ; |176| 
     751 00000664 00000028-            MVKL    .S1     _hall_count,A0    ; |176| 
     752 00000668 00000068-            MVKH    .S1     _hall_count,A0    ; |176| 
     753 0000066c 00002000             NOP             2
     754 00000670 20106A5A     [ B0]   CMPEQ   .L2     B4,3,B0           ; |176| 
     755 00000674 00801058             MV      .L1X    B0,A1             ; |176| 
     756 00000678 81800264     [ A1]   LDW     .D1T1   *A0,A3            ; |176| 
     757                    
     758 00000680 023C42E7             LDW     .D2T2   *+SP(8),B4        ; |177| 
     759 00000684 80002090  || [ A1]   B       .S1     L10               ; |176| 
     760                    
     761 00000688 00004000             NOP             3
     762 0000068c 818C29C0     [ A1]   SUB     .D1     A3,1,A3           ; |176| 
     763                    
     764 00000690 81800275     [ A1]   STW     .D1T1   A3,*A0            ; |176| 
     765 00000694 00106A5A  ||         CMPEQ   .L2     B4,3,B0           ; |177| 
     766                    
     767                               ; BRANCH OCCURS                   ; |176| 
     768                    ;** --------------------------------------------------------------------------*
     769 00000698 0200082A-            MVKL    .S2     _prev_hall$1,B4   ; |177| 
     770 0000069c 0200006A-            MVKH    .S2     _prev_hall$1,B4   ; |177| 
TMS320C6x COFF Assembler         Version 4.10     Mon May 25 14:24:59 2026
Copyright (c) 1996-2001 Texas Instruments Incorporated
temp\main.asm                                                        PAGE   15

     771 000006a0 221002E6     [ B0]   LDW     .D2T2   *B4,B4            ; |177| 
     772 000006a4 00000028-            MVKL    .S1     _hall_count,A0    ; |177| 
     773 000006a8 00000068-            MVKH    .S1     _hall_count,A0    ; |177| 
     774 000006ac 00002000             NOP             2
     775 000006b0 20102A5A     [ B0]   CMPEQ   .L2     B4,1,B0           ; |177| 
     776 000006b4 00801058             MV      .L1X    B0,A1             ; |177| 
     777 000006b8 81800264     [ A1]   LDW     .D1T1   *A0,A3            ; |177| 
     778                    
     779 000006c0 023C42E7             LDW     .D2T2   *+SP(8),B4        ; |178| 
     780 000006c4 80001890  || [ A1]   B       .S1     L10               ; |177| 
     781                    
     782 000006c8 00004000             NOP             3
     783 000006cc 818C29C0     [ A1]   SUB     .D1     A3,1,A3           ; |177| 
     784                    
     785 000006d0 81800275     [ A1]   STW     .D1T1   A3,*A0            ; |177| 
     786 000006d4 00102A5A  ||         CMPEQ   .L2     B4,1,B0           ; |178| 
     787                    
     788                               ; BRANCH OCCURS                   ; |177| 
     789                    ;** --------------------------------------------------------------------------*
     790 000006d8 0200082A-            MVKL    .S2     _prev_hall$1,B4   ; |178| 
     791 000006dc 0200006A-            MVKH    .S2     _prev_hall$1,B4   ; |178| 
     792 000006e0 221002E6     [ B0]   LDW     .D2T2   *B4,B4            ; |178| 
     793 000006e4 00000028-            MVKL    .S1     _hall_count,A0    ; |178| 
     794 000006e8 00000068-            MVKH    .S1     _hall_count,A0    ; |178| 
     795 000006ec 00002000             NOP             2
     796 000006f0 2010AA5A     [ B0]   CMPEQ   .L2     B4,5,B0           ; |178| 
     797 000006f4 00801058             MV      .L1X    B0,A1             ; |178| 
     798 000006f8 81800264     [ A1]   LDW     .D1T1   *A0,A3            ; |178| 
     799                    
     800 00000700 023C42E7             LDW     .D2T2   *+SP(8),B4        ; |179| 
     801 00000704 80001090  || [ A1]   B       .S1     L10               ; |178| 
     802                    
     803 00000708 00004000             NOP             3
     804 0000070c 818C29C0     [ A1]   SUB     .D1     A3,1,A3           ; |178| 
     805                    
     806 00000710 81800275     [ A1]   STW     .D1T1   A3,*A0            ; |178| 
     807 00000714 0010AA5A  ||         CMPEQ   .L2     B4,5,B0           ; |179| 
     808                    
     809                               ; BRANCH OCCURS                   ; |178| 
     810                    ;** --------------------------------------------------------------------------*
     811 00000718 0200082A-            MVKL    .S2     _prev_hall$1,B4   ; |179| 
     812 0000071c 0200006A-            MVKH    .S2     _prev_hall$1,B4   ; |179| 
     813 00000720 221002E6     [ B0]   LDW     .D2T2   *B4,B4            ; |179| 
     814 00000724 00000028-            MVKL    .S1     _hall_count,A0    ; |179| 
     815 00000728 00000068-            MVKH    .S1     _hall_count,A0    ; |179| 
     816 0000072c 00002000             NOP             2
     817 00000730 20108A5A     [ B0]   CMPEQ   .L2     B4,4,B0           ; |179| 
     818 00000734 00801058             MV      .L1X    B0,A1             ; |179| 
     819 00000738 81800264     [ A1]   LDW     .D1T1   *A0,A3            ; |179| 
     820                    
     821 00000740 023C42E7             LDW     .D2T2   *+SP(8),B4        ; |180| 
     822 00000744 80000890  || [ A1]   B       .S1     L10               ; |179| 
     823                    
     824 00000748 00004000             NOP             3
     825 0000074c 818C29C0     [ A1]   SUB     .D1     A3,1,A3           ; |179| 
TMS320C6x COFF Assembler         Version 4.10     Mon May 25 14:24:59 2026
Copyright (c) 1996-2001 Texas Instruments Incorporated
temp\main.asm                                                        PAGE   16

     826                    
     827 00000750 81800275     [ A1]   STW     .D1T1   A3,*A0            ; |179| 
     828 00000754 00108A5A  ||         CMPEQ   .L2     B4,4,B0           ; |180| 
     829                    
     830                               ; BRANCH OCCURS                   ; |179| 
     831                    ;** --------------------------------------------------------------------------*
     832 00000758 0200082A-            MVKL    .S2     _prev_hall$1,B4   ; |180| 
     833 0000075c 0200006A-            MVKH    .S2     _prev_hall$1,B4   ; |180| 
     834 00000760 221002E6     [ B0]   LDW     .D2T2   *B4,B4            ; |180| 
     835 00000764 00000028-            MVKL    .S1     _hall_count,A0    ; |180| 
     836 00000768 00000068-            MVKH    .S1     _hall_count,A0    ; |180| 
     837 0000076c 00002000             NOP             2
     838 00000770 2010CA5A     [ B0]   CMPEQ   .L2     B4,6,B0           ; |180| 
     839 00000774 21800264     [ B0]   LDW     .D1T1   *A0,A3            ; |180| 
     840 00000778 00006000             NOP             4
     841 0000077c 218C29C0     [ B0]   SUB     .D1     A3,1,A3           ; |180| 
     842 00000780 21800274     [ B0]   STW     .D1T1   A3,*A0            ; |180| 
     843                    ;** --------------------------------------------------------------------------*
     844 00000784           L10:    
     845 00000784 023C42E6             LDW     .D2T2   *+SP(8),B4        ; |182| 
     846 00000788 00000828-            MVKL    .S1     _prev_hall$1,A0   ; |182| 
     847 0000078c 00000068-            MVKH    .S1     _prev_hall$1,A0   ; |182| 
     848 00000790 00002000             NOP             2
     849 00000794 02000276             STW     .D1T2   B4,*A0            ; |182| 
     850                    ;** --------------------------------------------------------------------------*
     851 00000798           L11:    
     852 00000798 01BCD2E6             LDW     .D2T2   *++SP(24),B3      ; |184| 
     853                    ;** --------------------------------------------------------------------------*
     854 0000079c           L12:    
     855 0000079c 00006000             NOP             4
     856 000007a0 000C0362             B       .S2     B3                ; |184| 
     857 000007a4 00008000             NOP             5
     858                               ; BRANCH OCCURS                   ; |184| 
     859                    
     860                    
     861 000007a8                   .sect   ".text"
     862                            .global _main
     863                    
     864                    ;******************************************************************************
     865                    ;* FUNCTION NAME: _main                                                       *
     866                    ;*                                                                            *
     867                    ;*   Regs Modified     : A0,A1,A2,A3,A4,A5,A6,A7,A8,A9,B0,B1,B2,B3,B4,B5,B6,  *
     868                    ;*                           B7,B8,B9,SP                                      *
     869                    ;*   Regs Used         : A0,A1,A2,A3,A4,A5,A6,A7,A8,A9,B0,B1,B2,B3,B4,B5,B6,  *
     870                    ;*                           B7,B8,B9,SP                                      *
     871                    ;*   Local Frame Size  : 16 Args + 20 Auto + 4 Save = 40 byte                 *
     872                    ;******************************************************************************
     873 000007a8           _main:
     874                    ;** --------------------------------------------------------------------------*
     875                    
     876 000007a8 01BD54F7             STW     .D2T2   B3,*SP--(40)      ; |187| 
     877 000007ac 007FEC28  ||         MVK     .S1     -40,A0            ; |198| 
     878                    
     879 000007b0 00001929             MVK     .S1     50,A0             ; |200| 
     880 000007b4 003CE2F5  ||         STW     .D2T1   A0,*+SP(28)       ; |198| 
TMS320C6x COFF Assembler         Version 4.10     Mon May 25 14:24:59 2026
Copyright (c) 1996-2001 Texas Instruments Incorporated
temp\main.asm                                                        PAGE   17

     881 000007b8 020011A2  ||         MV      .S2X    A0,B4             ; |198| 
     882                    
     883 000007bc 00901AF8             CMPGT   .L1X    B4,A0,A1          ; |200| 
     884 000007c0 803CE2F4     [ A1]   STW     .D2T1   A0,*+SP(28)       ; |200| 
     885 000007c4 023CE2E6             LDW     .D2T2   *+SP(28),B4       ; |201| 
     886 000007c8 02FFE72A             MVK     .S2     -50,B5            ; |201| 
     887 000007cc 007FE728             MVK     .S1     -50,A0            ; |201| 
     888 000007d0 01840A2A'            MVKL    .S2     RL6,B3            ; |203| 
     889 000007d4 0180006A'            MVKH    .S2     RL6,B3            ; |203| 
     890 000007d8 00148AFA             CMPLT   .L2     B4,B5,B0          ; |201| 
     891 000007dc 203CE2F4     [ B0]   STW     .D2T1   A0,*+SP(28)       ; |201| 
     892 000007e0 023CE2E6             LDW     .D2T2   *+SP(28),B4       ; |203| 
     893 000007e4 00780028             MVKL    .S1     0x457ff000,A0     ; |203| 
     894 000007e8 0022BFE8             MVKH    .S1     0x457ff000,A0     ; |203| 
     895 000007ec 00002000             NOP             2
     896 000007f0 0210095A             INTSP   .L2     B4,B4             ; |203| 
     897 000007f4 00004000             NOP             3
     898                    
     899 000007f8 00000029!            MVKL    .S1     __divf,A0         ; |203| 
     900 000007fc 02101E00  ||         MPYSP   .M1X    A0,B4,A4          ; |203| 
     901                    
     902 00000800 00000068!            MVKH    .S1     __divf,A0         ; |203| 
     903 00000804 00001362             B       .S2X    A0                ; |203| 
     904 00000808 020008C2             ZERO    .D2     B4                ; |203| 
     905 0000080c 0221646A             MVKH    .S2     0x42c80000,B4     ; |203| 
     906 00000810 00004000             NOP             3
     907 00000814           RL6:       ; CALL OCCURS                     ; |203| 
     908 00000814 020008C2             ZERO    .D2     B4                ; |203| 
     909 00000818 021F806A             MVKH    .S2     0x3f000000,B4     ; |203| 
     910 0000081c 00109218             ADDSP   .L1X    B4,A4,A0          ; |203| 
     911 00000820 0200002A'            MVKL    .S2     _InitEXINTF,B4    ; |208| 
     912 00000824 01842E2A'            MVKL    .S2     RL8,B3            ; |208| 
     913 00000828 0180006A'            MVKH    .S2     RL8,B3            ; |208| 
     914 0000082c 00000178             SPTRUNC .L1     A0,A0             ; |203| 
     915 00000830 0200006A'            MVKH    .S2     _InitEXINTF,B4    ; |208| 
     916 00000834 00100362             B       .S2     B4                ; |208| 
     917 00000838 00000000             NOP             1
     918 0000083c 028011A2             MV      .S2X    A0,B5             ; |203| 
     919                    
     920 00000840 00040029             MVK     .S1     2048,A0           ; |206| 
     921 00000844 0300105B  ||         MV      .L2X    A0,B6             ; |203| 
     922 00000848 02840053  ||         ADDK    .S2     2048,B5           ; |205| 
     923 0000084c 003CC2F4  ||         STW     .D2T1   A0,*+SP(24)       ; |203| 
     924                    
     925 00000850 029812FB             SUB     .L2X    A0,B6,B5          ; |206| 
     926 00000854 02BD02F6  ||         STW     .D2T2   B5,*+SP(32)       ; |205| 
     927                    
     928 00000858 02BD22F6             STW     .D2T2   B5,*+SP(36)       ; |206| 
     929 0000085c           RL8:       ; CALL OCCURS                     ; |208| 
     930 0000085c 00002028'            MVKL    .S1     _InitTimer,A0     ; |209| 
     931 00000860 00000068'            MVKH    .S1     _InitTimer,A0     ; |209| 
     932 00000864 00001362             B       .S2X    A0                ; |209| 
     933 00000868 01843A2A'            MVKL    .S2     RL10,B3           ; |209| 
     934 0000086c 0180006A'            MVKH    .S2     RL10,B3           ; |209| 
     935 00000870 00004000             NOP             3
TMS320C6x COFF Assembler         Version 4.10     Mon May 25 14:24:59 2026
Copyright (c) 1996-2001 Texas Instruments Incorporated
temp\main.asm                                                        PAGE   18

     936 00000874           RL10:      ; CALL OCCURS                     ; |209| 
     937 00000874 00000028!            MVKL    .S1     _InitUART,A0      ; |210| 
     938 00000878 00000068!            MVKH    .S1     _InitUART,A0      ; |210| 
     939 0000087c 00001362             B       .S2X    A0                ; |210| 
     940 00000880 0184462A'            MVKL    .S2     RL12,B3           ; |210| 
     941 00000884 0180006A'            MVKH    .S2     RL12,B3           ; |210| 
     942 00000888 00004000             NOP             3
     943 0000088c           RL12:      ; CALL OCCURS                     ; |210| 
     944 0000088c 00004028'            MVKL    .S1     _InitINT,A0       ; |211| 
     945 00000890 00000068'            MVKH    .S1     _InitINT,A0       ; |211| 
     946 00000894 00001362             B       .S2X    A0                ; |211| 
     947 00000898 0184522A'            MVKL    .S2     RL14,B3           ; |211| 
     948 0000089c 0180006A'            MVKH    .S2     RL14,B3           ; |211| 
     949 000008a0 00004000             NOP             3
     950 000008a4           RL14:      ; CALL OCCURS                     ; |211| 
     951 000008a4 0200002A!            MVKL    .S2     _InitUSBMon,B4    ; |212| 
     952 000008a8 0200006A!            MVKH    .S2     _InitUSBMon,B4    ; |212| 
     953 000008ac 00100362             B       .S2     B4                ; |212| 
     954 000008b0 01845E2A'            MVKL    .S2     RL16,B3           ; |212| 
     955 000008b4 0180006A'            MVKH    .S2     RL16,B3           ; |212| 
     956 000008b8 00004000             NOP             3
     957 000008bc           RL16:      ; CALL OCCURS                     ; |212| 
     958 000008bc 01800028!            MVKL    .S1     _sprintf,A3       ; |214| 
     959 000008c0 01800068!            MVKH    .S1     _sprintf,A3       ; |214| 
     960 000008c4 000C1362             B       .S2X    A3                ; |214| 
     961 000008c8 00000028+            MVKL    .S1     SL1+0,A0          ; |214| 
     962 000008cc 00000068+            MVKH    .S1     SL1+0,A0          ; |214| 
     963 000008d0 02000028!            MVKL    .S1     _tmp_string,A4    ; |214| 
     964 000008d4 0184762A'            MVKL    .S2     RL18,B3           ; |214| 
     965                    
     966 000008e0 003C22F5             STW     .D2T1   A0,*+SP(4)        ; |214| 
     967 000008e4 02000069! ||         MVKH    .S1     _tmp_string,A4    ; |214| 
     968 000008e8 0180006A' ||         MVKH    .S2     RL18,B3           ; |214| 
     969                    
     970 000008ec           RL18:      ; CALL OCCURS                     ; |214| 
     971 000008ec 0200002A!            MVKL    .S2     _Report,B4        ; |214| 
     972 000008f0 0200006A!            MVKH    .S2     _Report,B4        ; |214| 
     973 000008f4 00100362             B       .S2     B4                ; |214| 
     974 000008f8 0184822A'            MVKL    .S2     RL20,B3           ; |214| 
     975 000008fc 0180006A'            MVKH    .S2     RL20,B3           ; |214| 
     976 00000900 00004000             NOP             3
     977 00000904           RL20:      ; CALL OCCURS                     ; |214| 
     978 00000904 00000028!            MVKL    .S1     _sprintf,A0       ; |215| 
     979 00000908 00000068!            MVKH    .S1     _sprintf,A0       ; |215| 
     980 0000090c 00001362             B       .S2X    A0                ; |215| 
     981 00000910 0203F528             MVK     .S1     2026,A4           ; |215| 
     982 00000914 01849C2A'            MVKL    .S2     RL22,B3           ; |215| 
     983                    
     984 00000918 0200002B!            MVKL    .S2     _tmp_string,B4    ; |215| 
     985 0000091c 018002A8+ ||         MVKL    .S1     SL2+0,A3          ; |215| 
     986                    
     987 00000920 023C42F5             STW     .D2T1   A4,*+SP(8)        ; |215| 
     988 00000924 0200006B! ||         MVKH    .S2     _tmp_string,B4    ; |215| 
     989 00000928 01800068+ ||         MVKH    .S1     SL2+0,A3          ; |215| 
     990                    
TMS320C6x COFF Assembler         Version 4.10     Mon May 25 14:24:59 2026
Copyright (c) 1996-2001 Texas Instruments Incorporated
temp\main.asm                                                        PAGE   19

     991 0000092c 021011A1             MV      .S1X    B4,A4             ; |215| 
     992 00000930 01BC22F5  ||         STW     .D2T1   A3,*+SP(4)        ; |215| 
     993 00000934 0180006A' ||         MVKH    .S2     RL22,B3           ; |215| 
     994                    
     995 00000938           RL22:      ; CALL OCCURS                     ; |215| 
     996 00000938 0200002A!            MVKL    .S2     _Report,B4        ; |215| 
     997 0000093c 0200006A!            MVKH    .S2     _Report,B4        ; |215| 
     998 00000940 00100362             B       .S2     B4                ; |215| 
     999 00000944 0184A82A'            MVKL    .S2     RL24,B3           ; |215| 
    1000 00000948 0180006A'            MVKH    .S2     RL24,B3           ; |215| 
    1001 0000094c 00004000             NOP             3
    1002 00000950           RL24:      ; CALL OCCURS                     ; |215| 
    1003 00000950 00000F28+            MVKL    .S1     SL3+0,A0          ; |216| 
    1004                    
    1005 00000954 0201FE2B             MVKL    .S2     0x20003fc,B4      ; |216| 
    1006 00000958 00000068+ ||         MVKH    .S1     SL3+0,A0          ; |216| 
    1007                    
    1008 00000960 0201006B             MVKH    .S2     0x20003fc,B4      ; |216| 
    1009 00000964 003C22F4  ||         STW     .D2T1   A0,*+SP(4)        ; |216| 
    1010                    
    1011 00000968 021002E6             LDW     .D2T2   *B4,B4            ; |216| 
    1012 0000096c 0001FE28             MVKL    .S1     0x20003fc,A0      ; |216| 
    1013 00000970 00010068             MVKH    .S1     0x20003fc,A0      ; |216| 
    1014 00000974 02000028!            MVKL    .S1     _tmp_string,A4    ; |216| 
    1015 00000978 0184D42A'            MVKL    .S2     RL26,B3           ; |216| 
    1016 0000097c 0212180A             EXTU    .S2     B4,16,24,B4       ; |216| 
    1017 00000980 023C42F6             STW     .D2T2   B4,*+SP(8)        ; |216| 
    1018 00000984 0200002A!            MVKL    .S2     _sprintf,B4       ; |216| 
    1019                    
    1020 00000988 0200006B!            MVKH    .S2     _sprintf,B4       ; |216| 
    1021 0000098c 00000264  ||         LDW     .D1T1   *A0,A0            ; |216| 
    1022                    
    1023 00000990 00100362             B       .S2     B4                ; |216| 
    1024 00000994 0180006A'            MVKH    .S2     RL26,B3           ; |216| 
    1025 00000998 02000068!            MVKH    .S1     _tmp_string,A4    ; |216| 
    1026 0000099c 00000000             NOP             1
    1027 000009a0 00031808             EXTU    .S1     A0,24,24,A0       ; |216| 
    1028 000009a4 003C62F4             STW     .D2T1   A0,*+SP(12)       ; |216| 
    1029 000009a8           RL26:      ; CALL OCCURS                     ; |216| 
    1030                    ;** --------------------------------------------------------------------------*
    1031 000009a8 00000028!            MVKL    .S1     _Report,A0        ; |216| 
    1032 000009ac 00000068!            MVKH    .S1     _Report,A0        ; |216| 
    1033 000009b0 00001362             B       .S2X    A0                ; |216| 
    1034 000009b4 0184E02A'            MVKL    .S2     RL28,B3           ; |216| 
    1035 000009b8 0180006A'            MVKH    .S2     RL28,B3           ; |216| 
    1036 000009bc 00004000             NOP             3
    1037 000009c0           RL28:      ; CALL OCCURS                     ; |216| 
    1038 000009c0 03004C2A'            MVKL    .S2     _GIE,B6           ; |222| 
    1039 000009c4 0300006A'            MVKH    .S2     _GIE,B6           ; |222| 
    1040 000009c8 00180362             B       .S2     B6                ; |222| 
    1041 000009cc 0200002A!            MVKL    .S2     _TFlag,B4         ; |218| 
    1042 000009d0 00008228             MVKL    .S1     0x2000104,A0      ; |220| 
    1043                    
    1044 000009d4 028428C3             ZERO    .D2     B5                ; |218| 
    1045 000009d8 0200006B! ||         MVKH    .S2     _TFlag,B4         ; |218| 
TMS320C6x COFF Assembler         Version 4.10     Mon May 25 14:24:59 2026
Copyright (c) 1996-2001 Texas Instruments Incorporated
temp\main.asm                                                        PAGE   20

    1046 000009dc 018000A8  ||         MVK     .S1     1,A3              ; |220| 
    1047                    
    1048 000009e0 00010069             MVKH    .S1     0x2000104,A0      ; |220| 
    1049 000009e4 0184FA2B' ||         MVKL    .S2     RL30,B3           ; |222| 
    1050 000009e8 029002F6  ||         STW     .D2T2   B5,*B4            ; |218| 
    1051                    
    1052 000009ec 0180006B'            MVKH    .S2     RL30,B3           ; |222| 
    1053 000009f0 01800274  ||         STW     .D1T1   A3,*A0            ; |220| 
    1054                    
    1055 000009f4           RL30:      ; CALL OCCURS                     ; |222| 
    1056 000009f4 0000DC28'            MVKL    .S1     _WaitTFlagCnt,A0  ; |224| 
    1057 000009f8 00000068'            MVKH    .S1     _WaitTFlagCnt,A0  ; |224| 
    1058 000009fc 00001362             B       .S2X    A0                ; |224| 
    1059 00000a00 0185082A'            MVKL    .S2     RL32,B3           ; |224| 
    1060 00000a04 02003228             MVK     .S1     0x64,A4           ; |224| 
    1061 00000a08 0180006A'            MVKH    .S2     RL32,B3           ; |224| 
    1062 00000a0c 00002000             NOP             2
    1063 00000a10           RL32:      ; CALL OCCURS                     ; |224| 
    1064 00000a10 0201202A'            MVKL    .S2     _BLDCDrive,B4     ; |350| 
    1065                    
    1066 00000a14 0200006B'            MVKH    .S2     _BLDCDrive,B4     ; |350| 
    1067 00000a18 00000628- ||         MVKL    .S1     _duty,A0          ; |350| 
    1068                    
    1069                    ;*----------------------------------------------------------------------------*
    1070                    ;*   SOFTWARE PIPELINE INFORMATION
    1071                    ;*      Disqualified loop: software pipelining disabled
    1072                    ;*----------------------------------------------------------------------------*
    1073 00000a20           L13:    
    1074                    
    1075 00000a20 00100363             B       .S2     B4                ; |350| 
    1076 00000a24 00000068- ||         MVKH    .S1     _duty,A0          ; |350| 
    1077                    
    1078 00000a28 02000264             LDW     .D1T1   *A0,A4            ; |350| 
    1079 00000a2c 01851C2A'            MVKL    .S2     RL48,B3           ; |350| 
    1080 00000a30 0180006A'            MVKH    .S2     RL48,B3           ; |350| 
    1081 00000a34 00002000             NOP             2
    1082 00000a38           RL48:      ; CALL OCCURS                     ; |350| 
    1083 00000a38 00000010             B       .S1     L13               ; |351| 
    1084 00000a3c 0201202A'            MVKL    .S2     _BLDCDrive,B4     ; |350| 
    1085 00000a40 00000628-            MVKL    .S1     _duty,A0          ; |350| 
    1086 00000a44 0200006A'            MVKH    .S2     _BLDCDrive,B4     ; |350| 
    1087 00000a48 00002000             NOP             2
    1088                               ; BRANCH OCCURS                   ; |351| 
    1089                    
    1090                    
    1091                    ;******************************************************************************
    1092                    ;* STRINGS                                                                    *
    1093                    ;******************************************************************************
    1094 00000000                   .sect   ".const"
    1095 00000000 0000000D  SL1:    .string 13,10,13,10,0
         00000001 0000000A 
         00000002 0000000D 
         00000003 0000000A 
         00000004 00000000 
    1096 00000005 0000004D  SL2:    .string "Mechatronics Course %d",13,10,0
TMS320C6x COFF Assembler         Version 4.10     Mon May 25 14:24:59 2026
Copyright (c) 1996-2001 Texas Instruments Incorporated
temp\main.asm                                                        PAGE   21

         00000006 00000065 
         00000007 00000063 
         00000008 00000068 
         00000009 00000061 
         0000000a 00000074 
         0000000b 00000072 
         0000000c 0000006F 
         0000000d 0000006E 
         0000000e 00000069 
         0000000f 00000063 
         00000010 00000073 
         00000011 00000020 
         00000012 00000043 
         00000013 0000006F 
         00000014 00000075 
         00000015 00000072 
         00000016 00000073 
         00000017 00000065 
         00000018 00000020 
         00000019 00000025 
         0000001a 00000064 
         0000001b 0000000D 
         0000001c 0000000A 
         0000001d 00000000 
    1097 0000001e 00000046  SL3:    .string "FPGA Ver. %2x.%02x",13,10,0
         0000001f 00000050 
         00000020 00000047 
         00000021 00000041 
         00000022 00000020 
         00000023 00000056 
         00000024 00000065 
         00000025 00000072 
         00000026 0000002E 
         00000027 00000020 
         00000028 00000025 
         00000029 00000032 
         0000002a 00000078 
         0000002b 0000002E 
         0000002c 00000025 
         0000002d 00000030 
         0000002e 00000032 
         0000002f 00000078 
         00000030 0000000D 
         00000031 0000000A 
         00000032 00000000 
    1098                    ;******************************************************************************
    1099                    ;* UNDEFINED EXTERNAL REFERENCES                                              *
    1100                    ;******************************************************************************
    1101                            .global _sprintf
    1102                            .global _InitUART
    1103                            .global _Report
    1104                            .global _InitUSBMon
    1105                            .global _tmp_string
    1106                            .global _TFlag
    1107                            .global __divf
TMS320C6x COFF Assembler         Version 4.10     Mon May 25 14:24:59 2026
Copyright (c) 1996-2001 Texas Instruments Incorporated
temp\main.asm                                                        PAGE   22


No Assembly Errors, No Assembly Warnings
