TMS320C6x COFF Assembler         Version 4.10     Wed May 06 10:19:21 2026
Copyright (c) 1996-2001 Texas Instruments Incorporated
temp\serial.asm                                                      PAGE    1

       1                    ;******************************************************************************
       2                    ;* TMS320C6x ANSI C Codegen                                      Version 4.10 *
       3                    ;* Date/Time created: Wed May 06 10:19:21 2026                                *
       4                    ;******************************************************************************
       5                    
       6                    ;******************************************************************************
       7                    ;* GLOBAL FILE PARAMETERS                                                     *
       8                    ;*                                                                            *
       9                    ;*   Architecture      : TMS320C670x                                          *
      10                    ;*   Optimization      : Disabled                                             *
      11                    ;*   Optimizing for    : Compile time, Ease of Development                    *
      12                    ;*                       Based on options: no -o, no -ms                      *
      13                    ;*   Endian            : Little                                               *
      14                    ;*   Interrupt Thrshld : Disabled                                             *
      15                    ;*   Memory Model      : Large                                                *
      16                    ;*   Calls to RTS      : Far                                                  *
      17                    ;*   Pipelining        : Disabled                                             *
      18                    ;*   Memory Aliases    : Presume are aliases (pessimistic)                    *
      19                    ;*   Debug Info        : No Debug Info                                        *
      20                    ;*                                                                            *
      21                    ;******************************************************************************
      22                    
      23                            .asg    A15, FP
      24                            .asg    B14, DP
      25                            .asg    B15, SP
      26                            .global $bss
      27                    
      28                            .global _compacket
      29 00000000           _compacket:     .usect  .far,236,4
      30                            .global _respacket
      31 000000ec           _respacket:     .usect  .far,212,4
      32                            .global _tmp_string
      33 000001c0           _tmp_string:    .usect  .far,200,4
      34                    ;       acp6x -q -D_FAR_RTS=1 --large_model=3 --version=6701 -m --i_output_file C:\Users\W10\AppData\L
      35 00000000                   .sect   ".text"
      36                            .global _InitUART
      37                    
      38                    ;******************************************************************************
      39                    ;* FUNCTION NAME: _InitUART                                                   *
      40                    ;*                                                                            *
      41                    ;*   Regs Modified     : A0,A3,B0,B1,B2,B4,B5,B6,B7,B8,B9,SP                  *
      42                    ;*   Regs Used         : A0,A3,B0,B1,B2,B3,B4,B5,B6,B7,B8,B9,SP               *
      43                    ;*   Local Frame Size  : 0 Args + 4 Auto + 0 Save = 4 byte                    *
      44                    ;******************************************************************************
      45 00000000           _InitUART:
      46                    ;** --------------------------------------------------------------------------*
      47 00000000 02003C2A-            MVKL    .S2     _compacket+120,B4 ; |22| 
      48 00000004 04003E2A-            MVKL    .S2     _compacket+124,B8 ; |23| 
      49 00000008 0380742A-            MVKL    .S2     _compacket+232,B7 ; |24| 
      50 0000000c 0480DE2A-            MVKL    .S2     _respacket+208,B9 ; |25| 
      51 00000010 0280062A             MVKL    .S2     0x200000c,B5      ; |27| 
      52 00000014 0000022A             MVKL    .S2     0x2000004,B0      ; |29| 
      53 00000018 0080062A             MVKL    .S2     0x200000c,B1      ; |31| 
      54 0000001c 0200006A-            MVKH    .S2     _compacket+120,B4 ; |22| 
      55 00000020 0400006A-            MVKH    .S2     _compacket+124,B8 ; |23| 
TMS320C6x COFF Assembler         Version 4.10     Wed May 06 10:19:21 2026
Copyright (c) 1996-2001 Texas Instruments Incorporated
temp\serial.asm                                                      PAGE    2

      56 00000024 0380006A-            MVKH    .S2     _compacket+232,B7 ; |24| 
      57                    
      58 00000028 0480006B-            MVKH    .S2     _respacket+208,B9 ; |25| 
      59 0000002c 01800028- ||         MVKL    .S1     _compacket,A3     ; |22| 
      60                    
      61 00000030 0281006B             MVKH    .S2     0x200000c,B5      ; |27| 
      62 00000034 00000029- ||         MVKL    .S1     _compacket,A0     ; |23| 
      63 00000038 030428C2  ||         ZERO    .D2     B6                ; |28| 
      64                    
      65 00000040 0301006B             MVKH    .S2     0x2000000,B6      ; |28| 
      66 00000044 01800068- ||         MVKH    .S1     _compacket,A3     ; |22| 
      67                    
      68 00000048 0001006B             MVKH    .S2     0x2000004,B0      ; |29| 
      69 0000004c 019002F5  ||         STW     .D2T1   A3,*B4            ; |22| 
      70 00000050 00000068- ||         MVKH    .S1     _compacket,A0     ; |23| 
      71                    
      72 00000054 002002F5             STW     .D2T1   A0,*B8            ; |23| 
      73 00000058 0081006B  ||         MVKH    .S2     0x200000c,B1      ; |31| 
      74 0000005c 010840FA  ||         ZERO    .L2     B2                ; |24| 
      75                    
      76 00000060 011C02F7             STW     .D2T2   B2,*B7            ; |24| 
      77 00000064 000428C1  ||         ZERO    .D1     A0                ; |25| 
      78 00000068 0200042A  ||         MVKL    .S2     0x2000008,B4      ; |32| 
      79                    
      80 0000006c 00004029             MVK     .S1     128,A0            ; |27| 
      81 00000070 002402F5  ||         STW     .D2T1   A0,*B9            ; |25| 
      82 00000074 0201006A  ||         MVKH    .S2     0x2000008,B4      ; |32| 
      83                    
      84 00000080 00000329             MVK     .S1     6,A0              ; |28| 
      85 00000084 001402F5  ||         STW     .D2T1   A0,*B5            ; |27| 
      86 00000088 0400042A  ||         MVKL    .S2     0x2000008,B8      ; |33| 
      87                    
      88 0000008c 030420FB             ZERO    .L2     B6                ; |29| 
      89 00000090 001802F5  ||         STW     .D2T1   A0,*B6            ; |28| 
      90 00000094 0401006A  ||         MVKH    .S2     0x2000008,B8      ; |33| 
      91                    
      92 000000a0 030002F7             STW     .D2T2   B6,*B0            ; |29| 
      93 000000a4 000001A9  ||         MVK     .S1     3,A0              ; |31| 
      94 000000a8 0380022A  ||         MVKL    .S2     0x2000004,B7      ; |34| 
      95                    
      96 000000ac 000000A9             MVK     .S1     1,A0              ; |32| 
      97 000000b0 000402F5  ||         STW     .D2T1   A0,*B1            ; |31| 
      98 000000b4 0381006A  ||         MVKH    .S2     0x2000004,B7      ; |34| 
      99                    
     100 000000c0 000003A9             MVK     .S1     7,A0              ; |33| 
     101 000000c4 001002F5  ||         STW     .D2T1   A0,*B4            ; |32| 
     102 000000c8 0480082A  ||         MVKL    .S2     0x2000010,B9      ; |35| 
     103                    
     104 000000cc 000000A9             MVK     .S1     1,A0              ; |34| 
     105 000000d0 002002F5  ||         STW     .D2T1   A0,*B8            ; |33| 
     106 000000d4 0481006A  ||         MVKH    .S2     0x2000010,B9      ; |35| 
     107                    
     108 000000e0 000428C1             ZERO    .D1     A0                ; |37| 
     109 000000e4 001C02F5  ||         STW     .D2T1   A0,*B7            ; |34| 
     110 000000e8 0280042A  ||         MVK     .S2     8,B5              ; |35| 
TMS320C6x COFF Assembler         Version 4.10     Wed May 06 10:19:21 2026
Copyright (c) 1996-2001 Texas Instruments Incorporated
temp\serial.asm                                                      PAGE    3

     111                    
     112 000000ec 02A402F7             STW     .D2T2   B5,*B9            ; |35| 
     113 000000f0 00010068  ||         MVKH    .S1     0x2000000,A0      ; |37| 
     114                    
     115 000000f4 000C0363             B       .S2     B3                ; |38| 
     116 000000f8 00000264  ||         LDW     .D1T1   *A0,A0            ; |37| 
     117                    
     118 000000fc 07BD09C2             SUB     .D2     SP,8,SP           ; |19| 
     119 00000100 00004000             NOP             3
     120                    
     121 00000104 07BD01A3             ADD     .S2     8,SP,SP           ; |38| 
     122 00000108 003C22F4  ||         STW     .D2T1   A0,*+SP(4)        ; |37| 
     123                    
     124                               ; BRANCH OCCURS                   ; |38| 
     125                    
     126                    
     127 0000010c                   .sect   ".text"
     128                            .global _ReceiveByte
     129                    
     130                    ;******************************************************************************
     131                    ;* FUNCTION NAME: _ReceiveByte                                                *
     132                    ;*                                                                            *
     133                    ;*   Regs Modified     : A0,A4                                                *
     134                    ;*   Regs Used         : A0,A4,B3                                             *
     135                    ;*   Local Frame Size  : 0 Args + 0 Auto + 0 Save = 0 byte                    *
     136                    ;******************************************************************************
     137 0000010c           _ReceiveByte:
     138                    ;** --------------------------------------------------------------------------*
     139 0000010c 000008C0             ZERO    .D1     A0                ; |42| 
     140 00000110 00010068             MVKH    .S1     0x2000000,A0      ; |42| 
     141 00000114 00000264             LDW     .D1T1   *A0,A0            ; |42| 
     142 00000118 000C0362             B       .S2     B3                ; |43| 
     143 0000011c 00004000             NOP             3
     144 00000120 00031808             EXTU    .S1     A0,24,24,A0       ; |42| 
     145 00000124 02031848             EXT     .S1     A0,24,24,A4       ; |42| 
     146                               ; BRANCH OCCURS                   ; |43| 
     147                    
     148                    
     149 00000128                   .sect   ".text"
     150                            .global _SendByte
     151                    
     152                    ;******************************************************************************
     153                    ;* FUNCTION NAME: _SendByte                                                   *
     154                    ;*                                                                            *
     155                    ;*   Regs Modified     : A0,A1,A2,A3,A4,A5,A6,A7,A8,A9,B0,B1,B2,B3,B4,B5,B6,  *
     156                    ;*                           B7,B8,B9,SP                                      *
     157                    ;*   Regs Used         : A0,A1,A2,A3,A4,A5,A6,A7,A8,A9,B0,B1,B2,B3,B4,B5,B6,  *
     158                    ;*                           B7,B8,B9,SP                                      *
     159                    ;*   Local Frame Size  : 0 Args + 4 Auto + 4 Save = 8 byte                    *
     160                    ;******************************************************************************
     161 00000128           _SendByte:
     162                    ;** --------------------------------------------------------------------------*
     163                    
     164 00000128 01BC54F7             STW     .D2T2   B3,*SP--(8)       ; |46| 
     165 0000012c 00000A28  ||         MVKL    .S1     0x2000014,A0      ; |47| 
TMS320C6x COFF Assembler         Version 4.10     Wed May 06 10:19:21 2026
Copyright (c) 1996-2001 Texas Instruments Incorporated
temp\serial.asm                                                      PAGE    4

     166                    
     167 00000130 023C82B5             STB     .D2T1   A4,*+SP(4)        ; |46| 
     168 00000134 00010068  ||         MVKH    .S1     0x2000014,A0      ; |47| 
     169                    
     170 00000138 00000264             LDW     .D1T1   *A0,A0            ; |47| 
     171 0000013c 00006000             NOP             4
     172 00000140 00833E08             EXTU    .S1     A0,25,30,A1       ; |47| 
     173 00000144 80000990     [ A1]   B       .S1     L2                ; |47| 
     174 00000148 00006000             NOP             4
     175 0000014c 823C82A6     [ A1]   LDB     .D2T2   *+SP(4),B4        ; |51| 
     176                               ; BRANCH OCCURS                   ; |47| 
     177                    ;*----------------------------------------------------------------------------*
     178                    ;*   SOFTWARE PIPELINE INFORMATION
     179                    ;*      Disqualified loop: software pipelining disabled
     180                    ;*----------------------------------------------------------------------------*
     181 00000150           L1:    
     182 00000150 0200002A!            MVKL    .S2     _delay_us,B4      ; |48| 
     183 00000154 0200006A!            MVKH    .S2     _delay_us,B4      ; |48| 
     184 00000158 00100362             B       .S2     B4                ; |48| 
     185 0000015c 0180B62A'            MVKL    .S2     RL0,B3            ; |48| 
     186 00000160 0180006A'            MVKH    .S2     RL0,B3            ; |48| 
     187 00000164 02000528             MVK     .S1     0xa,A4            ; |48| 
     188 00000168 00002000             NOP             2
     189 0000016c           RL0:       ; CALL OCCURS                     ; |48| 
     190 0000016c 00000A28             MVKL    .S1     0x2000014,A0      ; |49| 
     191 00000170 00010068             MVKH    .S1     0x2000014,A0      ; |49| 
     192 00000174 00000264             LDW     .D1T1   *A0,A0            ; |49| 
     193 00000178 00006000             NOP             4
     194 0000017c 00833E08             EXTU    .S1     A0,25,30,A1       ; |49| 
     195 00000180 9FFFFA10     [!A1]   B       .S1     L1                ; |49| 
     196 00000184 00006000             NOP             4
     197 00000188 823C82A6     [ A1]   LDB     .D2T2   *+SP(4),B4        ; |51| 
     198                               ; BRANCH OCCURS                   ; |49| 
     199                    ;** --------------------------------------------------------------------------*
     200 0000018c           L2:    
     201 0000018c 000008C0             ZERO    .D1     A0                ; |51| 
     202 00000190 00010068             MVKH    .S1     0x2000000,A0      ; |51| 
     203 00000194 00002000             NOP             2
     204 00000198 02000276             STW     .D1T2   B4,*A0            ; |51| 
     205 0000019c 01BC52E6             LDW     .D2T2   *++SP(8),B3       ; |52| 
     206 000001a0 00006000             NOP             4
     207 000001a4 000C0362             B       .S2     B3                ; |52| 
     208 000001a8 00008000             NOP             5
     209                               ; BRANCH OCCURS                   ; |52| 
     210                    
     211                    
     212 000001ac                   .sect   ".text"
     213                            .global _CheckSum
     214                    
     215                    ;******************************************************************************
     216                    ;* FUNCTION NAME: _CheckSum                                                   *
     217                    ;*                                                                            *
     218                    ;*   Regs Modified     : A0,A1,A2,A3,A4,A5,A6,A7,A8,A9,B0,B1,B2,B3,B4,B5,B6,  *
     219                    ;*                           B7,B8,B9,SP                                      *
     220                    ;*   Regs Used         : A0,A1,A2,A3,A4,A5,A6,A7,A8,A9,B0,B1,B2,B3,B4,B5,B6,  *
TMS320C6x COFF Assembler         Version 4.10     Wed May 06 10:19:21 2026
Copyright (c) 1996-2001 Texas Instruments Incorporated
temp\serial.asm                                                      PAGE    5

     221                    ;*                           B7,B8,B9,SP                                      *
     222                    ;*   Local Frame Size  : 0 Args + 8 Auto + 4 Save = 12 byte                   *
     223                    ;******************************************************************************
     224 000001ac           _CheckSum:
     225                    ;** --------------------------------------------------------------------------*
     226 000001ac 00000A10             B       .S1     L4                ; |59| 
     227                    
     228 000001b0 020425E3             ZERO    .S2     B4                ; |56| 
     229 000001b4 01BC94F6  ||         STW     .D2T2   B3,*SP--(16)      ; |55| 
     230                    
     231 000001b8 023C42F7             STW     .D2T2   B4,*+SP(8)        ; |59| 
     232 000001bc 00007228- ||         MVKL    .S1     _compacket+228,A0 ; |61| 
     233                    
     234 000001c0 00000069-            MVKH    .S1     _compacket+228,A0 ; |61| 
     235 000001c4 023C22F6  ||         STW     .D2T2   B4,*+SP(4)        ; |60| 
     236                    
     237 000001c8 00000264             LDW     .D1T1   *A0,A0            ; |61| 
     238 000001cc 00000000             NOP             1
     239                               ; BRANCH OCCURS                   ; |59| 
     240                    ;** --------------------------------------------------------------------------*
     241 000001d0           L3:    
     242 000001d0 02942942             ADD     .D2     1,B5,B5
     243 000001d4 02BC42F6             STW     .D2T2   B5,*+SP(8)        ; |61| 
     244 000001d8 00007228-            MVKL    .S1     _compacket+228,A0 ; |61| 
     245 000001dc 00000068-            MVKH    .S1     _compacket+228,A0 ; |61| 
     246 000001e0 021881E2             ADD     .S2     B4,B6,B4          ; |60| 
     247 000001e4 023C22F6             STW     .D2T2   B4,*+SP(4)        ; |60| 
     248 000001e8 00000264             LDW     .D1T1   *A0,A0            ; |61| 
     249 000001ec 00000000             NOP             1
     250                    ;*----------------------------------------------------------------------------*
     251                    ;*   SOFTWARE PIPELINE INFORMATION
     252                    ;*      Disqualified loop: software pipelining disabled
     253                    ;*----------------------------------------------------------------------------*
     254 000001f0           L4:    
     255 000001f0 02BC42E6             LDW     .D2T2   *+SP(8),B5        ; |61| 
     256 000001f4 0200402A-            MVKL    .S2     _compacket+128,B4 ; |61| 
     257 000001f8 0200006A-            MVKH    .S2     _compacket+128,B4 ; |61| 
     258 000001fc 021012FA             SUB     .L2X    A0,B4,B4          ; |61| 
     259 00000200 021049C2             SUB     .D2     B4,2,B4           ; |61| 
     260 00000204 0010AAFA             CMPLT   .L2     B5,B4,B0          ; |61| 
     261 00000208 2FFFFA10     [ B0]   B       .S1     L3                ; |61| 
     262 0000020c 3280002A!    [!B0]   MVKL    .S2     __remi,B5         ; |62| 
     263 00000210 3280006A!    [!B0]   MVKH    .S2     __remi,B5         ; |62| 
     264 00000214 2200402A-    [ B0]   MVKL    .S2     _compacket+128,B4 ; |60| 
     265                    
     266 00000218 233C22E7     [ B0]   LDW     .D2T2   *+SP(4),B6        ; |60| 
     267 0000021c 2200006A- || [ B0]   MVKH    .S2     _compacket+128,B4 ; |60| 
     268                    
     269 00000220 22148AA6     [ B0]   LDB     .D2T2   *+B5[B4],B4       ; |60| 
     270                               ; BRANCH OCCURS                   ; |61| 
     271                    ;** --------------------------------------------------------------------------*
     272 00000224 00140362             B       .S2     B5                ; |62| 
     273 00000228 023C22E4             LDW     .D2T1   *+SP(4),A4
     274 0000022c 01811E2A'            MVKL    .S2     RL2,B3            ; |62| 
     275 00000230 0180006A'            MVKH    .S2     RL2,B3            ; |62| 
TMS320C6x COFF Assembler         Version 4.10     Wed May 06 10:19:21 2026
Copyright (c) 1996-2001 Texas Instruments Incorporated
temp\serial.asm                                                      PAGE    6

     276 00000234 00000000             NOP             1
     277 00000238 0200322A             MVK     .S2     0x64,B4           ; |62| 
     278 0000023c           RL2:       ; CALL OCCURS                     ; |62| 
     279 0000023c 0200722A-            MVKL    .S2     _compacket+228,B4 ; |64| 
     280                    
     281 00000240 0200006B-            MVKH    .S2     _compacket+228,B4 ; |64| 
     282 00000244 023C22F4  ||         STW     .D2T1   A4,*+SP(4)        ; |62| 
     283                    
     284 00000248 029002E6             LDW     .D2T2   *B4,B5            ; |64| 
     285 0000024c 00007228-            MVKL    .S1     _compacket+228,A0 ; |65| 
     286 00000250 020008C2             ZERO    .D2     B4                ; |64| 
     287 00000254 00000068-            MVKH    .S1     _compacket+228,A0 ; |65| 
     288 00000258 01813E2A'            MVKL    .S2     RL4,B3            ; |65| 
     289 0000025c 021402B6             STB     .D2T2   B4,*B5            ; |64| 
     290                    
     291 00000260 00000029!            MVKL    .S1     _atoi,A0          ; |65| 
     292 00000264 01800264  ||         LDW     .D1T1   *A0,A3            ; |65| 
     293                    
     294 00000268 00000068!            MVKH    .S1     _atoi,A0          ; |65| 
     295 0000026c 00001362             B       .S2X    A0                ; |65| 
     296 00000270 0180006A'            MVKH    .S2     RL4,B3            ; |65| 
     297 00000274 00004000             NOP             3
     298 00000278 020C49C0             SUB     .D1     A3,2,A4           ; |65| 
     299 0000027c           RL4:       ; CALL OCCURS                     ; |65| 
     300 0000027c 023C22E6             LDW     .D2T2   *+SP(4),B4        ; |65| 
     301 00000280 01BC92E6             LDW     .D2T2   *++SP(16),B3      ; |71| 
     302 00000284 00006000             NOP             4
     303 00000288 000C0362             B       .S2     B3                ; |71| 
     304 0000028c 00109A7A             CMPEQ   .L2X    A4,B4,B0          ; |65| 
     305 00000290 020000A8             MVK     .S1     0x1,A4            ; |66| 
     306 00000294 320008C0     [!B0]   ZERO    .D1     A4                ; |69| 
     307 00000298 00002000             NOP             2
     308                               ; BRANCH OCCURS                   ; |71| 
     309                    
     310                    
     311 0000029c                   .sect   ".text"
     312                            .global _SendData
     313                    
     314                    ;******************************************************************************
     315                    ;* FUNCTION NAME: _SendData                                                   *
     316                    ;*                                                                            *
     317                    ;*   Regs Modified     : A0,A1,A2,A3,A4,A5,A6,A7,A8,A9,B0,B1,B2,B3,B4,B5,B6,  *
     318                    ;*                           B7,B8,B9,SP                                      *
     319                    ;*   Regs Used         : A0,A1,A2,A3,A4,A5,A6,A7,A8,A9,B0,B1,B2,B3,B4,B5,B6,  *
     320                    ;*                           B7,B8,B9,SP                                      *
     321                    ;*   Local Frame Size  : 0 Args + 0 Auto + 4 Save = 4 byte                    *
     322                    ;******************************************************************************
     323 0000029c           _SendData:
     324                    ;** --------------------------------------------------------------------------*
     325 0000029c 00000028!            MVKL    .S1     _strlen,A0        ; |76| 
     326                    
     327 000002a0 0200762B-            MVKL    .S2     _respacket,B4     ; |76| 
     328 000002a4 00000068! ||         MVKH    .S1     _strlen,A0        ; |76| 
     329                    
     330 000002a8 00001362             B       .S2X    A0                ; |76| 
TMS320C6x COFF Assembler         Version 4.10     Wed May 06 10:19:21 2026
Copyright (c) 1996-2001 Texas Instruments Incorporated
temp\serial.asm                                                      PAGE    7

     331 000002ac 0280DE2A-            MVKL    .S2     _respacket+208,B5 ; |75| 
     332                    
     333 000002b0 01816A2B'            MVKL    .S2     RL6,B3            ; |76| 
     334 000002b4 01BC54F6  ||         STW     .D2T2   B3,*SP--(8)       ; |74| 
     335                    
     336 000002b8 0200006A-            MVKH    .S2     _respacket,B4     ; |76| 
     337                    
     338 000002c0 0280006B-            MVKH    .S2     _respacket+208,B5 ; |75| 
     339 000002c4 018000A8  ||         MVK     .S1     1,A3              ; |75| 
     340                    
     341 000002c8 019402F5             STW     .D2T1   A3,*B5            ; |75| 
     342 000002cc 021011A1  ||         MV      .S1X    B4,A4             ; |76| 
     343 000002d0 0180006A' ||         MVKH    .S2     RL6,B3            ; |76| 
     344                    
     345 000002d4           RL6:       ; CALL OCCURS                     ; |76| 
     346                    
     347 000002d4 028000A9             MVK     .S1     1,A5              ; |77| 
     348 000002d8 0200DA2A- ||         MVKL    .S2     _respacket+200,B4 ; |76| 
     349                    
     350 000002e0 01807629-            MVKL    .S1     _respacket,A3     ; |78| 
     351 000002e4 001029C1  ||         SUB     .D1     A4,1,A0           ; |76| 
     352 000002e8 0200006A- ||         MVKH    .S2     _respacket+200,B4 ; |76| 
     353                    
     354 000002ec 00009429'            MVKL    .S1     _SendByte,A0      ; |78| 
     355 000002f0 001002F5  ||         STW     .D2T1   A0,*B4            ; |76| 
     356 000002f4 0280DC2A- ||         MVKL    .S2     _respacket+204,B5 ; |77| 
     357                    
     358 000002f8 00000069'            MVKH    .S1     _SendByte,A0      ; |78| 
     359 000002fc 0280006A- ||         MVKH    .S2     _respacket+204,B5 ; |77| 
     360                    
     361 00000300 00001363             B       .S2X    A0                ; |78| 
     362 00000304 029402F5  ||         STW     .D2T1   A5,*B5            ; |77| 
     363 00000308 01800068- ||         MVKH    .S1     _respacket,A3     ; |78| 
     364                    
     365 0000030c 020C0224             LDB     .D1T1   *A3,A4            ; |78| 
     366 00000310 01818E2A'            MVKL    .S2     RL8,B3            ; |78| 
     367 00000314 0180006A'            MVKH    .S2     RL8,B3            ; |78| 
     368 00000318 00002000             NOP             2
     369 0000031c           RL8:       ; CALL OCCURS                     ; |78| 
     370 0000031c 0200022A             MVKL    .S2     0x2000004,B4      ; |79| 
     371                    
     372 00000320 0201006B             MVKH    .S2     0x2000004,B4      ; |79| 
     373 00000324 000001A8  ||         MVK     .S1     3,A0              ; |79| 
     374                    
     375 00000328 001002F4             STW     .D2T1   A0,*B4            ; |79| 
     376 0000032c 01BC52E6             LDW     .D2T2   *++SP(8),B3       ; |80| 
     377 00000330 00006000             NOP             4
     378 00000334 000C0362             B       .S2     B3                ; |80| 
     379 00000338 00008000             NOP             5
     380                               ; BRANCH OCCURS                   ; |80| 
     381                    
     382                    
     383 0000033c                   .sect   ".text"
     384                            .global _Report
     385                    
TMS320C6x COFF Assembler         Version 4.10     Wed May 06 10:19:21 2026
Copyright (c) 1996-2001 Texas Instruments Incorporated
temp\serial.asm                                                      PAGE    8

     386                    ;******************************************************************************
     387                    ;* FUNCTION NAME: _Report                                                     *
     388                    ;*                                                                            *
     389                    ;*   Regs Modified     : A0,A1,A2,A3,A4,A5,A6,A7,A8,A9,B0,B1,B2,B3,B4,B5,B6,  *
     390                    ;*                           B7,B8,B9,SP                                      *
     391                    ;*   Regs Used         : A0,A1,A2,A3,A4,A5,A6,A7,A8,A9,B0,B1,B2,B3,B4,B5,B6,  *
     392                    ;*                           B7,B8,B9,SP                                      *
     393                    ;*   Local Frame Size  : 0 Args + 4 Auto + 4 Save = 8 byte                    *
     394                    ;******************************************************************************
     395 0000033c           _Report:
     396                    ;** --------------------------------------------------------------------------*
     397 0000033c 00000028!            MVKL    .S1     _strcpy,A0        ; |86| 
     398 00000340 00000068!            MVKH    .S1     _strcpy,A0        ; |86| 
     399 00000344 00001362             B       .S2X    A0                ; |86| 
     400 00000348 0200E02A-            MVKL    .S2     _tmp_string,B4    ; |86| 
     401 0000034c 01BC54F6             STW     .D2T2   B3,*SP--(8)       ; |83| 
     402 00000350 0181B42A'            MVKL    .S2     RL10,B3           ; |86| 
     403                    
     404 00000354 0200006B-            MVKH    .S2     _tmp_string,B4    ; |86| 
     405 00000358 02007628- ||         MVKL    .S1     _respacket,A4     ; |86| 
     406                    
     407 00000360 0180006B'            MVKH    .S2     RL10,B3           ; |86| 
     408 00000364 02000068- ||         MVKH    .S1     _respacket,A4     ; |86| 
     409                    
     410 00000368           RL10:      ; CALL OCCURS                     ; |86| 
     411 00000368 0200002A!            MVKL    .S2     _strlen,B4        ; |88| 
     412 0000036c 0200006A!            MVKH    .S2     _strlen,B4        ; |88| 
     413 00000370 00100362             B       .S2     B4                ; |88| 
     414 00000374 02007628-            MVKL    .S1     _respacket,A4     ; |88| 
     415 00000378 0181C62A'            MVKL    .S2     RL12,B3           ; |88| 
     416 0000037c 028008C2             ZERO    .D2     B5                ; |88| 
     417 00000380 02BC22F6             STW     .D2T2   B5,*+SP(4)        ; |88| 
     418                    
     419 00000384 02000069-            MVKH    .S1     _respacket,A4     ; |88| 
     420 00000388 0180006A' ||         MVKH    .S2     RL12,B3           ; |88| 
     421                    
     422 0000038c           RL12:      ; CALL OCCURS                     ; |88| 
     423 0000038c 023C22E6             LDW     .D2T2   *+SP(4),B4        ; |88| 
     424 00000390 00006000             NOP             4
     425 00000394 00109BFA             CMPLTU  .L2X    B4,A4,B0          ; |88| 
     426 00000398 30001710     [!B0]   B       .S1     L6                ; |88| 
     427 0000039c 31BC52E6     [!B0]   LDW     .D2T2   *++SP(8),B3       ; |92| 
     428 000003a0 22BC22E6     [ B0]   LDW     .D2T2   *+SP(4),B5        ; |89| 
     429 000003a4 20009428'    [ B0]   MVKL    .S1     _SendByte,A0      ; |89| 
     430 000003a8 2200762A-    [ B0]   MVKL    .S2     _respacket,B4     ; |89| 
     431                    
     432 000003ac 20000069'    [ B0]   MVKH    .S1     _SendByte,A0      ; |89| 
     433 000003b0 2200006A- || [ B0]   MVKH    .S2     _respacket,B4     ; |89| 
     434                    
     435                               ; BRANCH OCCURS                   ; |88| 
     436                    ;*----------------------------------------------------------------------------*
     437                    ;*   SOFTWARE PIPELINE INFORMATION
     438                    ;*      Disqualified loop: software pipelining disabled
     439                    ;*----------------------------------------------------------------------------*
     440 000003b4           L5:    
TMS320C6x COFF Assembler         Version 4.10     Wed May 06 10:19:21 2026
Copyright (c) 1996-2001 Texas Instruments Incorporated
temp\serial.asm                                                      PAGE    9

     441 000003b4 00001362             B       .S2X    A0                ; |89| 
     442 000003b8 02148AA4             LDB     .D2T1   *+B5[B4],A4       ; |89| 
     443 000003bc 0181E42A'            MVKL    .S2     RL14,B3           ; |89| 
     444 000003c0 0180006A'            MVKH    .S2     RL14,B3           ; |89| 
     445 000003c4 00002000             NOP             2
     446 000003c8           RL14:      ; CALL OCCURS                     ; |89| 
     447 000003c8 00000028!            MVKL    .S1     _delay_us,A0      ; |90| 
     448 000003cc 00000068!            MVKH    .S1     _delay_us,A0      ; |90| 
     449 000003d0 00001362             B       .S2X    A0                ; |90| 
     450 000003d4 0181F22A'            MVKL    .S2     RL16,B3           ; |90| 
     451 000003d8 02000528             MVK     .S1     0xa,A4            ; |90| 
     452 000003dc 0180006A'            MVKH    .S2     RL16,B3           ; |90| 
     453 000003e0 00002000             NOP             2
     454 000003e4           RL16:      ; CALL OCCURS                     ; |90| 
     455 000003e4 0200002A!            MVKL    .S2     _strlen,B4        ; |91| 
     456                    
     457 000003e8 02BC22E7             LDW     .D2T2   *+SP(4),B5        ; |91| 
     458 000003ec 0200006A! ||         MVKH    .S2     _strlen,B4        ; |91| 
     459                    
     460 000003f0 00100362             B       .S2     B4                ; |91| 
     461 000003f4 0182062A'            MVKL    .S2     RL18,B3           ; |91| 
     462 000003f8 02007628-            MVKL    .S1     _respacket,A4     ; |91| 
     463 000003fc 02000068-            MVKH    .S1     _respacket,A4     ; |91| 
     464 00000400 02942942             ADD     .D2     1,B5,B5           ; |91| 
     465                    
     466 00000404 02BC22F7             STW     .D2T2   B5,*+SP(4)        ; |91| 
     467 00000408 0180006A' ||         MVKH    .S2     RL18,B3           ; |91| 
     468                    
     469 0000040c           RL18:      ; CALL OCCURS                     ; |91| 
     470 0000040c 023C22E6             LDW     .D2T2   *+SP(4),B4        ; |91| 
     471 00000410 00006000             NOP             4
     472 00000414 009099F8             CMPLTU  .L1X    B4,A4,A1          ; |91| 
     473 00000418 8FFFF690     [ A1]   B       .S1     L5                ; |91| 
     474 0000041c 82BC22E6     [ A1]   LDW     .D2T2   *+SP(4),B5        ; |89| 
     475 00000420 91BC52E6     [!A1]   LDW     .D2T2   *++SP(8),B3       ; |92| 
     476 00000424 80009428'    [ A1]   MVKL    .S1     _SendByte,A0      ; |89| 
     477 00000428 8200762A-    [ A1]   MVKL    .S2     _respacket,B4     ; |89| 
     478                    
     479 0000042c 80000069'    [ A1]   MVKH    .S1     _SendByte,A0      ; |89| 
     480 00000430 8200006A- || [ A1]   MVKH    .S2     _respacket,B4     ; |89| 
     481                    
     482                               ; BRANCH OCCURS                   ; |91| 
     483                    ;** --------------------------------------------------------------------------*
     484 00000434 00000000             NOP             1
     485                    ;** --------------------------------------------------------------------------*
     486 00000438           L6:    
     487 00000438 000C0362             B       .S2     B3                ; |92| 
     488 0000043c 00008000             NOP             5
     489                               ; BRANCH OCCURS                   ; |92| 
     490                    
     491                    
     492                    ;******************************************************************************
     493                    ;* UNDEFINED EXTERNAL REFERENCES                                              *
     494                    ;******************************************************************************
     495                            .global _strlen
TMS320C6x COFF Assembler         Version 4.10     Wed May 06 10:19:21 2026
Copyright (c) 1996-2001 Texas Instruments Incorporated
temp\serial.asm                                                      PAGE   10

     496                            .global _strcpy
     497                            .global _atoi
     498                            .global _delay_us
     499                            .global __remi

No Assembly Errors, No Assembly Warnings
